#This file was generated using SimGrid-3.20.0
#[./a.out --cfg=smpi/privatization:1 --cfg=surf/precision:1e-9 --cfg=network/model:SMPI --cfg=tracing:yes --cfg=tracing/smpi:yes --cfg=tracing/smpi/internals:yes --cfg=tracing/uncategorized:yes --cfg=tracing/filename:trace_files/allgather_hypercube3D.trace ../platforms/hypercube-3d/config.xml smpitmp-appw2T3A9 ]
%EventDef PajeDefineContainerType 0
%       Alias string
%       Type string
%       Name string
%EndEventDef
%EventDef PajeDefineVariableType 1
%       Alias string
%       Type string
%       Name string
%       Color color
%EndEventDef
%EventDef PajeDefineStateType 2
%       Alias string
%       Type string
%       Name string
%EndEventDef
%EventDef PajeDefineEventType 3
%       Alias string
%       Type string
%       Name string
%EndEventDef
%EventDef PajeDefineLinkType 4
%       Alias string
%       Type string
%       StartContainerType string
%       EndContainerType string
%       Name string
%EndEventDef
%EventDef PajeDefineEntityValue 5
%       Alias string
%       Type string
%       Name string
%       Color color
%EndEventDef
%EventDef PajeCreateContainer 6
%       Time date
%       Alias string
%       Type string
%       Container string
%       Name string
%EndEventDef
%EventDef PajeDestroyContainer 7
%       Time date
%       Type string
%       Name string
%EndEventDef
%EventDef PajeSetVariable 8
%       Time date
%       Type string
%       Container string
%       Value double
%EndEventDef
%EventDef PajeAddVariable 9
%       Time date
%       Type string
%       Container string
%       Value double
%EndEventDef
%EventDef PajeSubVariable 10
%       Time date
%       Type string
%       Container string
%       Value double
%EndEventDef
%EventDef PajeSetState 11
%       Time date
%       Type string
%       Container string
%       Value string
%EndEventDef
%EventDef PajePushState 12
%       Time date
%       Type string
%       Container string
%       Value string
%EndEventDef
%EventDef PajePopState 13
%       Time date
%       Type string
%       Container string
%EndEventDef
%EventDef PajeResetState 14
%       Time date
%       Type string
%       Container string
%EndEventDef
%EventDef PajeStartLink 15
%       Time date
%       Type string
%       Container string
%       Value string
%       StartContainer string
%       Key string
%EndEventDef
%EventDef PajeEndLink 16
%       Time date
%       Type string
%       Container string
%       Value string
%       EndContainer string
%       Key string
%EndEventDef
%EventDef PajeNewEvent 17
%       Time date
%       Type string
%       Container string
%       Value string
%EndEventDef
0 1 0 MPI
2 2 1 MPI_STATE
4 3 0 1 1 MPI_LINK
4 4 0 1 1 MIGRATE_LINK
2 5 1 MIGRATE_STATE
0 6 0 HOST
6 0.000000 1 6 0 "host000"
1 7 6 power "1 1 1"
1 8 6 power_used "0.5 0.5 0.5"
6 0.000000 2 6 0 "host001"
6 0.000000 3 6 0 "host010"
6 0.000000 4 6 0 "host011"
6 0.000000 5 6 0 "host100"
6 0.000000 6 6 0 "host101"
6 0.000000 7 6 0 "host110"
6 0.000000 8 6 0 "host111"
0 9 0 LINK
6 0.000000 9 9 0 "link0"
1 10 9 bandwidth "1 1 1"
1 11 9 latency "1 1 1"
1 12 9 bandwidth_used "0.5 0.5 0.5"
4 13 0 9 6 0-LINK9-HOST6
4 14 0 6 9 0-HOST6-LINK9
4 15 0 9 9 0-LINK9-LINK9
8 0.000000 7 1 5000000000.000000
8 0.000000 7 2 5000000000.000000
8 0.000000 7 3 5000000000.000000
8 0.000000 7 4 5000000000.000000
8 0.000000 7 5 5000000000.000000
8 0.000000 7 6 5000000000.000000
8 0.000000 7 7 5000000000.000000
8 0.000000 7 8 5000000000.000000
8 0.000000 10 9 125000000.000000
8 0.000000 11 9 0.000100
15 0.000000 13 0 topology 9 0
16 0.000000 13 0 topology 2 0
15 0.000000 13 0 topology 9 1
16 0.000000 13 0 topology 3 1
15 0.000000 13 0 topology 9 2
16 0.000000 13 0 topology 4 2
15 0.000000 13 0 topology 9 3
16 0.000000 13 0 topology 5 3
15 0.000000 13 0 topology 9 4
16 0.000000 13 0 topology 6 4
15 0.000000 13 0 topology 9 5
16 0.000000 13 0 topology 7 5
15 0.000000 13 0 topology 9 6
16 0.000000 13 0 topology 8 6
15 0.000000 14 0 topology 1 7
16 0.000000 14 0 topology 9 7
15 0.000000 15 0 topology 9 8
16 0.000000 15 0 topology 9 8
6 0.000000 10 1 0 "rank-1"
5 16 2 PMPI_Init "0 1 0"
6 0.000000 11 1 0 "rank-2"
6 0.000000 12 1 0 "rank-3"
6 0.000000 13 1 0 "rank-4"
6 0.000000 14 1 0 "rank-5"
6 0.000000 15 1 0 "rank-6"
6 0.000000 16 1 0 "rank-7"
6 0.000000 17 1 0 "rank-8"
12 0.000000 2 10 16
13 0.000000 2 10
12 0.000000 2 11 16
13 0.000000 2 11
12 0.000000 2 12 16
13 0.000000 2 12
12 0.000000 2 13 16
13 0.000000 2 13
12 0.000000 2 14 16
13 0.000000 2 14
12 0.000000 2 15 16
13 0.000000 2 15
12 0.000000 2 16 16
13 0.000000 2 16
12 0.000000 2 17 16
13 0.000000 2 17
8 0.000000 8 5 0.000000
9 0.000000 8 5 5000000000.000000
8 0.000000 8 4 0.000000
9 0.000000 8 4 5000000000.000000
8 0.000000 8 3 0.000000
9 0.000000 8 3 5000000000.000000
8 0.000000 8 8 0.000000
9 0.000000 8 8 5000000000.000000
8 0.000000 8 2 0.000000
9 0.000000 8 2 5000000000.000000
8 0.000000 8 7 0.000000
9 0.000000 8 7 5000000000.000000
8 0.000000 8 6 0.000000
9 0.000000 8 6 5000000000.000000
8 0.000000 8 1 0.000000
9 0.000000 8 1 5000000000.000000
5 17 2 PMPI_Scatter "1 0.74 0.54"
5 18 2 PMPI_Allgather "1 0 0"
5 19 2 PMPI_Barrier "0 0.78 0.78"
5 20 2 PMPI_Finalize "0 1 0"
10 0.000000 8 5 5000000000.000000
10 0.000000 8 4 5000000000.000000
10 0.000000 8 3 5000000000.000000
10 0.000000 8 8 5000000000.000000
10 0.000000 8 2 5000000000.000000
10 0.000000 8 7 5000000000.000000
10 0.000000 8 6 5000000000.000000
10 0.000000 8 1 5000000000.000000
12 0.000000 2 14 17
12 0.000000 2 13 17
12 0.000000 2 12 17
12 0.000000 2 17 17
12 0.000000 2 11 17
12 0.000000 2 16 17
12 0.000000 2 15 17
12 0.000000 2 10 17
15 0.000000 3 0 PTP 10 1_2_-223_1
15 0.000000 3 0 PTP 10 1_3_-223_2
15 0.000000 3 0 PTP 10 1_4_-223_3
15 0.000000 3 0 PTP 10 1_5_-223_4
15 0.000000 3 0 PTP 10 1_6_-223_5
15 0.000000 3 0 PTP 10 1_7_-223_6
15 0.000000 3 0 PTP 10 1_8_-223_7
13 0.000000 2 10
9 0.000000 8 1 5000000000.000000
10 0.000000 8 1 5000000000.000000
12 0.000000 2 10 18
15 0.000000 3 0 PTP 10 1_2_-556_8
15 0.000000 3 0 PTP 10 1_3_-556_9
15 0.000000 3 0 PTP 10 1_4_-556_10
15 0.000000 3 0 PTP 10 1_5_-556_11
15 0.000000 3 0 PTP 10 1_6_-556_12
15 0.000000 3 0 PTP 10 1_7_-556_13
15 0.000000 3 0 PTP 10 1_8_-556_14
8 0.000100 12 9 0.000000
9 0.000100 12 9 38492063.492063
10 0.000100 12 9 38492063.492063
9 0.000100 12 9 1924603.174603
10 0.000100 12 9 1924603.174603
9 0.000100 12 9 38492063.492063
10 0.000100 12 9 38492063.492063
9 0.000100 12 9 1924603.174603
10 0.000100 12 9 1924603.174603
9 0.000100 12 9 38492063.492063
10 0.000100 12 9 38492063.492063
9 0.000100 12 9 1924603.174603
10 0.000100 12 9 1924603.174603
16 0.000100 3 0 PTP 14 1_5_-223_4
13 0.000100 2 14
16 0.000100 3 0 PTP 12 1_3_-223_2
13 0.000100 2 12
16 0.000100 3 0 PTP 11 1_2_-223_1
13 0.000100 2 11
9 0.000100 8 2 5000000000.000000
9 0.000100 8 3 5000000000.000000
9 0.000100 8 5 5000000000.000000
10 0.000100 8 2 5000000000.000000
10 0.000100 8 3 5000000000.000000
10 0.000100 8 5 5000000000.000000
12 0.000100 2 11 18
15 0.000100 3 0 PTP 11 2_1_-556_15
12 0.000100 2 12 18
15 0.000100 3 0 PTP 12 3_1_-556_16
12 0.000100 2 14 18
15 0.000100 3 0 PTP 14 5_1_-556_17
15 0.000100 3 0 PTP 11 2_3_-556_18
15 0.000100 3 0 PTP 12 3_2_-556_19
15 0.000100 3 0 PTP 14 5_2_-556_20
15 0.000100 3 0 PTP 11 2_4_-556_21
15 0.000100 3 0 PTP 12 3_4_-556_22
15 0.000100 3 0 PTP 14 5_3_-556_23
15 0.000100 3 0 PTP 11 2_5_-556_24
15 0.000100 3 0 PTP 12 3_5_-556_25
15 0.000100 3 0 PTP 14 5_4_-556_26
15 0.000100 3 0 PTP 11 2_6_-556_27
15 0.000100 3 0 PTP 12 3_6_-556_28
15 0.000100 3 0 PTP 14 5_6_-556_29
15 0.000100 3 0 PTP 11 2_7_-556_30
15 0.000100 3 0 PTP 12 3_7_-556_31
15 0.000100 3 0 PTP 14 5_7_-556_32
15 0.000100 3 0 PTP 11 2_8_-556_33
15 0.000100 3 0 PTP 12 3_8_-556_34
15 0.000100 3 0 PTP 14 5_8_-556_35
9 0.000200 12 9 19246031.746032
10 0.000200 12 9 19246031.746032
9 0.000200 12 9 19246031.746032
10 0.000200 12 9 19246031.746032
9 0.000200 12 9 962301.587302
10 0.000200 12 9 962301.587302
9 0.000200 12 9 962301.587302
10 0.000200 12 9 962301.587302
9 0.000200 12 9 19246031.746032
10 0.000200 12 9 19246031.746032
9 0.000200 12 9 19246031.746032
10 0.000200 12 9 19246031.746032
9 0.000200 12 9 962301.587302
10 0.000200 12 9 962301.587302
9 0.000200 12 9 962301.587302
10 0.000200 12 9 962301.587302
9 0.000200 12 9 19246031.746032
10 0.000200 12 9 19246031.746032
9 0.000200 12 9 19246031.746032
10 0.000200 12 9 19246031.746032
9 0.000200 12 9 962301.587302
10 0.000200 12 9 962301.587302
9 0.000200 12 9 962301.587302
10 0.000200 12 9 962301.587302
16 0.000200 3 0 PTP 16 1_7_-223_6
13 0.000200 2 16
16 0.000200 3 0 PTP 15 1_6_-223_5
13 0.000200 2 15
16 0.000200 3 0 PTP 13 1_4_-223_3
13 0.000200 2 13
9 0.000200 8 4 5000000000.000000
9 0.000200 8 6 5000000000.000000
9 0.000200 8 7 5000000000.000000
10 0.000200 8 4 5000000000.000000
10 0.000200 8 6 5000000000.000000
10 0.000200 8 7 5000000000.000000
12 0.000200 2 13 18
15 0.000200 3 0 PTP 13 4_1_-556_36
12 0.000200 2 15 18
15 0.000200 3 0 PTP 15 6_1_-556_37
12 0.000200 2 16 18
15 0.000200 3 0 PTP 16 7_1_-556_38
15 0.000200 3 0 PTP 13 4_2_-556_39
15 0.000200 3 0 PTP 15 6_2_-556_40
15 0.000200 3 0 PTP 16 7_2_-556_41
15 0.000200 3 0 PTP 13 4_3_-556_42
15 0.000200 3 0 PTP 15 6_3_-556_43
15 0.000200 3 0 PTP 16 7_3_-556_44
15 0.000200 3 0 PTP 13 4_5_-556_45
15 0.000200 3 0 PTP 15 6_4_-556_46
15 0.000200 3 0 PTP 16 7_4_-556_47
15 0.000200 3 0 PTP 13 4_6_-556_48
15 0.000200 3 0 PTP 15 6_5_-556_49
15 0.000200 3 0 PTP 16 7_5_-556_50
15 0.000200 3 0 PTP 13 4_7_-556_51
15 0.000200 3 0 PTP 15 6_7_-556_52
15 0.000200 3 0 PTP 16 7_6_-556_53
15 0.000200 3 0 PTP 13 4_8_-556_54
15 0.000200 3 0 PTP 15 6_8_-556_55
15 0.000200 3 0 PTP 16 7_8_-556_56
9 0.000300 12 9 38492063.492063
10 0.000300 12 9 38492063.492063
9 0.000300 12 9 38492063.492063
10 0.000300 12 9 38492063.492063
9 0.000300 12 9 38492063.492063
10 0.000300 12 9 38492063.492063
9 0.000300 12 9 1924603.174603
10 0.000300 12 9 1924603.174603
9 0.000300 12 9 1924603.174603
10 0.000300 12 9 1924603.174603
9 0.000300 12 9 1924603.174603
10 0.000300 12 9 1924603.174603
16 0.000300 3 0 PTP 17 1_8_-223_7
13 0.000300 2 17
9 0.000300 8 8 5000000000.000000
10 0.000300 8 8 5000000000.000000
12 0.000300 2 17 18
15 0.000300 3 0 PTP 17 8_1_-556_57
15 0.000300 3 0 PTP 17 8_2_-556_58
15 0.000300 3 0 PTP 17 8_3_-556_59
15 0.000300 3 0 PTP 17 8_4_-556_60
15 0.000300 3 0 PTP 17 8_5_-556_61
15 0.000300 3 0 PTP 17 8_6_-556_62
15 0.000300 3 0 PTP 17 8_7_-556_63
9 0.000301 12 9 19246031.746032
9 0.000301 12 9 962301.587302
9 0.000301 12 9 19246031.746032
9 0.000301 12 9 962301.587302
9 0.000301 12 9 19246031.746032
9 0.000301 12 9 962301.587302
9 0.000301 12 9 19246031.746032
9 0.000301 12 9 962301.587302
9 0.000301 12 9 19246031.746032
9 0.000301 12 9 962301.587302
9 0.000301 12 9 19246031.746032
9 0.000301 12 9 962301.587302
10 0.000302 12 9 19246031.746032
10 0.000302 12 9 962301.587302
10 0.000302 12 9 19246031.746032
10 0.000302 12 9 962301.587302
10 0.000302 12 9 19246031.746032
10 0.000302 12 9 962301.587302
10 0.000302 12 9 19246031.746032
10 0.000302 12 9 962301.587302
10 0.000302 12 9 19246031.746032
10 0.000302 12 9 962301.587302
10 0.000302 12 9 19246031.746032
10 0.000302 12 9 962301.587302
16 0.000302 3 0 PTP 14 1_5_-556_11
16 0.000302 3 0 PTP 12 1_3_-556_9
16 0.000302 3 0 PTP 11 1_2_-556_8
16 0.000302 3 0 PTP 10 5_1_-556_17
16 0.000302 3 0 PTP 10 2_1_-556_15
16 0.000302 3 0 PTP 10 3_1_-556_16
9 0.000401 12 9 9623015.873016
9 0.000401 12 9 481150.793651
9 0.000401 12 9 9623015.873016
9 0.000401 12 9 481150.793651
9 0.000401 12 9 9623015.873016
9 0.000401 12 9 481150.793651
9 0.000401 12 9 9623015.873016
9 0.000401 12 9 481150.793651
9 0.000401 12 9 9623015.873016
9 0.000401 12 9 481150.793651
9 0.000401 12 9 9623015.873016
9 0.000401 12 9 481150.793651
9 0.000401 12 9 9623015.873016
9 0.000401 12 9 481150.793651
9 0.000401 12 9 9623015.873016
9 0.000401 12 9 481150.793651
9 0.000401 12 9 9623015.873016
9 0.000401 12 9 481150.793651
9 0.000401 12 9 9623015.873016
9 0.000401 12 9 481150.793651
9 0.000401 12 9 9623015.873016
9 0.000401 12 9 481150.793651
9 0.000401 12 9 9623015.873016
9 0.000401 12 9 481150.793651
10 0.000402 12 9 9623015.873016
10 0.000402 12 9 481150.793651
10 0.000402 12 9 9623015.873016
10 0.000402 12 9 481150.793651
10 0.000402 12 9 9623015.873016
10 0.000402 12 9 481150.793651
10 0.000402 12 9 9623015.873016
10 0.000402 12 9 481150.793651
10 0.000402 12 9 9623015.873016
10 0.000402 12 9 481150.793651
10 0.000402 12 9 9623015.873016
10 0.000402 12 9 481150.793651
10 0.000402 12 9 9623015.873016
10 0.000402 12 9 481150.793651
10 0.000402 12 9 9623015.873016
10 0.000402 12 9 481150.793651
10 0.000402 12 9 9623015.873016
10 0.000402 12 9 481150.793651
10 0.000402 12 9 9623015.873016
10 0.000402 12 9 481150.793651
10 0.000402 12 9 9623015.873016
10 0.000402 12 9 481150.793651
10 0.000402 12 9 9623015.873016
10 0.000402 12 9 481150.793651
16 0.000402 3 0 PTP 16 5_7_-556_32
16 0.000402 3 0 PTP 15 5_6_-556_29
16 0.000402 3 0 PTP 14 7_5_-556_50
16 0.000402 3 0 PTP 13 3_4_-556_22
16 0.000402 3 0 PTP 12 7_3_-556_44
16 0.000402 3 0 PTP 11 6_2_-556_40
16 0.000402 3 0 PTP 16 3_7_-556_31
16 0.000402 3 0 PTP 15 2_6_-556_27
16 0.000402 3 0 PTP 14 6_5_-556_49
16 0.000402 3 0 PTP 13 2_4_-556_21
16 0.000402 3 0 PTP 12 4_3_-556_42
16 0.000402 3 0 PTP 11 4_2_-556_39
9 0.000501 12 9 19246031.746032
9 0.000501 12 9 962301.587302
9 0.000501 12 9 19246031.746032
9 0.000501 12 9 962301.587302
9 0.000501 12 9 19246031.746032
9 0.000501 12 9 962301.587302
9 0.000501 12 9 19246031.746032
9 0.000501 12 9 962301.587302
9 0.000501 12 9 19246031.746032
9 0.000501 12 9 962301.587302
9 0.000501 12 9 19246031.746032
9 0.000501 12 9 962301.587302
10 0.000502 12 9 19246031.746032
10 0.000502 12 9 962301.587302
10 0.000502 12 9 19246031.746032
10 0.000502 12 9 962301.587302
10 0.000502 12 9 19246031.746032
10 0.000502 12 9 962301.587302
10 0.000502 12 9 19246031.746032
10 0.000502 12 9 962301.587302
10 0.000502 12 9 19246031.746032
10 0.000502 12 9 962301.587302
10 0.000502 12 9 19246031.746032
10 0.000502 12 9 962301.587302
16 0.000502 3 0 PTP 17 7_8_-556_56
16 0.000502 3 0 PTP 16 8_7_-556_63
16 0.000502 3 0 PTP 15 8_6_-556_62
16 0.000502 3 0 PTP 13 8_4_-556_60
16 0.000502 3 0 PTP 17 4_8_-556_54
16 0.000502 3 0 PTP 17 6_8_-556_55
9 0.000503 12 9 9623015.873016
9 0.000503 12 9 9623015.873016
9 0.000503 12 9 481150.793651
9 0.000503 12 9 481150.793651
9 0.000503 12 9 9623015.873016
9 0.000503 12 9 9623015.873016
9 0.000503 12 9 481150.793651
9 0.000503 12 9 481150.793651
9 0.000503 12 9 9623015.873016
9 0.000503 12 9 9623015.873016
9 0.000503 12 9 481150.793651
9 0.000503 12 9 481150.793651
9 0.000503 12 9 9623015.873016
9 0.000503 12 9 9623015.873016
9 0.000503 12 9 481150.793651
9 0.000503 12 9 481150.793651
9 0.000503 12 9 9623015.873016
9 0.000503 12 9 9623015.873016
9 0.000503 12 9 481150.793651
9 0.000503 12 9 481150.793651
9 0.000503 12 9 9623015.873016
9 0.000503 12 9 9623015.873016
9 0.000503 12 9 481150.793651
9 0.000503 12 9 481150.793651
10 0.000503 12 9 9623015.873016
10 0.000503 12 9 9623015.873016
10 0.000503 12 9 481150.793651
10 0.000503 12 9 481150.793651
10 0.000503 12 9 9623015.873016
10 0.000503 12 9 9623015.873016
10 0.000503 12 9 481150.793651
10 0.000503 12 9 481150.793651
10 0.000503 12 9 9623015.873016
10 0.000503 12 9 9623015.873016
10 0.000503 12 9 481150.793651
10 0.000503 12 9 481150.793651
10 0.000503 12 9 9623015.873016
10 0.000503 12 9 9623015.873016
10 0.000503 12 9 481150.793651
10 0.000503 12 9 481150.793651
10 0.000503 12 9 9623015.873016
10 0.000503 12 9 9623015.873016
10 0.000503 12 9 481150.793651
10 0.000503 12 9 481150.793651
10 0.000503 12 9 9623015.873016
10 0.000503 12 9 9623015.873016
10 0.000503 12 9 481150.793651
10 0.000503 12 9 481150.793651
16 0.000503 3 0 PTP 12 5_3_-556_23
16 0.000503 3 0 PTP 11 5_2_-556_20
16 0.000503 3 0 PTP 14 3_5_-556_25
16 0.000503 3 0 PTP 12 2_3_-556_18
16 0.000503 3 0 PTP 11 3_2_-556_19
16 0.000503 3 0 PTP 14 2_5_-556_24
9 0.000603 12 9 4811507.936508
9 0.000603 12 9 4811507.936508
9 0.000603 12 9 240575.396825
9 0.000603 12 9 240575.396825
9 0.000603 12 9 4811507.936508
9 0.000603 12 9 4811507.936508
9 0.000603 12 9 240575.396825
9 0.000603 12 9 240575.396825
9 0.000603 12 9 4811507.936508
9 0.000603 12 9 4811507.936508
9 0.000603 12 9 240575.396825
9 0.000603 12 9 240575.396825
9 0.000603 12 9 4811507.936508
9 0.000603 12 9 4811507.936508
9 0.000603 12 9 240575.396825
9 0.000603 12 9 240575.396825
9 0.000603 12 9 4811507.936508
9 0.000603 12 9 4811507.936508
9 0.000603 12 9 240575.396825
9 0.000603 12 9 240575.396825
9 0.000603 12 9 4811507.936508
9 0.000603 12 9 4811507.936508
9 0.000603 12 9 240575.396825
9 0.000603 12 9 240575.396825
9 0.000603 12 9 4811507.936508
9 0.000603 12 9 4811507.936508
9 0.000603 12 9 240575.396825
9 0.000603 12 9 240575.396825
9 0.000603 12 9 4811507.936508
9 0.000603 12 9 4811507.936508
9 0.000603 12 9 240575.396825
9 0.000603 12 9 240575.396825
9 0.000603 12 9 4811507.936508
9 0.000603 12 9 4811507.936508
9 0.000603 12 9 240575.396825
9 0.000603 12 9 240575.396825
9 0.000603 12 9 4811507.936508
9 0.000603 12 9 4811507.936508
9 0.000603 12 9 240575.396825
9 0.000603 12 9 240575.396825
9 0.000603 12 9 4811507.936508
9 0.000603 12 9 4811507.936508
9 0.000603 12 9 240575.396825
9 0.000603 12 9 240575.396825
9 0.000603 12 9 4811507.936508
9 0.000603 12 9 4811507.936508
9 0.000603 12 9 240575.396825
9 0.000603 12 9 240575.396825
10 0.000604 12 9 4811507.936508
10 0.000604 12 9 4811507.936508
10 0.000604 12 9 240575.396825
10 0.000604 12 9 240575.396825
10 0.000604 12 9 4811507.936508
10 0.000604 12 9 4811507.936508
10 0.000604 12 9 240575.396825
10 0.000604 12 9 240575.396825
10 0.000604 12 9 4811507.936508
10 0.000604 12 9 4811507.936508
10 0.000604 12 9 240575.396825
10 0.000604 12 9 240575.396825
10 0.000604 12 9 4811507.936508
10 0.000604 12 9 4811507.936508
10 0.000604 12 9 240575.396825
10 0.000604 12 9 240575.396825
10 0.000604 12 9 4811507.936508
10 0.000604 12 9 4811507.936508
10 0.000604 12 9 240575.396825
10 0.000604 12 9 240575.396825
10 0.000604 12 9 4811507.936508
10 0.000604 12 9 4811507.936508
10 0.000604 12 9 240575.396825
10 0.000604 12 9 240575.396825
10 0.000604 12 9 4811507.936508
10 0.000604 12 9 4811507.936508
10 0.000604 12 9 240575.396825
10 0.000604 12 9 240575.396825
10 0.000604 12 9 4811507.936508
10 0.000604 12 9 4811507.936508
10 0.000604 12 9 240575.396825
10 0.000604 12 9 240575.396825
10 0.000604 12 9 4811507.936508
10 0.000604 12 9 4811507.936508
10 0.000604 12 9 240575.396825
10 0.000604 12 9 240575.396825
10 0.000604 12 9 4811507.936508
10 0.000604 12 9 4811507.936508
10 0.000604 12 9 240575.396825
10 0.000604 12 9 240575.396825
10 0.000604 12 9 4811507.936508
10 0.000604 12 9 4811507.936508
10 0.000604 12 9 240575.396825
10 0.000604 12 9 240575.396825
10 0.000604 12 9 4811507.936508
10 0.000604 12 9 4811507.936508
10 0.000604 12 9 240575.396825
10 0.000604 12 9 240575.396825
16 0.000604 3 0 PTP 16 6_7_-556_52
16 0.000604 3 0 PTP 15 7_6_-556_53
16 0.000604 3 0 PTP 13 7_4_-556_47
16 0.000604 3 0 PTP 10 7_1_-556_38
16 0.000604 3 0 PTP 16 1_7_-556_13
16 0.000604 3 0 PTP 15 1_6_-556_12
16 0.000604 3 0 PTP 13 1_4_-556_10
16 0.000604 3 0 PTP 10 4_1_-556_36
16 0.000604 3 0 PTP 16 4_7_-556_51
16 0.000604 3 0 PTP 15 4_6_-556_48
16 0.000604 3 0 PTP 13 6_4_-556_46
16 0.000604 3 0 PTP 10 6_1_-556_37
9 0.000703 12 9 9623015.873016
9 0.000703 12 9 9623015.873016
9 0.000703 12 9 481150.793651
9 0.000703 12 9 481150.793651
9 0.000703 12 9 9623015.873016
9 0.000703 12 9 9623015.873016
9 0.000703 12 9 481150.793651
9 0.000703 12 9 481150.793651
9 0.000703 12 9 9623015.873016
9 0.000703 12 9 9623015.873016
9 0.000703 12 9 481150.793651
9 0.000703 12 9 481150.793651
9 0.000703 12 9 9623015.873016
9 0.000703 12 9 9623015.873016
9 0.000703 12 9 481150.793651
9 0.000703 12 9 481150.793651
9 0.000703 12 9 9623015.873016
9 0.000703 12 9 9623015.873016
9 0.000703 12 9 481150.793651
9 0.000703 12 9 481150.793651
9 0.000703 12 9 9623015.873016
9 0.000703 12 9 9623015.873016
9 0.000703 12 9 481150.793651
9 0.000703 12 9 481150.793651
10 0.000703 12 9 9623015.873016
10 0.000703 12 9 9623015.873016
10 0.000703 12 9 481150.793651
10 0.000703 12 9 481150.793651
10 0.000703 12 9 9623015.873016
10 0.000703 12 9 9623015.873016
10 0.000703 12 9 481150.793651
10 0.000703 12 9 481150.793651
10 0.000703 12 9 9623015.873016
10 0.000703 12 9 9623015.873016
10 0.000703 12 9 481150.793651
10 0.000703 12 9 481150.793651
10 0.000703 12 9 9623015.873016
10 0.000703 12 9 9623015.873016
10 0.000703 12 9 481150.793651
10 0.000703 12 9 481150.793651
10 0.000703 12 9 9623015.873016
10 0.000703 12 9 9623015.873016
10 0.000703 12 9 481150.793651
10 0.000703 12 9 481150.793651
10 0.000703 12 9 9623015.873016
10 0.000703 12 9 9623015.873016
10 0.000703 12 9 481150.793651
10 0.000703 12 9 481150.793651
16 0.000703 3 0 PTP 17 5_8_-556_35
16 0.000703 3 0 PTP 14 8_5_-556_61
16 0.000703 3 0 PTP 12 8_3_-556_59
16 0.000703 3 0 PTP 11 8_2_-556_58
16 0.000703 3 0 PTP 17 2_8_-556_33
16 0.000703 3 0 PTP 17 3_8_-556_34
9 0.000804 12 9 6415343.915344
9 0.000804 12 9 6415343.915344
9 0.000804 12 9 6415343.915344
9 0.000804 12 9 320767.195767
9 0.000804 12 9 320767.195767
9 0.000804 12 9 320767.195767
9 0.000804 12 9 6415343.915344
9 0.000804 12 9 6415343.915344
9 0.000804 12 9 6415343.915344
9 0.000804 12 9 320767.195767
9 0.000804 12 9 320767.195767
9 0.000804 12 9 320767.195767
9 0.000804 12 9 6415343.915344
9 0.000804 12 9 6415343.915344
9 0.000804 12 9 6415343.915344
9 0.000804 12 9 320767.195767
9 0.000804 12 9 320767.195767
9 0.000804 12 9 320767.195767
9 0.000804 12 9 6415343.915344
9 0.000804 12 9 6415343.915344
9 0.000804 12 9 6415343.915344
9 0.000804 12 9 320767.195767
9 0.000804 12 9 320767.195767
9 0.000804 12 9 320767.195767
9 0.000804 12 9 6415343.915344
9 0.000804 12 9 6415343.915344
9 0.000804 12 9 6415343.915344
9 0.000804 12 9 320767.195767
9 0.000804 12 9 320767.195767
9 0.000804 12 9 320767.195767
9 0.000804 12 9 6415343.915344
9 0.000804 12 9 6415343.915344
9 0.000804 12 9 6415343.915344
9 0.000804 12 9 320767.195767
9 0.000804 12 9 320767.195767
9 0.000804 12 9 320767.195767
10 0.000805 12 9 6415343.915344
10 0.000805 12 9 6415343.915344
10 0.000805 12 9 6415343.915344
10 0.000805 12 9 320767.195767
10 0.000805 12 9 320767.195767
10 0.000805 12 9 320767.195767
10 0.000805 12 9 6415343.915344
10 0.000805 12 9 6415343.915344
10 0.000805 12 9 6415343.915344
10 0.000805 12 9 320767.195767
10 0.000805 12 9 320767.195767
10 0.000805 12 9 320767.195767
10 0.000805 12 9 6415343.915344
10 0.000805 12 9 6415343.915344
10 0.000805 12 9 6415343.915344
10 0.000805 12 9 320767.195767
10 0.000805 12 9 320767.195767
10 0.000805 12 9 320767.195767
10 0.000805 12 9 6415343.915344
10 0.000805 12 9 6415343.915344
10 0.000805 12 9 6415343.915344
10 0.000805 12 9 320767.195767
10 0.000805 12 9 320767.195767
10 0.000805 12 9 320767.195767
10 0.000805 12 9 6415343.915344
10 0.000805 12 9 6415343.915344
10 0.000805 12 9 6415343.915344
10 0.000805 12 9 320767.195767
10 0.000805 12 9 320767.195767
10 0.000805 12 9 320767.195767
10 0.000805 12 9 6415343.915344
10 0.000805 12 9 6415343.915344
10 0.000805 12 9 6415343.915344
10 0.000805 12 9 320767.195767
10 0.000805 12 9 320767.195767
10 0.000805 12 9 320767.195767
16 0.000805 3 0 PTP 13 5_4_-556_26
13 0.000805 2 13
16 0.000805 3 0 PTP 14 4_5_-556_45
13 0.000805 2 14
16 0.000805 3 0 PTP 15 3_6_-556_28
13 0.000805 2 15
16 0.000805 3 0 PTP 12 6_3_-556_43
13 0.000805 2 12
16 0.000805 3 0 PTP 16 2_7_-556_30
13 0.000805 2 16
16 0.000805 3 0 PTP 11 7_2_-556_41
13 0.000805 2 11
9 0.000805 8 2 5000000000.000000
9 0.000805 8 3 5000000000.000000
9 0.000805 8 6 5000000000.000000
9 0.000805 8 7 5000000000.000000
9 0.000805 8 5 5000000000.000000
9 0.000805 8 4 5000000000.000000
10 0.000805 8 2 5000000000.000000
10 0.000805 8 3 5000000000.000000
10 0.000805 8 6 5000000000.000000
10 0.000805 8 7 5000000000.000000
10 0.000805 8 5 5000000000.000000
10 0.000805 8 4 5000000000.000000
12 0.000805 2 11 19
15 0.000805 3 0 PTP 11 2_1_-778_64
12 0.000805 2 12 19
15 0.000805 3 0 PTP 12 3_1_-778_65
12 0.000805 2 15 19
15 0.000805 3 0 PTP 15 6_1_-778_66
12 0.000805 2 16 19
15 0.000805 3 0 PTP 16 7_1_-778_67
12 0.000805 2 14 19
15 0.000805 3 0 PTP 14 5_1_-778_68
12 0.000805 2 13 19
15 0.000805 3 0 PTP 13 4_1_-778_69
9 0.000904 12 9 19246031.746032
9 0.000904 12 9 19246031.746032
9 0.000904 12 9 19246031.746032
9 0.000904 12 9 962301.587302
9 0.000904 12 9 962301.587302
9 0.000904 12 9 962301.587302
9 0.000904 12 9 19246031.746032
9 0.000904 12 9 19246031.746032
9 0.000904 12 9 19246031.746032
9 0.000904 12 9 962301.587302
9 0.000904 12 9 962301.587302
9 0.000904 12 9 962301.587302
10 0.000905 12 9 19246031.746032
10 0.000905 12 9 19246031.746032
10 0.000905 12 9 19246031.746032
10 0.000905 12 9 962301.587302
10 0.000905 12 9 962301.587302
10 0.000905 12 9 962301.587302
10 0.000905 12 9 19246031.746032
10 0.000905 12 9 19246031.746032
10 0.000905 12 9 19246031.746032
10 0.000905 12 9 962301.587302
10 0.000905 12 9 962301.587302
10 0.000905 12 9 962301.587302
16 0.000905 3 0 PTP 17 1_8_-556_14
13 0.000905 2 17
16 0.000905 3 0 PTP 10 8_1_-556_57
13 0.000905 2 10
9 0.000905 8 1 5000000000.000000
9 0.000905 8 8 5000000000.000000
10 0.000905 8 1 5000000000.000000
10 0.000905 8 8 5000000000.000000
12 0.000905 2 10 19
12 0.000905 2 17 19
15 0.000905 3 0 PTP 17 8_1_-778_70
9 0.001005 12 9 38492063.492063
10 0.001005 12 9 38492063.492063
9 0.001005 12 9 1924603.174603
10 0.001005 12 9 1924603.174603
9 0.001005 12 9 38492063.492063
10 0.001005 12 9 38492063.492063
9 0.001005 12 9 1924603.174603
10 0.001005 12 9 1924603.174603
9 0.001005 12 9 38492063.492063
10 0.001005 12 9 38492063.492063
9 0.001005 12 9 1924603.174603
10 0.001005 12 9 1924603.174603
16 0.001005 3 0 PTP 10 5_1_-778_68
16 0.001005 3 0 PTP 10 2_1_-778_64
16 0.001005 3 0 PTP 10 3_1_-778_65
9 0.001105 12 9 19246031.746032
10 0.001105 12 9 19246031.746032
9 0.001105 12 9 19246031.746032
10 0.001105 12 9 19246031.746032
9 0.001105 12 9 962301.587302
10 0.001105 12 9 962301.587302
9 0.001105 12 9 962301.587302
10 0.001105 12 9 962301.587302
9 0.001105 12 9 19246031.746032
10 0.001105 12 9 19246031.746032
9 0.001105 12 9 19246031.746032
10 0.001105 12 9 19246031.746032
9 0.001105 12 9 962301.587302
10 0.001105 12 9 962301.587302
9 0.001105 12 9 962301.587302
10 0.001105 12 9 962301.587302
9 0.001105 12 9 19246031.746032
10 0.001105 12 9 19246031.746032
9 0.001105 12 9 19246031.746032
10 0.001105 12 9 19246031.746032
9 0.001105 12 9 962301.587302
10 0.001105 12 9 962301.587302
9 0.001105 12 9 962301.587302
10 0.001105 12 9 962301.587302
16 0.001105 3 0 PTP 10 4_1_-778_69
16 0.001105 3 0 PTP 10 6_1_-778_66
16 0.001105 3 0 PTP 10 7_1_-778_67
9 0.001205 12 9 38492063.492063
10 0.001205 12 9 38492063.492063
9 0.001205 12 9 38492063.492063
10 0.001205 12 9 38492063.492063
9 0.001205 12 9 38492063.492063
10 0.001205 12 9 38492063.492063
9 0.001205 12 9 1924603.174603
10 0.001205 12 9 1924603.174603
9 0.001205 12 9 1924603.174603
10 0.001205 12 9 1924603.174603
9 0.001205 12 9 1924603.174603
10 0.001205 12 9 1924603.174603
16 0.001205 3 0 PTP 10 8_1_-778_70
15 0.001205 3 0 PTP 10 1_2_-778_71
15 0.001205 3 0 PTP 10 1_3_-778_72
15 0.001205 3 0 PTP 10 1_4_-778_73
15 0.001205 3 0 PTP 10 1_5_-778_74
15 0.001205 3 0 PTP 10 1_6_-778_75
15 0.001205 3 0 PTP 10 1_7_-778_76
15 0.001205 3 0 PTP 10 1_8_-778_77
13 0.001205 2 10
9 0.001205 8 1 5000000000.000000
10 0.001205 8 1 5000000000.000000
12 0.001205 2 10 20
9 0.001305 12 9 38492063.492063
10 0.001305 12 9 38492063.492063
9 0.001305 12 9 1924603.174603
10 0.001305 12 9 1924603.174603
9 0.001305 12 9 38492063.492063
10 0.001305 12 9 38492063.492063
9 0.001305 12 9 1924603.174603
10 0.001305 12 9 1924603.174603
9 0.001305 12 9 38492063.492063
10 0.001305 12 9 38492063.492063
9 0.001305 12 9 1924603.174603
10 0.001305 12 9 1924603.174603
16 0.001305 3 0 PTP 14 1_5_-778_74
13 0.001305 2 14
16 0.001305 3 0 PTP 12 1_3_-778_72
13 0.001305 2 12
16 0.001305 3 0 PTP 11 1_2_-778_71
13 0.001305 2 11
9 0.001305 8 3 5000000000.000000
9 0.001305 8 2 5000000000.000000
9 0.001305 8 5 5000000000.000000
10 0.001305 8 3 5000000000.000000
10 0.001305 8 2 5000000000.000000
10 0.001305 8 5 5000000000.000000
12 0.001305 2 12 20
12 0.001305 2 11 20
12 0.001305 2 14 20
9 0.001405 12 9 19246031.746032
10 0.001405 12 9 19246031.746032
9 0.001405 12 9 19246031.746032
10 0.001405 12 9 19246031.746032
9 0.001405 12 9 962301.587302
10 0.001405 12 9 962301.587302
9 0.001405 12 9 962301.587302
10 0.001405 12 9 962301.587302
9 0.001405 12 9 19246031.746032
10 0.001405 12 9 19246031.746032
9 0.001405 12 9 19246031.746032
10 0.001405 12 9 19246031.746032
9 0.001405 12 9 962301.587302
10 0.001405 12 9 962301.587302
9 0.001405 12 9 962301.587302
10 0.001405 12 9 962301.587302
9 0.001405 12 9 19246031.746032
10 0.001405 12 9 19246031.746032
9 0.001405 12 9 19246031.746032
10 0.001405 12 9 19246031.746032
9 0.001405 12 9 962301.587302
10 0.001405 12 9 962301.587302
9 0.001405 12 9 962301.587302
10 0.001405 12 9 962301.587302
16 0.001405 3 0 PTP 16 1_7_-778_76
13 0.001405 2 16
16 0.001405 3 0 PTP 15 1_6_-778_75
13 0.001405 2 15
16 0.001405 3 0 PTP 13 1_4_-778_73
13 0.001405 2 13
9 0.001405 8 4 5000000000.000000
9 0.001405 8 6 5000000000.000000
9 0.001405 8 7 5000000000.000000
10 0.001405 8 4 5000000000.000000
10 0.001405 8 6 5000000000.000000
10 0.001405 8 7 5000000000.000000
12 0.001405 2 13 20
12 0.001405 2 15 20
12 0.001405 2 16 20
9 0.001505 12 9 38492063.492063
10 0.001505 12 9 38492063.492063
9 0.001505 12 9 38492063.492063
10 0.001505 12 9 38492063.492063
9 0.001505 12 9 38492063.492063
10 0.001505 12 9 38492063.492063
9 0.001505 12 9 1924603.174603
10 0.001505 12 9 1924603.174603
9 0.001505 12 9 1924603.174603
10 0.001505 12 9 1924603.174603
9 0.001505 12 9 1924603.174603
10 0.001505 12 9 1924603.174603
16 0.001505 3 0 PTP 17 1_8_-778_77
13 0.001505 2 17
9 0.001505 8 8 5000000000.000000
10 0.001505 8 8 5000000000.000000
12 0.001505 2 17 20
13 0.001505 2 17
7 0.001505 1 17
13 0.001505 2 10
7 0.001505 1 10
13 0.001505 2 12
7 0.001505 1 12
13 0.001505 2 11
7 0.001505 1 11
13 0.001505 2 14
7 0.001505 1 14
13 0.001505 2 13
7 0.001505 1 13
13 0.001505 2 15
7 0.001505 1 15
13 0.001505 2 16
7 0.001505 1 16
7 0.001505 6 1
7 0.001505 6 2
7 0.001505 6 3
7 0.001505 6 4
7 0.001505 6 5
7 0.001505 6 6
7 0.001505 6 7
7 0.001505 6 8
7 0.001505 9 9
