#This file was generated using SimGrid-3.20.0
#[./a.out --cfg=smpi/privatization:1 --cfg=surf/precision:1e-9 --cfg=network/model:SMPI --cfg=tracing:yes --cfg=tracing/smpi:yes --cfg=tracing/smpi/internals:yes --cfg=tracing/uncategorized:yes --cfg=tracing/filename:trace_files/allgather_ccgraph.trace ../platforms/ccgraph/config.xml smpitmp-appULTGOn ]
%EventDef PajeDefineContainerType 0
%       Alias string
%       Type string
%       Name string
%EndEventDef
%EventDef PajeDefineVariableType 1
%       Alias string
%       Type string
%       Name string
%       Color color
%EndEventDef
%EventDef PajeDefineStateType 2
%       Alias string
%       Type string
%       Name string
%EndEventDef
%EventDef PajeDefineEventType 3
%       Alias string
%       Type string
%       Name string
%EndEventDef
%EventDef PajeDefineLinkType 4
%       Alias string
%       Type string
%       StartContainerType string
%       EndContainerType string
%       Name string
%EndEventDef
%EventDef PajeDefineEntityValue 5
%       Alias string
%       Type string
%       Name string
%       Color color
%EndEventDef
%EventDef PajeCreateContainer 6
%       Time date
%       Alias string
%       Type string
%       Container string
%       Name string
%EndEventDef
%EventDef PajeDestroyContainer 7
%       Time date
%       Type string
%       Name string
%EndEventDef
%EventDef PajeSetVariable 8
%       Time date
%       Type string
%       Container string
%       Value double
%EndEventDef
%EventDef PajeAddVariable 9
%       Time date
%       Type string
%       Container string
%       Value double
%EndEventDef
%EventDef PajeSubVariable 10
%       Time date
%       Type string
%       Container string
%       Value double
%EndEventDef
%EventDef PajeSetState 11
%       Time date
%       Type string
%       Container string
%       Value string
%EndEventDef
%EventDef PajePushState 12
%       Time date
%       Type string
%       Container string
%       Value string
%EndEventDef
%EventDef PajePopState 13
%       Time date
%       Type string
%       Container string
%EndEventDef
%EventDef PajeResetState 14
%       Time date
%       Type string
%       Container string
%EndEventDef
%EventDef PajeStartLink 15
%       Time date
%       Type string
%       Container string
%       Value string
%       StartContainer string
%       Key string
%EndEventDef
%EventDef PajeEndLink 16
%       Time date
%       Type string
%       Container string
%       Value string
%       EndContainer string
%       Key string
%EndEventDef
%EventDef PajeNewEvent 17
%       Time date
%       Type string
%       Container string
%       Value string
%EndEventDef
0 1 0 MPI
2 2 1 MPI_STATE
4 3 0 1 1 MPI_LINK
4 4 0 1 1 MIGRATE_LINK
2 5 1 MIGRATE_STATE
0 6 0 HOST
6 0.000000 1 6 0 "host0"
1 7 6 power "1 1 1"
1 8 6 power_used "0.5 0.5 0.5"
6 0.000000 2 6 0 "host1"
6 0.000000 3 6 0 "host2"
6 0.000000 4 6 0 "host3"
6 0.000000 5 6 0 "host4"
6 0.000000 6 6 0 "host5"
6 0.000000 7 6 0 "host6"
6 0.000000 8 6 0 "host7"
6 0.000000 9 6 0 "host8"
0 9 0 LINK
6 0.000000 10 9 0 "link0"
1 10 9 bandwidth "1 1 1"
1 11 9 latency "1 1 1"
1 12 9 bandwidth_used "0.5 0.5 0.5"
4 13 0 9 6 0-LINK9-HOST6
4 14 0 6 9 0-HOST6-LINK9
8 0.000000 7 1 5000000000.000000
8 0.000000 7 2 5000000000.000000
8 0.000000 7 3 5000000000.000000
8 0.000000 7 4 5000000000.000000
8 0.000000 7 5 5000000000.000000
8 0.000000 7 6 5000000000.000000
8 0.000000 7 7 5000000000.000000
8 0.000000 7 8 5000000000.000000
8 0.000000 7 9 5000000000.000000
8 0.000000 10 10 125000000.000000
8 0.000000 11 10 0.000100
15 0.000000 13 0 topology 10 0
16 0.000000 13 0 topology 2 0
15 0.000000 13 0 topology 10 1
16 0.000000 13 0 topology 3 1
15 0.000000 13 0 topology 10 2
16 0.000000 13 0 topology 4 2
15 0.000000 13 0 topology 10 3
16 0.000000 13 0 topology 5 3
15 0.000000 13 0 topology 10 4
16 0.000000 13 0 topology 6 4
15 0.000000 13 0 topology 10 5
16 0.000000 13 0 topology 7 5
15 0.000000 13 0 topology 10 6
16 0.000000 13 0 topology 8 6
15 0.000000 13 0 topology 10 7
16 0.000000 13 0 topology 9 7
15 0.000000 14 0 topology 1 8
16 0.000000 14 0 topology 10 8
6 0.000000 11 1 0 "rank-1"
5 15 2 PMPI_Init "0 1 0"
6 0.000000 12 1 0 "rank-2"
6 0.000000 13 1 0 "rank-3"
6 0.000000 14 1 0 "rank-4"
6 0.000000 15 1 0 "rank-5"
6 0.000000 16 1 0 "rank-6"
6 0.000000 17 1 0 "rank-7"
6 0.000000 18 1 0 "rank-8"
6 0.000000 19 1 0 "rank-9"
12 0.000000 2 11 15
13 0.000000 2 11
12 0.000000 2 12 15
13 0.000000 2 12
12 0.000000 2 13 15
13 0.000000 2 13
12 0.000000 2 14 15
13 0.000000 2 14
12 0.000000 2 15 15
13 0.000000 2 15
12 0.000000 2 16 15
13 0.000000 2 16
12 0.000000 2 17 15
13 0.000000 2 17
12 0.000000 2 18 15
13 0.000000 2 18
12 0.000000 2 19 15
13 0.000000 2 19
8 0.000000 8 6 0.000000
9 0.000000 8 6 5000000000.000000
8 0.000000 8 4 0.000000
9 0.000000 8 4 5000000000.000000
8 0.000000 8 5 0.000000
9 0.000000 8 5 5000000000.000000
8 0.000000 8 3 0.000000
9 0.000000 8 3 5000000000.000000
8 0.000000 8 7 0.000000
9 0.000000 8 7 5000000000.000000
8 0.000000 8 2 0.000000
9 0.000000 8 2 5000000000.000000
8 0.000000 8 9 0.000000
9 0.000000 8 9 5000000000.000000
8 0.000000 8 8 0.000000
9 0.000000 8 8 5000000000.000000
8 0.000000 8 1 0.000000
9 0.000000 8 1 5000000000.000000
5 16 2 PMPI_Scatter "1 0.74 0.54"
5 17 2 PMPI_Allgather "1 0 0"
5 18 2 PMPI_Barrier "0 0.78 0.78"
5 19 2 PMPI_Finalize "0 1 0"
10 0.000000 8 6 5000000000.000000
10 0.000000 8 4 5000000000.000000
10 0.000000 8 5 5000000000.000000
10 0.000000 8 3 5000000000.000000
10 0.000000 8 7 5000000000.000000
10 0.000000 8 2 5000000000.000000
10 0.000000 8 9 5000000000.000000
10 0.000000 8 8 5000000000.000000
10 0.000000 8 1 5000000000.000000
12 0.000000 2 16 16
12 0.000000 2 14 16
12 0.000000 2 15 16
12 0.000000 2 13 16
12 0.000000 2 17 16
12 0.000000 2 12 16
12 0.000000 2 19 16
12 0.000000 2 18 16
12 0.000000 2 11 16
15 0.000000 3 0 PTP 11 1_2_-223_1
15 0.000000 3 0 PTP 11 1_3_-223_2
15 0.000000 3 0 PTP 11 1_4_-223_3
15 0.000000 3 0 PTP 11 1_5_-223_4
15 0.000000 3 0 PTP 11 1_6_-223_5
15 0.000000 3 0 PTP 11 1_7_-223_6
15 0.000000 3 0 PTP 11 1_8_-223_7
15 0.000000 3 0 PTP 11 1_9_-223_8
13 0.000000 2 11
9 0.000000 8 1 5000000000.000000
10 0.000000 8 1 5000000000.000000
12 0.000000 2 11 17
15 0.000000 3 0 PTP 11 1_2_-556_9
15 0.000000 3 0 PTP 11 1_3_-556_10
15 0.000000 3 0 PTP 11 1_4_-556_11
15 0.000000 3 0 PTP 11 1_5_-556_12
15 0.000000 3 0 PTP 11 1_6_-556_13
15 0.000000 3 0 PTP 11 1_7_-556_14
15 0.000000 3 0 PTP 11 1_8_-556_15
15 0.000000 3 0 PTP 11 1_9_-556_16
8 0.000100 12 10 0.000000
9 0.000100 12 10 14434523.809524
10 0.000100 12 10 14434523.809524
9 0.000100 12 10 721726.190476
10 0.000100 12 10 721726.190476
9 0.000100 12 10 14434523.809524
10 0.000100 12 10 14434523.809524
9 0.000100 12 10 721726.190476
10 0.000100 12 10 721726.190476
9 0.000100 12 10 14434523.809524
10 0.000100 12 10 14434523.809524
9 0.000100 12 10 721726.190476
10 0.000100 12 10 721726.190476
9 0.000100 12 10 14434523.809524
10 0.000100 12 10 14434523.809524
9 0.000100 12 10 721726.190476
10 0.000100 12 10 721726.190476
9 0.000100 12 10 14434523.809524
10 0.000100 12 10 14434523.809524
9 0.000100 12 10 721726.190476
10 0.000100 12 10 721726.190476
9 0.000100 12 10 14434523.809524
10 0.000100 12 10 14434523.809524
9 0.000100 12 10 721726.190476
10 0.000100 12 10 721726.190476
9 0.000100 12 10 14434523.809524
10 0.000100 12 10 14434523.809524
9 0.000100 12 10 721726.190476
10 0.000100 12 10 721726.190476
9 0.000100 12 10 14434523.809524
10 0.000100 12 10 14434523.809524
9 0.000100 12 10 721726.190476
10 0.000100 12 10 721726.190476
16 0.000100 3 0 PTP 19 1_9_-223_8
13 0.000100 2 19
16 0.000100 3 0 PTP 18 1_8_-223_7
13 0.000100 2 18
16 0.000100 3 0 PTP 17 1_7_-223_6
13 0.000100 2 17
16 0.000100 3 0 PTP 16 1_6_-223_5
13 0.000100 2 16
16 0.000100 3 0 PTP 15 1_5_-223_4
13 0.000100 2 15
16 0.000100 3 0 PTP 14 1_4_-223_3
13 0.000100 2 14
16 0.000100 3 0 PTP 13 1_3_-223_2
13 0.000100 2 13
16 0.000100 3 0 PTP 12 1_2_-223_1
13 0.000100 2 12
9 0.000100 8 6 5000000000.000000
9 0.000100 8 8 5000000000.000000
9 0.000100 8 5 5000000000.000000
9 0.000100 8 4 5000000000.000000
9 0.000100 8 3 5000000000.000000
9 0.000100 8 7 5000000000.000000
9 0.000100 8 2 5000000000.000000
9 0.000100 8 9 5000000000.000000
10 0.000100 8 6 5000000000.000000
10 0.000100 8 8 5000000000.000000
10 0.000100 8 5 5000000000.000000
10 0.000100 8 4 5000000000.000000
10 0.000100 8 3 5000000000.000000
10 0.000100 8 7 5000000000.000000
10 0.000100 8 2 5000000000.000000
10 0.000100 8 9 5000000000.000000
12 0.000100 2 16 17
15 0.000100 3 0 PTP 16 6_1_-556_17
12 0.000100 2 18 17
15 0.000100 3 0 PTP 18 8_1_-556_18
12 0.000100 2 15 17
15 0.000100 3 0 PTP 15 5_1_-556_19
12 0.000100 2 14 17
15 0.000100 3 0 PTP 14 4_1_-556_20
12 0.000100 2 13 17
15 0.000100 3 0 PTP 13 3_1_-556_21
12 0.000100 2 17 17
15 0.000100 3 0 PTP 17 7_1_-556_22
12 0.000100 2 12 17
15 0.000100 3 0 PTP 12 2_1_-556_23
12 0.000100 2 19 17
15 0.000100 3 0 PTP 19 9_1_-556_24
15 0.000100 3 0 PTP 16 6_2_-556_25
15 0.000100 3 0 PTP 18 8_2_-556_26
15 0.000100 3 0 PTP 15 5_2_-556_27
15 0.000100 3 0 PTP 14 4_2_-556_28
15 0.000100 3 0 PTP 13 3_2_-556_29
15 0.000100 3 0 PTP 17 7_2_-556_30
15 0.000100 3 0 PTP 12 2_3_-556_31
15 0.000100 3 0 PTP 19 9_2_-556_32
15 0.000100 3 0 PTP 16 6_3_-556_33
15 0.000100 3 0 PTP 18 8_3_-556_34
15 0.000100 3 0 PTP 15 5_3_-556_35
15 0.000100 3 0 PTP 14 4_3_-556_36
15 0.000100 3 0 PTP 13 3_4_-556_37
15 0.000100 3 0 PTP 17 7_3_-556_38
15 0.000100 3 0 PTP 12 2_4_-556_39
15 0.000100 3 0 PTP 19 9_3_-556_40
15 0.000100 3 0 PTP 16 6_4_-556_41
15 0.000100 3 0 PTP 18 8_4_-556_42
15 0.000100 3 0 PTP 15 5_4_-556_43
15 0.000100 3 0 PTP 14 4_5_-556_44
15 0.000100 3 0 PTP 13 3_5_-556_45
15 0.000100 3 0 PTP 17 7_4_-556_46
15 0.000100 3 0 PTP 12 2_5_-556_47
15 0.000100 3 0 PTP 19 9_4_-556_48
15 0.000100 3 0 PTP 16 6_5_-556_49
15 0.000100 3 0 PTP 18 8_5_-556_50
15 0.000100 3 0 PTP 15 5_6_-556_51
15 0.000100 3 0 PTP 14 4_6_-556_52
15 0.000100 3 0 PTP 13 3_6_-556_53
15 0.000100 3 0 PTP 17 7_5_-556_54
15 0.000100 3 0 PTP 12 2_6_-556_55
15 0.000100 3 0 PTP 19 9_5_-556_56
15 0.000100 3 0 PTP 16 6_7_-556_57
15 0.000100 3 0 PTP 18 8_6_-556_58
15 0.000100 3 0 PTP 15 5_7_-556_59
15 0.000100 3 0 PTP 14 4_7_-556_60
15 0.000100 3 0 PTP 13 3_7_-556_61
15 0.000100 3 0 PTP 17 7_6_-556_62
15 0.000100 3 0 PTP 12 2_7_-556_63
15 0.000100 3 0 PTP 19 9_6_-556_64
15 0.000100 3 0 PTP 16 6_8_-556_65
15 0.000100 3 0 PTP 18 8_7_-556_66
15 0.000100 3 0 PTP 15 5_8_-556_67
15 0.000100 3 0 PTP 14 4_8_-556_68
15 0.000100 3 0 PTP 13 3_8_-556_69
15 0.000100 3 0 PTP 17 7_8_-556_70
15 0.000100 3 0 PTP 12 2_8_-556_71
15 0.000100 3 0 PTP 19 9_7_-556_72
15 0.000100 3 0 PTP 16 6_9_-556_73
15 0.000100 3 0 PTP 18 8_9_-556_74
15 0.000100 3 0 PTP 15 5_9_-556_75
15 0.000100 3 0 PTP 14 4_9_-556_76
15 0.000100 3 0 PTP 13 3_9_-556_77
15 0.000100 3 0 PTP 17 7_9_-556_78
15 0.000100 3 0 PTP 12 2_9_-556_79
15 0.000100 3 0 PTP 19 9_8_-556_80
9 0.000301 12 10 1603835.978836
9 0.000301 12 10 80191.798942
9 0.000301 12 10 1603835.978836
9 0.000301 12 10 80191.798942
9 0.000301 12 10 1603835.978836
9 0.000301 12 10 80191.798942
9 0.000301 12 10 1603835.978836
9 0.000301 12 10 80191.798942
9 0.000301 12 10 1603835.978836
9 0.000301 12 10 80191.798942
9 0.000301 12 10 1603835.978836
9 0.000301 12 10 80191.798942
9 0.000301 12 10 1603835.978836
9 0.000301 12 10 80191.798942
9 0.000301 12 10 1603835.978836
9 0.000301 12 10 80191.798942
9 0.000301 12 10 1603835.978836
9 0.000301 12 10 80191.798942
9 0.000301 12 10 1603835.978836
9 0.000301 12 10 80191.798942
9 0.000301 12 10 1603835.978836
9 0.000301 12 10 80191.798942
9 0.000301 12 10 1603835.978836
9 0.000301 12 10 80191.798942
9 0.000301 12 10 1603835.978836
9 0.000301 12 10 80191.798942
9 0.000301 12 10 1603835.978836
9 0.000301 12 10 80191.798942
9 0.000301 12 10 1603835.978836
9 0.000301 12 10 80191.798942
9 0.000301 12 10 1603835.978836
9 0.000301 12 10 80191.798942
9 0.000301 12 10 1603835.978836
9 0.000301 12 10 80191.798942
9 0.000301 12 10 1603835.978836
9 0.000301 12 10 80191.798942
9 0.000301 12 10 1603835.978836
9 0.000301 12 10 80191.798942
9 0.000301 12 10 1603835.978836
9 0.000301 12 10 80191.798942
9 0.000301 12 10 1603835.978836
9 0.000301 12 10 80191.798942
9 0.000301 12 10 1603835.978836
9 0.000301 12 10 80191.798942
9 0.000301 12 10 1603835.978836
9 0.000301 12 10 80191.798942
9 0.000301 12 10 1603835.978836
9 0.000301 12 10 80191.798942
9 0.000301 12 10 1603835.978836
9 0.000301 12 10 80191.798942
9 0.000301 12 10 1603835.978836
9 0.000301 12 10 80191.798942
9 0.000301 12 10 1603835.978836
9 0.000301 12 10 80191.798942
9 0.000301 12 10 1603835.978836
9 0.000301 12 10 80191.798942
9 0.000301 12 10 1603835.978836
9 0.000301 12 10 80191.798942
9 0.000301 12 10 1603835.978836
9 0.000301 12 10 80191.798942
9 0.000301 12 10 1603835.978836
9 0.000301 12 10 80191.798942
9 0.000301 12 10 1603835.978836
9 0.000301 12 10 80191.798942
9 0.000301 12 10 1603835.978836
9 0.000301 12 10 80191.798942
9 0.000301 12 10 1603835.978836
9 0.000301 12 10 80191.798942
9 0.000301 12 10 1603835.978836
9 0.000301 12 10 80191.798942
9 0.000301 12 10 1603835.978836
9 0.000301 12 10 80191.798942
9 0.000301 12 10 1603835.978836
9 0.000301 12 10 80191.798942
9 0.000301 12 10 1603835.978836
9 0.000301 12 10 80191.798942
9 0.000301 12 10 1603835.978836
9 0.000301 12 10 80191.798942
9 0.000301 12 10 1603835.978836
9 0.000301 12 10 80191.798942
9 0.000301 12 10 1603835.978836
9 0.000301 12 10 80191.798942
9 0.000301 12 10 1603835.978836
9 0.000301 12 10 80191.798942
9 0.000301 12 10 1603835.978836
9 0.000301 12 10 80191.798942
9 0.000301 12 10 1603835.978836
9 0.000301 12 10 80191.798942
9 0.000301 12 10 1603835.978836
9 0.000301 12 10 80191.798942
9 0.000301 12 10 1603835.978836
9 0.000301 12 10 80191.798942
9 0.000301 12 10 1603835.978836
9 0.000301 12 10 80191.798942
9 0.000301 12 10 1603835.978836
9 0.000301 12 10 80191.798942
9 0.000301 12 10 1603835.978836
9 0.000301 12 10 80191.798942
9 0.000301 12 10 1603835.978836
9 0.000301 12 10 80191.798942
9 0.000301 12 10 1603835.978836
9 0.000301 12 10 80191.798942
9 0.000301 12 10 1603835.978836
9 0.000301 12 10 80191.798942
9 0.000301 12 10 1603835.978836
9 0.000301 12 10 80191.798942
9 0.000301 12 10 1603835.978836
9 0.000301 12 10 80191.798942
9 0.000301 12 10 1603835.978836
9 0.000301 12 10 80191.798942
9 0.000301 12 10 1603835.978836
9 0.000301 12 10 80191.798942
9 0.000301 12 10 1603835.978836
9 0.000301 12 10 80191.798942
9 0.000301 12 10 1603835.978836
9 0.000301 12 10 80191.798942
9 0.000301 12 10 1603835.978836
9 0.000301 12 10 80191.798942
9 0.000301 12 10 1603835.978836
9 0.000301 12 10 80191.798942
9 0.000301 12 10 1603835.978836
9 0.000301 12 10 80191.798942
9 0.000301 12 10 1603835.978836
9 0.000301 12 10 80191.798942
9 0.000301 12 10 1603835.978836
9 0.000301 12 10 80191.798942
9 0.000301 12 10 1603835.978836
9 0.000301 12 10 80191.798942
9 0.000301 12 10 1603835.978836
9 0.000301 12 10 80191.798942
9 0.000301 12 10 1603835.978836
9 0.000301 12 10 80191.798942
9 0.000301 12 10 1603835.978836
9 0.000301 12 10 80191.798942
9 0.000301 12 10 1603835.978836
9 0.000301 12 10 80191.798942
9 0.000301 12 10 1603835.978836
9 0.000301 12 10 80191.798942
9 0.000301 12 10 1603835.978836
9 0.000301 12 10 80191.798942
9 0.000301 12 10 1603835.978836
9 0.000301 12 10 80191.798942
9 0.000301 12 10 1603835.978836
9 0.000301 12 10 80191.798942
10 0.000304 12 10 1603835.978836
10 0.000304 12 10 80191.798942
10 0.000304 12 10 1603835.978836
10 0.000304 12 10 80191.798942
10 0.000304 12 10 1603835.978836
10 0.000304 12 10 80191.798942
10 0.000304 12 10 1603835.978836
10 0.000304 12 10 80191.798942
10 0.000304 12 10 1603835.978836
10 0.000304 12 10 80191.798942
10 0.000304 12 10 1603835.978836
10 0.000304 12 10 80191.798942
10 0.000304 12 10 1603835.978836
10 0.000304 12 10 80191.798942
10 0.000304 12 10 1603835.978836
10 0.000304 12 10 80191.798942
10 0.000304 12 10 1603835.978836
10 0.000304 12 10 80191.798942
10 0.000304 12 10 1603835.978836
10 0.000304 12 10 80191.798942
10 0.000304 12 10 1603835.978836
10 0.000304 12 10 80191.798942
10 0.000304 12 10 1603835.978836
10 0.000304 12 10 80191.798942
10 0.000304 12 10 1603835.978836
10 0.000304 12 10 80191.798942
10 0.000304 12 10 1603835.978836
10 0.000304 12 10 80191.798942
10 0.000304 12 10 1603835.978836
10 0.000304 12 10 80191.798942
10 0.000304 12 10 1603835.978836
10 0.000304 12 10 80191.798942
10 0.000304 12 10 1603835.978836
10 0.000304 12 10 80191.798942
10 0.000304 12 10 1603835.978836
10 0.000304 12 10 80191.798942
10 0.000304 12 10 1603835.978836
10 0.000304 12 10 80191.798942
10 0.000304 12 10 1603835.978836
10 0.000304 12 10 80191.798942
10 0.000304 12 10 1603835.978836
10 0.000304 12 10 80191.798942
10 0.000304 12 10 1603835.978836
10 0.000304 12 10 80191.798942
10 0.000304 12 10 1603835.978836
10 0.000304 12 10 80191.798942
10 0.000304 12 10 1603835.978836
10 0.000304 12 10 80191.798942
10 0.000304 12 10 1603835.978836
10 0.000304 12 10 80191.798942
10 0.000304 12 10 1603835.978836
10 0.000304 12 10 80191.798942
10 0.000304 12 10 1603835.978836
10 0.000304 12 10 80191.798942
10 0.000304 12 10 1603835.978836
10 0.000304 12 10 80191.798942
10 0.000304 12 10 1603835.978836
10 0.000304 12 10 80191.798942
10 0.000304 12 10 1603835.978836
10 0.000304 12 10 80191.798942
10 0.000304 12 10 1603835.978836
10 0.000304 12 10 80191.798942
10 0.000304 12 10 1603835.978836
10 0.000304 12 10 80191.798942
10 0.000304 12 10 1603835.978836
10 0.000304 12 10 80191.798942
10 0.000304 12 10 1603835.978836
10 0.000304 12 10 80191.798942
10 0.000304 12 10 1603835.978836
10 0.000304 12 10 80191.798942
10 0.000304 12 10 1603835.978836
10 0.000304 12 10 80191.798942
10 0.000304 12 10 1603835.978836
10 0.000304 12 10 80191.798942
10 0.000304 12 10 1603835.978836
10 0.000304 12 10 80191.798942
10 0.000304 12 10 1603835.978836
10 0.000304 12 10 80191.798942
10 0.000304 12 10 1603835.978836
10 0.000304 12 10 80191.798942
10 0.000304 12 10 1603835.978836
10 0.000304 12 10 80191.798942
10 0.000304 12 10 1603835.978836
10 0.000304 12 10 80191.798942
10 0.000304 12 10 1603835.978836
10 0.000304 12 10 80191.798942
10 0.000304 12 10 1603835.978836
10 0.000304 12 10 80191.798942
10 0.000304 12 10 1603835.978836
10 0.000304 12 10 80191.798942
10 0.000304 12 10 1603835.978836
10 0.000304 12 10 80191.798942
10 0.000304 12 10 1603835.978836
10 0.000304 12 10 80191.798942
10 0.000304 12 10 1603835.978836
10 0.000304 12 10 80191.798942
10 0.000304 12 10 1603835.978836
10 0.000304 12 10 80191.798942
10 0.000304 12 10 1603835.978836
10 0.000304 12 10 80191.798942
10 0.000304 12 10 1603835.978836
10 0.000304 12 10 80191.798942
10 0.000304 12 10 1603835.978836
10 0.000304 12 10 80191.798942
10 0.000304 12 10 1603835.978836
10 0.000304 12 10 80191.798942
10 0.000304 12 10 1603835.978836
10 0.000304 12 10 80191.798942
10 0.000304 12 10 1603835.978836
10 0.000304 12 10 80191.798942
10 0.000304 12 10 1603835.978836
10 0.000304 12 10 80191.798942
10 0.000304 12 10 1603835.978836
10 0.000304 12 10 80191.798942
10 0.000304 12 10 1603835.978836
10 0.000304 12 10 80191.798942
10 0.000304 12 10 1603835.978836
10 0.000304 12 10 80191.798942
10 0.000304 12 10 1603835.978836
10 0.000304 12 10 80191.798942
10 0.000304 12 10 1603835.978836
10 0.000304 12 10 80191.798942
10 0.000304 12 10 1603835.978836
10 0.000304 12 10 80191.798942
10 0.000304 12 10 1603835.978836
10 0.000304 12 10 80191.798942
10 0.000304 12 10 1603835.978836
10 0.000304 12 10 80191.798942
10 0.000304 12 10 1603835.978836
10 0.000304 12 10 80191.798942
10 0.000304 12 10 1603835.978836
10 0.000304 12 10 80191.798942
10 0.000304 12 10 1603835.978836
10 0.000304 12 10 80191.798942
10 0.000304 12 10 1603835.978836
10 0.000304 12 10 80191.798942
10 0.000304 12 10 1603835.978836
10 0.000304 12 10 80191.798942
10 0.000304 12 10 1603835.978836
10 0.000304 12 10 80191.798942
10 0.000304 12 10 1603835.978836
10 0.000304 12 10 80191.798942
10 0.000304 12 10 1603835.978836
10 0.000304 12 10 80191.798942
16 0.000304 3 0 PTP 19 8_9_-556_74
16 0.000304 3 0 PTP 12 9_2_-556_32
16 0.000304 3 0 PTP 17 9_7_-556_72
16 0.000304 3 0 PTP 13 9_3_-556_40
16 0.000304 3 0 PTP 14 9_4_-556_48
16 0.000304 3 0 PTP 15 9_5_-556_56
16 0.000304 3 0 PTP 18 9_8_-556_80
16 0.000304 3 0 PTP 16 9_6_-556_64
16 0.000304 3 0 PTP 11 9_1_-556_24
16 0.000304 3 0 PTP 19 1_9_-556_16
16 0.000304 3 0 PTP 12 1_2_-556_9
16 0.000304 3 0 PTP 17 1_7_-556_14
16 0.000304 3 0 PTP 13 1_3_-556_10
16 0.000304 3 0 PTP 14 1_4_-556_11
16 0.000304 3 0 PTP 15 1_5_-556_12
16 0.000304 3 0 PTP 18 1_8_-556_15
16 0.000304 3 0 PTP 16 1_6_-556_13
16 0.000304 3 0 PTP 11 2_1_-556_23
16 0.000304 3 0 PTP 19 2_9_-556_79
16 0.000304 3 0 PTP 12 3_2_-556_29
16 0.000304 3 0 PTP 17 2_7_-556_63
16 0.000304 3 0 PTP 13 2_3_-556_31
16 0.000304 3 0 PTP 14 2_4_-556_39
16 0.000304 3 0 PTP 15 2_5_-556_47
16 0.000304 3 0 PTP 18 2_8_-556_71
16 0.000304 3 0 PTP 16 2_6_-556_55
16 0.000304 3 0 PTP 11 3_1_-556_21
16 0.000304 3 0 PTP 19 3_9_-556_77
16 0.000304 3 0 PTP 12 4_2_-556_28
16 0.000304 3 0 PTP 17 3_7_-556_61
16 0.000304 3 0 PTP 13 4_3_-556_36
16 0.000304 3 0 PTP 14 3_4_-556_37
16 0.000304 3 0 PTP 15 3_5_-556_45
16 0.000304 3 0 PTP 18 3_8_-556_69
16 0.000304 3 0 PTP 16 3_6_-556_53
16 0.000304 3 0 PTP 11 4_1_-556_20
16 0.000304 3 0 PTP 19 4_9_-556_76
16 0.000304 3 0 PTP 12 5_2_-556_27
16 0.000304 3 0 PTP 17 4_7_-556_60
16 0.000304 3 0 PTP 13 5_3_-556_35
16 0.000304 3 0 PTP 14 5_4_-556_43
16 0.000304 3 0 PTP 15 4_5_-556_44
16 0.000304 3 0 PTP 18 4_8_-556_68
16 0.000304 3 0 PTP 16 4_6_-556_52
16 0.000304 3 0 PTP 11 5_1_-556_19
16 0.000304 3 0 PTP 19 5_9_-556_75
16 0.000304 3 0 PTP 12 6_2_-556_25
16 0.000304 3 0 PTP 17 5_7_-556_59
16 0.000304 3 0 PTP 13 6_3_-556_33
16 0.000304 3 0 PTP 14 6_4_-556_41
16 0.000304 3 0 PTP 15 6_5_-556_49
16 0.000304 3 0 PTP 18 5_8_-556_67
16 0.000304 3 0 PTP 16 5_6_-556_51
16 0.000304 3 0 PTP 11 6_1_-556_17
16 0.000304 3 0 PTP 19 6_9_-556_73
16 0.000304 3 0 PTP 12 7_2_-556_30
16 0.000304 3 0 PTP 17 6_7_-556_57
16 0.000304 3 0 PTP 13 7_3_-556_38
16 0.000304 3 0 PTP 14 7_4_-556_46
16 0.000304 3 0 PTP 15 7_5_-556_54
16 0.000304 3 0 PTP 18 6_8_-556_65
16 0.000304 3 0 PTP 16 7_6_-556_62
16 0.000304 3 0 PTP 11 7_1_-556_22
16 0.000304 3 0 PTP 19 7_9_-556_78
13 0.000304 2 19
16 0.000304 3 0 PTP 12 8_2_-556_26
13 0.000304 2 12
16 0.000304 3 0 PTP 17 8_7_-556_66
13 0.000304 2 17
16 0.000304 3 0 PTP 13 8_3_-556_34
13 0.000304 2 13
16 0.000304 3 0 PTP 14 8_4_-556_42
13 0.000304 2 14
16 0.000304 3 0 PTP 15 8_5_-556_50
13 0.000304 2 15
16 0.000304 3 0 PTP 18 7_8_-556_70
13 0.000304 2 18
16 0.000304 3 0 PTP 16 8_6_-556_58
13 0.000304 2 16
16 0.000304 3 0 PTP 11 8_1_-556_18
13 0.000304 2 11
9 0.000304 8 6 5000000000.000000
9 0.000304 8 8 5000000000.000000
9 0.000304 8 5 5000000000.000000
9 0.000304 8 1 5000000000.000000
9 0.000304 8 4 5000000000.000000
9 0.000304 8 3 5000000000.000000
9 0.000304 8 7 5000000000.000000
9 0.000304 8 2 5000000000.000000
9 0.000304 8 9 5000000000.000000
10 0.000304 8 6 5000000000.000000
10 0.000304 8 8 5000000000.000000
10 0.000304 8 5 5000000000.000000
10 0.000304 8 1 5000000000.000000
10 0.000304 8 4 5000000000.000000
10 0.000304 8 3 5000000000.000000
10 0.000304 8 7 5000000000.000000
10 0.000304 8 2 5000000000.000000
10 0.000304 8 9 5000000000.000000
12 0.000304 2 16 18
15 0.000304 3 0 PTP 16 6_1_-778_81
12 0.000304 2 18 18
15 0.000304 3 0 PTP 18 8_1_-778_82
12 0.000304 2 15 18
15 0.000304 3 0 PTP 15 5_1_-778_83
12 0.000304 2 11 18
12 0.000304 2 14 18
15 0.000304 3 0 PTP 14 4_1_-778_84
12 0.000304 2 13 18
15 0.000304 3 0 PTP 13 3_1_-778_85
12 0.000304 2 17 18
15 0.000304 3 0 PTP 17 7_1_-778_86
12 0.000304 2 12 18
15 0.000304 3 0 PTP 12 2_1_-778_87
12 0.000304 2 19 18
15 0.000304 3 0 PTP 19 9_1_-778_88
9 0.000404 12 10 14434523.809524
10 0.000404 12 10 14434523.809524
9 0.000404 12 10 721726.190476
10 0.000404 12 10 721726.190476
9 0.000404 12 10 14434523.809524
10 0.000404 12 10 14434523.809524
9 0.000404 12 10 721726.190476
10 0.000404 12 10 721726.190476
9 0.000404 12 10 14434523.809524
10 0.000404 12 10 14434523.809524
9 0.000404 12 10 721726.190476
10 0.000404 12 10 721726.190476
9 0.000404 12 10 14434523.809524
10 0.000404 12 10 14434523.809524
9 0.000404 12 10 721726.190476
10 0.000404 12 10 721726.190476
9 0.000404 12 10 14434523.809524
10 0.000404 12 10 14434523.809524
9 0.000404 12 10 721726.190476
10 0.000404 12 10 721726.190476
9 0.000404 12 10 14434523.809524
10 0.000404 12 10 14434523.809524
9 0.000404 12 10 721726.190476
10 0.000404 12 10 721726.190476
9 0.000404 12 10 14434523.809524
10 0.000404 12 10 14434523.809524
9 0.000404 12 10 721726.190476
10 0.000404 12 10 721726.190476
9 0.000404 12 10 14434523.809524
10 0.000404 12 10 14434523.809524
9 0.000404 12 10 721726.190476
10 0.000404 12 10 721726.190476
16 0.000404 3 0 PTP 11 9_1_-778_88
16 0.000404 3 0 PTP 11 6_1_-778_81
16 0.000404 3 0 PTP 11 8_1_-778_82
16 0.000404 3 0 PTP 11 5_1_-778_83
16 0.000404 3 0 PTP 11 4_1_-778_84
16 0.000404 3 0 PTP 11 3_1_-778_85
16 0.000404 3 0 PTP 11 7_1_-778_86
16 0.000404 3 0 PTP 11 2_1_-778_87
15 0.000404 3 0 PTP 11 1_2_-778_89
15 0.000404 3 0 PTP 11 1_3_-778_90
15 0.000404 3 0 PTP 11 1_4_-778_91
15 0.000404 3 0 PTP 11 1_5_-778_92
15 0.000404 3 0 PTP 11 1_6_-778_93
15 0.000404 3 0 PTP 11 1_7_-778_94
15 0.000404 3 0 PTP 11 1_8_-778_95
15 0.000404 3 0 PTP 11 1_9_-778_96
13 0.000404 2 11
9 0.000404 8 1 5000000000.000000
10 0.000404 8 1 5000000000.000000
12 0.000404 2 11 19
9 0.000504 12 10 14434523.809524
10 0.000504 12 10 14434523.809524
9 0.000504 12 10 721726.190476
10 0.000504 12 10 721726.190476
9 0.000504 12 10 14434523.809524
10 0.000504 12 10 14434523.809524
9 0.000504 12 10 721726.190476
10 0.000504 12 10 721726.190476
9 0.000504 12 10 14434523.809524
10 0.000504 12 10 14434523.809524
9 0.000504 12 10 721726.190476
10 0.000504 12 10 721726.190476
9 0.000504 12 10 14434523.809524
10 0.000504 12 10 14434523.809524
9 0.000504 12 10 721726.190476
10 0.000504 12 10 721726.190476
9 0.000504 12 10 14434523.809524
10 0.000504 12 10 14434523.809524
9 0.000504 12 10 721726.190476
10 0.000504 12 10 721726.190476
9 0.000504 12 10 14434523.809524
10 0.000504 12 10 14434523.809524
9 0.000504 12 10 721726.190476
10 0.000504 12 10 721726.190476
9 0.000504 12 10 14434523.809524
10 0.000504 12 10 14434523.809524
9 0.000504 12 10 721726.190476
10 0.000504 12 10 721726.190476
9 0.000504 12 10 14434523.809524
10 0.000504 12 10 14434523.809524
9 0.000504 12 10 721726.190476
10 0.000504 12 10 721726.190476
16 0.000504 3 0 PTP 19 1_9_-778_96
13 0.000504 2 19
16 0.000504 3 0 PTP 18 1_8_-778_95
13 0.000504 2 18
16 0.000504 3 0 PTP 17 1_7_-778_94
13 0.000504 2 17
16 0.000504 3 0 PTP 16 1_6_-778_93
13 0.000504 2 16
16 0.000504 3 0 PTP 15 1_5_-778_92
13 0.000504 2 15
16 0.000504 3 0 PTP 14 1_4_-778_91
13 0.000504 2 14
16 0.000504 3 0 PTP 13 1_3_-778_90
13 0.000504 2 13
16 0.000504 3 0 PTP 12 1_2_-778_89
13 0.000504 2 12
9 0.000504 8 4 5000000000.000000
9 0.000504 8 6 5000000000.000000
9 0.000504 8 7 5000000000.000000
9 0.000504 8 3 5000000000.000000
9 0.000504 8 5 5000000000.000000
9 0.000504 8 8 5000000000.000000
9 0.000504 8 2 5000000000.000000
9 0.000504 8 9 5000000000.000000
10 0.000504 8 4 5000000000.000000
10 0.000504 8 6 5000000000.000000
10 0.000504 8 7 5000000000.000000
10 0.000504 8 3 5000000000.000000
10 0.000504 8 5 5000000000.000000
10 0.000504 8 8 5000000000.000000
10 0.000504 8 2 5000000000.000000
10 0.000504 8 9 5000000000.000000
12 0.000504 2 14 19
12 0.000504 2 16 19
12 0.000504 2 17 19
12 0.000504 2 13 19
12 0.000504 2 15 19
12 0.000504 2 18 19
12 0.000504 2 12 19
12 0.000504 2 19 19
13 0.000504 2 19
7 0.000504 1 19
13 0.000504 2 11
7 0.000504 1 11
13 0.000504 2 14
7 0.000504 1 14
13 0.000504 2 16
7 0.000504 1 16
13 0.000504 2 17
7 0.000504 1 17
13 0.000504 2 13
7 0.000504 1 13
13 0.000504 2 15
7 0.000504 1 15
13 0.000504 2 18
7 0.000504 1 18
13 0.000504 2 12
7 0.000504 1 12
7 0.000504 6 1
7 0.000504 6 2
7 0.000504 6 3
7 0.000504 6 4
7 0.000504 6 5
7 0.000504 6 6
7 0.000504 6 7
7 0.000504 6 8
7 0.000504 6 9
7 0.000504 9 10
