#This file was generated using SimGrid-3.20.0
#[./a.out --cfg=smpi/privatization:1 --cfg=surf/precision:1e-9 --cfg=network/model:SMPI --cfg=tracing:yes --cfg=tracing/smpi:yes --cfg=tracing/smpi/internals:yes --cfg=tracing/uncategorized:yes --cfg=tracing/filename:trace_files/allgather_linear.trace ../platforms/linear/config.xml smpitmp-app5TrRth ]
%EventDef PajeDefineContainerType 0
%       Alias string
%       Type string
%       Name string
%EndEventDef
%EventDef PajeDefineVariableType 1
%       Alias string
%       Type string
%       Name string
%       Color color
%EndEventDef
%EventDef PajeDefineStateType 2
%       Alias string
%       Type string
%       Name string
%EndEventDef
%EventDef PajeDefineEventType 3
%       Alias string
%       Type string
%       Name string
%EndEventDef
%EventDef PajeDefineLinkType 4
%       Alias string
%       Type string
%       StartContainerType string
%       EndContainerType string
%       Name string
%EndEventDef
%EventDef PajeDefineEntityValue 5
%       Alias string
%       Type string
%       Name string
%       Color color
%EndEventDef
%EventDef PajeCreateContainer 6
%       Time date
%       Alias string
%       Type string
%       Container string
%       Name string
%EndEventDef
%EventDef PajeDestroyContainer 7
%       Time date
%       Type string
%       Name string
%EndEventDef
%EventDef PajeSetVariable 8
%       Time date
%       Type string
%       Container string
%       Value double
%EndEventDef
%EventDef PajeAddVariable 9
%       Time date
%       Type string
%       Container string
%       Value double
%EndEventDef
%EventDef PajeSubVariable 10
%       Time date
%       Type string
%       Container string
%       Value double
%EndEventDef
%EventDef PajeSetState 11
%       Time date
%       Type string
%       Container string
%       Value string
%EndEventDef
%EventDef PajePushState 12
%       Time date
%       Type string
%       Container string
%       Value string
%EndEventDef
%EventDef PajePopState 13
%       Time date
%       Type string
%       Container string
%EndEventDef
%EventDef PajeResetState 14
%       Time date
%       Type string
%       Container string
%EndEventDef
%EventDef PajeStartLink 15
%       Time date
%       Type string
%       Container string
%       Value string
%       StartContainer string
%       Key string
%EndEventDef
%EventDef PajeEndLink 16
%       Time date
%       Type string
%       Container string
%       Value string
%       EndContainer string
%       Key string
%EndEventDef
%EventDef PajeNewEvent 17
%       Time date
%       Type string
%       Container string
%       Value string
%EndEventDef
0 1 0 MPI
2 2 1 MPI_STATE
4 3 0 1 1 MPI_LINK
4 4 0 1 1 MIGRATE_LINK
2 5 1 MIGRATE_STATE
0 6 0 HOST
6 0.000000 1 6 0 "host0"
1 7 6 power "1 1 1"
1 8 6 power_used "0.5 0.5 0.5"
6 0.000000 2 6 0 "host1"
6 0.000000 3 6 0 "host2"
6 0.000000 4 6 0 "host3"
6 0.000000 5 6 0 "host4"
6 0.000000 6 6 0 "host5"
6 0.000000 7 6 0 "host6"
6 0.000000 8 6 0 "host7"
6 0.000000 9 6 0 "host8"
0 9 0 LINK
6 0.000000 10 9 0 "link0"
1 10 9 bandwidth "1 1 1"
1 11 9 latency "1 1 1"
1 12 9 bandwidth_used "0.5 0.5 0.5"
4 13 0 9 6 0-LINK9-HOST6
4 14 0 6 9 0-HOST6-LINK9
4 15 0 9 9 0-LINK9-LINK9
8 0.000000 7 1 5000000000.000000
8 0.000000 7 2 5000000000.000000
8 0.000000 7 3 5000000000.000000
8 0.000000 7 4 5000000000.000000
8 0.000000 7 5 5000000000.000000
8 0.000000 7 6 5000000000.000000
8 0.000000 7 7 5000000000.000000
8 0.000000 7 8 5000000000.000000
8 0.000000 7 9 5000000000.000000
8 0.000000 10 10 125000000.000000
8 0.000000 11 10 0.000100
15 0.000000 13 0 topology 10 0
16 0.000000 13 0 topology 2 0
15 0.000000 13 0 topology 10 1
16 0.000000 13 0 topology 3 1
15 0.000000 13 0 topology 10 2
16 0.000000 13 0 topology 4 2
15 0.000000 13 0 topology 10 3
16 0.000000 13 0 topology 5 3
15 0.000000 13 0 topology 10 4
16 0.000000 13 0 topology 6 4
15 0.000000 13 0 topology 10 5
16 0.000000 13 0 topology 7 5
15 0.000000 13 0 topology 10 6
16 0.000000 13 0 topology 8 6
15 0.000000 13 0 topology 10 7
16 0.000000 13 0 topology 9 7
15 0.000000 14 0 topology 1 8
16 0.000000 14 0 topology 10 8
15 0.000000 15 0 topology 10 9
16 0.000000 15 0 topology 10 9
6 0.000000 11 1 0 "rank-1"
5 16 2 PMPI_Init "0 1 0"
6 0.000000 12 1 0 "rank-2"
6 0.000000 13 1 0 "rank-3"
6 0.000000 14 1 0 "rank-4"
5 17 2 PMPI_Scatter "1 0.74 0.54"
6 0.000000 15 1 0 "rank-5"
6 0.000000 16 1 0 "rank-6"
6 0.000000 17 1 0 "rank-7"
6 0.000000 18 1 0 "rank-8"
6 0.000000 19 1 0 "rank-9"
12 0.000000 2 11 16
13 0.000000 2 11
12 0.000000 2 12 16
13 0.000000 2 12
12 0.000000 2 13 16
13 0.000000 2 13
12 0.000000 2 14 16
13 0.000000 2 14
12 0.000000 2 14 17
12 0.000000 2 15 16
13 0.000000 2 15
12 0.000000 2 16 16
13 0.000000 2 16
12 0.000000 2 17 16
13 0.000000 2 17
12 0.000000 2 18 16
13 0.000000 2 18
12 0.000000 2 19 16
13 0.000000 2 19
8 0.000000 8 7 0.000000
9 0.000000 8 7 5000000000.000000
8 0.000000 8 8 0.000000
9 0.000000 8 8 5000000000.000000
8 0.000000 8 6 0.000000
9 0.000000 8 6 5000000000.000000
8 0.000000 8 9 0.000000
9 0.000000 8 9 5000000000.000000
8 0.000000 8 2 0.000000
9 0.000000 8 2 5000000000.000000
8 0.000000 8 3 0.000000
9 0.000000 8 3 5000000000.000000
8 0.000000 8 5 0.000000
9 0.000000 8 5 5000000000.000000
8 0.000000 8 1 0.000000
9 0.000000 8 1 5000000000.000000
5 18 2 PMPI_Allgather "1 0 0"
5 19 2 PMPI_Barrier "0 0.78 0.78"
5 20 2 PMPI_Finalize "0 1 0"
10 0.000000 8 7 5000000000.000000
10 0.000000 8 8 5000000000.000000
10 0.000000 8 6 5000000000.000000
10 0.000000 8 9 5000000000.000000
10 0.000000 8 2 5000000000.000000
10 0.000000 8 3 5000000000.000000
10 0.000000 8 5 5000000000.000000
10 0.000000 8 1 5000000000.000000
12 0.000000 2 17 17
12 0.000000 2 18 17
12 0.000000 2 16 17
12 0.000000 2 19 17
12 0.000000 2 12 17
12 0.000000 2 13 17
12 0.000000 2 15 17
12 0.000000 2 11 17
15 0.000000 3 0 PTP 11 1_2_-223_1
15 0.000000 3 0 PTP 11 1_3_-223_2
15 0.000000 3 0 PTP 11 1_4_-223_3
15 0.000000 3 0 PTP 11 1_5_-223_4
15 0.000000 3 0 PTP 11 1_6_-223_5
15 0.000000 3 0 PTP 11 1_7_-223_6
15 0.000000 3 0 PTP 11 1_8_-223_7
15 0.000000 3 0 PTP 11 1_9_-223_8
13 0.000000 2 11
9 0.000000 8 1 5000000000.000000
10 0.000000 8 1 5000000000.000000
12 0.000000 2 11 18
15 0.000000 3 0 PTP 11 1_2_-556_9
15 0.000000 3 0 PTP 11 1_3_-556_10
15 0.000000 3 0 PTP 11 1_4_-556_11
15 0.000000 3 0 PTP 11 1_5_-556_12
15 0.000000 3 0 PTP 11 1_6_-556_13
15 0.000000 3 0 PTP 11 1_7_-556_14
15 0.000000 3 0 PTP 11 1_8_-556_15
15 0.000000 3 0 PTP 11 1_9_-556_16
8 0.000100 12 10 0.000000
9 0.000100 12 10 115476190.476190
10 0.000100 12 10 115476190.476190
9 0.000100 12 10 5773809.523810
10 0.000100 12 10 5773809.523810
16 0.000100 3 0 PTP 12 1_2_-223_1
13 0.000100 2 12
9 0.000100 8 2 5000000000.000000
10 0.000100 8 2 5000000000.000000
12 0.000100 2 12 18
15 0.000100 3 0 PTP 12 2_1_-556_17
15 0.000100 3 0 PTP 12 2_3_-556_18
15 0.000100 3 0 PTP 12 2_4_-556_19
15 0.000100 3 0 PTP 12 2_5_-556_20
15 0.000100 3 0 PTP 12 2_6_-556_21
15 0.000100 3 0 PTP 12 2_7_-556_22
15 0.000100 3 0 PTP 12 2_8_-556_23
15 0.000100 3 0 PTP 12 2_9_-556_24
9 0.000200 12 10 38492063.492063
10 0.000200 12 10 38492063.492063
9 0.000200 12 10 1924603.174603
10 0.000200 12 10 1924603.174603
9 0.000200 12 10 38492063.492063
10 0.000200 12 10 38492063.492063
9 0.000200 12 10 1924603.174603
10 0.000200 12 10 1924603.174603
9 0.000200 12 10 19246031.746032
10 0.000200 12 10 19246031.746032
9 0.000200 12 10 19246031.746032
10 0.000200 12 10 19246031.746032
9 0.000200 12 10 962301.587302
10 0.000200 12 10 962301.587302
9 0.000200 12 10 962301.587302
10 0.000200 12 10 962301.587302
16 0.000200 3 0 PTP 12 1_2_-556_9
16 0.000200 3 0 PTP 11 2_1_-556_17
16 0.000200 3 0 PTP 13 1_3_-223_2
13 0.000200 2 13
9 0.000200 8 3 5000000000.000000
10 0.000200 8 3 5000000000.000000
12 0.000200 2 13 18
15 0.000200 3 0 PTP 13 3_1_-556_25
15 0.000200 3 0 PTP 13 3_2_-556_26
15 0.000200 3 0 PTP 13 3_4_-556_27
15 0.000200 3 0 PTP 13 3_5_-556_28
15 0.000200 3 0 PTP 13 3_6_-556_29
15 0.000200 3 0 PTP 13 3_7_-556_30
15 0.000200 3 0 PTP 13 3_8_-556_31
15 0.000200 3 0 PTP 13 3_9_-556_32
9 0.000300 12 10 38492063.492063
10 0.000300 12 10 38492063.492063
9 0.000300 12 10 1924603.174603
10 0.000300 12 10 1924603.174603
9 0.000300 12 10 38492063.492063
10 0.000300 12 10 38492063.492063
9 0.000300 12 10 1924603.174603
10 0.000300 12 10 1924603.174603
9 0.000300 12 10 12830687.830688
10 0.000300 12 10 12830687.830688
9 0.000300 12 10 12830687.830688
10 0.000300 12 10 12830687.830688
9 0.000300 12 10 12830687.830688
10 0.000300 12 10 12830687.830688
9 0.000300 12 10 641534.391534
10 0.000300 12 10 641534.391534
9 0.000300 12 10 641534.391534
10 0.000300 12 10 641534.391534
9 0.000300 12 10 641534.391534
10 0.000300 12 10 641534.391534
16 0.000300 3 0 PTP 13 2_3_-556_18
16 0.000300 3 0 PTP 12 3_2_-556_26
16 0.000300 3 0 PTP 14 1_4_-223_3
13 0.000300 2 14
8 0.000300 8 4 0.000000
9 0.000300 8 4 5000000000.000000
10 0.000300 8 4 5000000000.000000
12 0.000300 2 14 18
15 0.000300 3 0 PTP 14 4_1_-556_33
15 0.000300 3 0 PTP 14 4_2_-556_34
15 0.000300 3 0 PTP 14 4_3_-556_35
15 0.000300 3 0 PTP 14 4_5_-556_36
15 0.000300 3 0 PTP 14 4_6_-556_37
15 0.000300 3 0 PTP 14 4_7_-556_38
15 0.000300 3 0 PTP 14 4_8_-556_39
15 0.000300 3 0 PTP 14 4_9_-556_40
9 0.000400 12 10 23095238.095238
10 0.000400 12 10 23095238.095238
9 0.000400 12 10 1154761.904762
10 0.000400 12 10 1154761.904762
9 0.000400 12 10 23095238.095238
10 0.000400 12 10 23095238.095238
9 0.000400 12 10 1154761.904762
10 0.000400 12 10 1154761.904762
9 0.000400 12 10 11547619.047619
10 0.000400 12 10 11547619.047619
9 0.000400 12 10 11547619.047619
10 0.000400 12 10 11547619.047619
9 0.000400 12 10 577380.952381
10 0.000400 12 10 577380.952381
9 0.000400 12 10 577380.952381
10 0.000400 12 10 577380.952381
9 0.000400 12 10 11547619.047619
10 0.000400 12 10 11547619.047619
9 0.000400 12 10 11547619.047619
10 0.000400 12 10 11547619.047619
9 0.000400 12 10 577380.952381
10 0.000400 12 10 577380.952381
9 0.000400 12 10 577380.952381
10 0.000400 12 10 577380.952381
9 0.000400 12 10 5773809.523810
10 0.000400 12 10 5773809.523810
9 0.000400 12 10 5773809.523810
10 0.000400 12 10 5773809.523810
9 0.000400 12 10 5773809.523810
10 0.000400 12 10 5773809.523810
9 0.000400 12 10 5773809.523810
10 0.000400 12 10 5773809.523810
9 0.000400 12 10 288690.476190
10 0.000400 12 10 288690.476190
9 0.000400 12 10 288690.476190
10 0.000400 12 10 288690.476190
9 0.000400 12 10 288690.476190
10 0.000400 12 10 288690.476190
9 0.000400 12 10 288690.476190
10 0.000400 12 10 288690.476190
16 0.000400 3 0 PTP 14 3_4_-556_27
16 0.000400 3 0 PTP 13 4_3_-556_35
16 0.000400 3 0 PTP 11 3_1_-556_25
16 0.000400 3 0 PTP 15 1_5_-223_4
13 0.000400 2 15
16 0.000400 3 0 PTP 13 1_3_-556_10
9 0.000400 8 5 5000000000.000000
10 0.000400 8 5 5000000000.000000
12 0.000400 2 15 18
15 0.000400 3 0 PTP 15 5_1_-556_41
15 0.000400 3 0 PTP 15 5_2_-556_42
15 0.000400 3 0 PTP 15 5_3_-556_43
15 0.000400 3 0 PTP 15 5_4_-556_44
15 0.000400 3 0 PTP 15 5_6_-556_45
15 0.000400 3 0 PTP 15 5_7_-556_46
15 0.000400 3 0 PTP 15 5_8_-556_47
15 0.000400 3 0 PTP 15 5_9_-556_48
9 0.000500 12 10 11547619.047619
10 0.000500 12 10 11547619.047619
9 0.000500 12 10 11547619.047619
10 0.000500 12 10 11547619.047619
9 0.000500 12 10 577380.952381
10 0.000500 12 10 577380.952381
9 0.000500 12 10 577380.952381
10 0.000500 12 10 577380.952381
9 0.000500 12 10 11547619.047619
10 0.000500 12 10 11547619.047619
9 0.000500 12 10 11547619.047619
10 0.000500 12 10 11547619.047619
9 0.000500 12 10 577380.952381
10 0.000500 12 10 577380.952381
9 0.000500 12 10 577380.952381
10 0.000500 12 10 577380.952381
9 0.000500 12 10 23095238.095238
10 0.000500 12 10 23095238.095238
9 0.000500 12 10 1154761.904762
10 0.000500 12 10 1154761.904762
9 0.000500 12 10 23095238.095238
10 0.000500 12 10 23095238.095238
9 0.000500 12 10 1154761.904762
10 0.000500 12 10 1154761.904762
9 0.000500 12 10 4619047.619048
10 0.000500 12 10 4619047.619048
9 0.000500 12 10 4619047.619048
10 0.000500 12 10 4619047.619048
9 0.000500 12 10 4619047.619048
10 0.000500 12 10 4619047.619048
9 0.000500 12 10 4619047.619048
10 0.000500 12 10 4619047.619048
9 0.000500 12 10 4619047.619048
10 0.000500 12 10 4619047.619048
9 0.000500 12 10 230952.380952
10 0.000500 12 10 230952.380952
9 0.000500 12 10 230952.380952
10 0.000500 12 10 230952.380952
9 0.000500 12 10 230952.380952
10 0.000500 12 10 230952.380952
9 0.000500 12 10 230952.380952
10 0.000500 12 10 230952.380952
9 0.000500 12 10 230952.380952
10 0.000500 12 10 230952.380952
16 0.000500 3 0 PTP 14 2_4_-556_19
16 0.000500 3 0 PTP 12 4_2_-556_34
16 0.000500 3 0 PTP 15 4_5_-556_36
16 0.000500 3 0 PTP 16 1_6_-223_5
13 0.000500 2 16
16 0.000500 3 0 PTP 14 5_4_-556_44
9 0.000500 8 6 5000000000.000000
10 0.000500 8 6 5000000000.000000
12 0.000500 2 16 18
15 0.000500 3 0 PTP 16 6_1_-556_49
15 0.000500 3 0 PTP 16 6_2_-556_50
15 0.000500 3 0 PTP 16 6_3_-556_51
15 0.000500 3 0 PTP 16 6_4_-556_52
15 0.000500 3 0 PTP 16 6_5_-556_53
15 0.000500 3 0 PTP 16 6_7_-556_54
15 0.000500 3 0 PTP 16 6_8_-556_55
15 0.000500 3 0 PTP 16 6_9_-556_56
9 0.000600 12 10 5498866.213152
10 0.000600 12 10 5498866.213152
9 0.000600 12 10 5498866.213152
10 0.000600 12 10 5498866.213152
9 0.000600 12 10 5498866.213152
10 0.000600 12 10 5498866.213152
9 0.000600 12 10 274943.310658
10 0.000600 12 10 274943.310658
9 0.000600 12 10 274943.310658
10 0.000600 12 10 274943.310658
9 0.000600 12 10 274943.310658
10 0.000600 12 10 274943.310658
9 0.000600 12 10 5498866.213152
10 0.000600 12 10 5498866.213152
9 0.000600 12 10 5498866.213152
10 0.000600 12 10 5498866.213152
9 0.000600 12 10 5498866.213152
10 0.000600 12 10 5498866.213152
9 0.000600 12 10 274943.310658
10 0.000600 12 10 274943.310658
9 0.000600 12 10 274943.310658
10 0.000600 12 10 274943.310658
9 0.000600 12 10 274943.310658
10 0.000600 12 10 274943.310658
9 0.000600 12 10 8248299.319728
10 0.000600 12 10 8248299.319728
9 0.000600 12 10 8248299.319728
10 0.000600 12 10 8248299.319728
9 0.000600 12 10 412414.965986
10 0.000600 12 10 412414.965986
9 0.000600 12 10 412414.965986
10 0.000600 12 10 412414.965986
9 0.000600 12 10 8248299.319728
10 0.000600 12 10 8248299.319728
9 0.000600 12 10 8248299.319728
10 0.000600 12 10 8248299.319728
9 0.000600 12 10 412414.965986
10 0.000600 12 10 412414.965986
9 0.000600 12 10 412414.965986
10 0.000600 12 10 412414.965986
9 0.000600 12 10 16496598.639456
10 0.000600 12 10 16496598.639456
9 0.000600 12 10 824829.931973
10 0.000600 12 10 824829.931973
9 0.000600 12 10 16496598.639456
10 0.000600 12 10 16496598.639456
9 0.000600 12 10 824829.931973
10 0.000600 12 10 824829.931973
9 0.000600 12 10 2749433.106576
10 0.000600 12 10 2749433.106576
9 0.000600 12 10 2749433.106576
10 0.000600 12 10 2749433.106576
9 0.000600 12 10 2749433.106576
10 0.000600 12 10 2749433.106576
9 0.000600 12 10 2749433.106576
10 0.000600 12 10 2749433.106576
9 0.000600 12 10 2749433.106576
10 0.000600 12 10 2749433.106576
9 0.000600 12 10 2749433.106576
10 0.000600 12 10 2749433.106576
9 0.000600 12 10 137471.655329
10 0.000600 12 10 137471.655329
9 0.000600 12 10 137471.655329
10 0.000600 12 10 137471.655329
9 0.000600 12 10 137471.655329
10 0.000600 12 10 137471.655329
9 0.000600 12 10 137471.655329
10 0.000600 12 10 137471.655329
9 0.000600 12 10 137471.655329
10 0.000600 12 10 137471.655329
9 0.000600 12 10 137471.655329
10 0.000600 12 10 137471.655329
16 0.000600 3 0 PTP 14 1_4_-556_11
16 0.000600 3 0 PTP 11 4_1_-556_33
16 0.000600 3 0 PTP 15 3_5_-556_28
16 0.000600 3 0 PTP 13 5_3_-556_43
16 0.000600 3 0 PTP 16 5_6_-556_45
16 0.000600 3 0 PTP 17 1_7_-223_6
13 0.000600 2 17
16 0.000600 3 0 PTP 15 6_5_-556_53
9 0.000600 8 7 5000000000.000000
10 0.000600 8 7 5000000000.000000
12 0.000600 2 17 18
15 0.000600 3 0 PTP 17 7_1_-556_57
15 0.000600 3 0 PTP 17 7_2_-556_58
15 0.000600 3 0 PTP 17 7_3_-556_59
15 0.000600 3 0 PTP 17 7_4_-556_60
15 0.000600 3 0 PTP 17 7_5_-556_61
15 0.000600 3 0 PTP 17 7_6_-556_62
15 0.000600 3 0 PTP 17 7_8_-556_63
15 0.000600 3 0 PTP 17 7_9_-556_64
9 0.000700 12 10 16496598.639456
10 0.000700 12 10 16496598.639456
9 0.000700 12 10 824829.931973
10 0.000700 12 10 824829.931973
9 0.000700 12 10 16496598.639456
10 0.000700 12 10 16496598.639456
9 0.000700 12 10 824829.931973
10 0.000700 12 10 824829.931973
9 0.000700 12 10 5498866.213152
10 0.000700 12 10 5498866.213152
9 0.000700 12 10 5498866.213152
10 0.000700 12 10 5498866.213152
9 0.000700 12 10 5498866.213152
10 0.000700 12 10 5498866.213152
9 0.000700 12 10 274943.310658
10 0.000700 12 10 274943.310658
9 0.000700 12 10 274943.310658
10 0.000700 12 10 274943.310658
9 0.000700 12 10 274943.310658
10 0.000700 12 10 274943.310658
9 0.000700 12 10 5498866.213152
10 0.000700 12 10 5498866.213152
9 0.000700 12 10 5498866.213152
10 0.000700 12 10 5498866.213152
9 0.000700 12 10 5498866.213152
10 0.000700 12 10 5498866.213152
9 0.000700 12 10 274943.310658
10 0.000700 12 10 274943.310658
9 0.000700 12 10 274943.310658
10 0.000700 12 10 274943.310658
9 0.000700 12 10 274943.310658
10 0.000700 12 10 274943.310658
9 0.000700 12 10 8248299.319728
10 0.000700 12 10 8248299.319728
9 0.000700 12 10 8248299.319728
10 0.000700 12 10 8248299.319728
9 0.000700 12 10 412414.965986
10 0.000700 12 10 412414.965986
9 0.000700 12 10 412414.965986
10 0.000700 12 10 412414.965986
9 0.000700 12 10 8248299.319728
10 0.000700 12 10 8248299.319728
9 0.000700 12 10 8248299.319728
10 0.000700 12 10 8248299.319728
9 0.000700 12 10 412414.965986
10 0.000700 12 10 412414.965986
9 0.000700 12 10 412414.965986
10 0.000700 12 10 412414.965986
9 0.000700 12 10 2356656.948494
10 0.000700 12 10 2356656.948494
9 0.000700 12 10 2356656.948494
10 0.000700 12 10 2356656.948494
9 0.000700 12 10 2356656.948494
10 0.000700 12 10 2356656.948494
9 0.000700 12 10 2356656.948494
10 0.000700 12 10 2356656.948494
9 0.000700 12 10 2356656.948494
10 0.000700 12 10 2356656.948494
9 0.000700 12 10 2356656.948494
10 0.000700 12 10 2356656.948494
9 0.000700 12 10 2356656.948494
10 0.000700 12 10 2356656.948494
9 0.000700 12 10 117832.847425
10 0.000700 12 10 117832.847425
9 0.000700 12 10 117832.847425
10 0.000700 12 10 117832.847425
9 0.000700 12 10 117832.847425
10 0.000700 12 10 117832.847425
9 0.000700 12 10 117832.847425
10 0.000700 12 10 117832.847425
9 0.000700 12 10 117832.847425
10 0.000700 12 10 117832.847425
9 0.000700 12 10 117832.847425
10 0.000700 12 10 117832.847425
9 0.000700 12 10 117832.847425
10 0.000700 12 10 117832.847425
16 0.000700 3 0 PTP 17 6_7_-556_54
16 0.000700 3 0 PTP 16 7_6_-556_62
16 0.000700 3 0 PTP 15 2_5_-556_20
16 0.000700 3 0 PTP 12 5_2_-556_42
16 0.000700 3 0 PTP 14 6_4_-556_52
16 0.000700 3 0 PTP 18 1_8_-223_7
13 0.000700 2 18
16 0.000700 3 0 PTP 16 4_6_-556_37
9 0.000700 8 8 5000000000.000000
10 0.000700 8 8 5000000000.000000
12 0.000700 2 18 18
15 0.000700 3 0 PTP 18 8_1_-556_65
15 0.000700 3 0 PTP 18 8_2_-556_66
15 0.000700 3 0 PTP 18 8_3_-556_67
15 0.000700 3 0 PTP 18 8_4_-556_68
15 0.000700 3 0 PTP 18 8_5_-556_69
15 0.000700 3 0 PTP 18 8_6_-556_70
15 0.000700 3 0 PTP 18 8_7_-556_71
15 0.000700 3 0 PTP 18 8_9_-556_72
9 0.000800 12 10 12830687.830688
10 0.000800 12 10 12830687.830688
9 0.000800 12 10 641534.391534
10 0.000800 12 10 641534.391534
9 0.000800 12 10 12830687.830688
10 0.000800 12 10 12830687.830688
9 0.000800 12 10 641534.391534
10 0.000800 12 10 641534.391534
9 0.000800 12 10 6415343.915344
10 0.000800 12 10 6415343.915344
9 0.000800 12 10 6415343.915344
10 0.000800 12 10 6415343.915344
9 0.000800 12 10 320767.195767
10 0.000800 12 10 320767.195767
9 0.000800 12 10 320767.195767
10 0.000800 12 10 320767.195767
9 0.000800 12 10 6415343.915344
10 0.000800 12 10 6415343.915344
9 0.000800 12 10 6415343.915344
10 0.000800 12 10 6415343.915344
9 0.000800 12 10 320767.195767
10 0.000800 12 10 320767.195767
9 0.000800 12 10 320767.195767
10 0.000800 12 10 320767.195767
9 0.000800 12 10 3207671.957672
10 0.000800 12 10 3207671.957672
9 0.000800 12 10 3207671.957672
10 0.000800 12 10 3207671.957672
9 0.000800 12 10 3207671.957672
10 0.000800 12 10 3207671.957672
9 0.000800 12 10 3207671.957672
10 0.000800 12 10 3207671.957672
9 0.000800 12 10 160383.597884
10 0.000800 12 10 160383.597884
9 0.000800 12 10 160383.597884
10 0.000800 12 10 160383.597884
9 0.000800 12 10 160383.597884
10 0.000800 12 10 160383.597884
9 0.000800 12 10 160383.597884
10 0.000800 12 10 160383.597884
9 0.000800 12 10 3207671.957672
10 0.000800 12 10 3207671.957672
9 0.000800 12 10 3207671.957672
10 0.000800 12 10 3207671.957672
9 0.000800 12 10 3207671.957672
10 0.000800 12 10 3207671.957672
9 0.000800 12 10 3207671.957672
10 0.000800 12 10 3207671.957672
9 0.000800 12 10 160383.597884
10 0.000800 12 10 160383.597884
9 0.000800 12 10 160383.597884
10 0.000800 12 10 160383.597884
9 0.000800 12 10 160383.597884
10 0.000800 12 10 160383.597884
9 0.000800 12 10 160383.597884
10 0.000800 12 10 160383.597884
9 0.000800 12 10 4276895.943563
10 0.000800 12 10 4276895.943563
9 0.000800 12 10 4276895.943563
10 0.000800 12 10 4276895.943563
9 0.000800 12 10 4276895.943563
10 0.000800 12 10 4276895.943563
9 0.000800 12 10 213844.797178
10 0.000800 12 10 213844.797178
9 0.000800 12 10 213844.797178
10 0.000800 12 10 213844.797178
9 0.000800 12 10 213844.797178
10 0.000800 12 10 213844.797178
9 0.000800 12 10 4276895.943563
10 0.000800 12 10 4276895.943563
9 0.000800 12 10 4276895.943563
10 0.000800 12 10 4276895.943563
9 0.000800 12 10 4276895.943563
10 0.000800 12 10 4276895.943563
9 0.000800 12 10 213844.797178
10 0.000800 12 10 213844.797178
9 0.000800 12 10 213844.797178
10 0.000800 12 10 213844.797178
9 0.000800 12 10 213844.797178
10 0.000800 12 10 213844.797178
9 0.000800 12 10 1603835.978836
10 0.000800 12 10 1603835.978836
9 0.000800 12 10 1603835.978836
10 0.000800 12 10 1603835.978836
9 0.000800 12 10 1603835.978836
10 0.000800 12 10 1603835.978836
9 0.000800 12 10 1603835.978836
10 0.000800 12 10 1603835.978836
9 0.000800 12 10 1603835.978836
10 0.000800 12 10 1603835.978836
9 0.000800 12 10 1603835.978836
10 0.000800 12 10 1603835.978836
9 0.000800 12 10 1603835.978836
10 0.000800 12 10 1603835.978836
9 0.000800 12 10 1603835.978836
10 0.000800 12 10 1603835.978836
9 0.000800 12 10 80191.798942
10 0.000800 12 10 80191.798942
9 0.000800 12 10 80191.798942
10 0.000800 12 10 80191.798942
9 0.000800 12 10 80191.798942
10 0.000800 12 10 80191.798942
9 0.000800 12 10 80191.798942
10 0.000800 12 10 80191.798942
9 0.000800 12 10 80191.798942
10 0.000800 12 10 80191.798942
9 0.000800 12 10 80191.798942
10 0.000800 12 10 80191.798942
9 0.000800 12 10 80191.798942
10 0.000800 12 10 80191.798942
9 0.000800 12 10 80191.798942
10 0.000800 12 10 80191.798942
16 0.000800 3 0 PTP 18 7_8_-556_63
16 0.000800 3 0 PTP 17 8_7_-556_71
16 0.000800 3 0 PTP 15 7_5_-556_61
16 0.000800 3 0 PTP 11 5_1_-556_41
16 0.000800 3 0 PTP 16 3_6_-556_29
16 0.000800 3 0 PTP 13 6_3_-556_51
16 0.000800 3 0 PTP 19 1_9_-223_8
13 0.000800 2 19
16 0.000800 3 0 PTP 17 5_7_-556_46
16 0.000800 3 0 PTP 15 1_5_-556_12
9 0.000800 8 9 5000000000.000000
10 0.000800 8 9 5000000000.000000
12 0.000800 2 19 18
15 0.000800 3 0 PTP 19 9_1_-556_73
15 0.000800 3 0 PTP 19 9_2_-556_74
15 0.000800 3 0 PTP 19 9_3_-556_75
15 0.000800 3 0 PTP 19 9_4_-556_76
15 0.000800 3 0 PTP 19 9_5_-556_77
15 0.000800 3 0 PTP 19 9_6_-556_78
15 0.000800 3 0 PTP 19 9_7_-556_79
15 0.000800 3 0 PTP 19 9_8_-556_80
9 0.000900 12 10 7217261.904762
10 0.000900 12 10 7217261.904762
9 0.000900 12 10 7217261.904762
10 0.000900 12 10 7217261.904762
9 0.000900 12 10 360863.095238
10 0.000900 12 10 360863.095238
9 0.000900 12 10 360863.095238
10 0.000900 12 10 360863.095238
9 0.000900 12 10 7217261.904762
10 0.000900 12 10 7217261.904762
9 0.000900 12 10 7217261.904762
10 0.000900 12 10 7217261.904762
9 0.000900 12 10 360863.095238
10 0.000900 12 10 360863.095238
9 0.000900 12 10 360863.095238
10 0.000900 12 10 360863.095238
9 0.000900 12 10 4811507.936508
10 0.000900 12 10 4811507.936508
9 0.000900 12 10 4811507.936508
10 0.000900 12 10 4811507.936508
9 0.000900 12 10 4811507.936508
10 0.000900 12 10 4811507.936508
9 0.000900 12 10 240575.396825
10 0.000900 12 10 240575.396825
9 0.000900 12 10 240575.396825
10 0.000900 12 10 240575.396825
9 0.000900 12 10 240575.396825
10 0.000900 12 10 240575.396825
9 0.000900 12 10 4811507.936508
10 0.000900 12 10 4811507.936508
9 0.000900 12 10 4811507.936508
10 0.000900 12 10 4811507.936508
9 0.000900 12 10 4811507.936508
10 0.000900 12 10 4811507.936508
9 0.000900 12 10 240575.396825
10 0.000900 12 10 240575.396825
9 0.000900 12 10 240575.396825
10 0.000900 12 10 240575.396825
9 0.000900 12 10 240575.396825
10 0.000900 12 10 240575.396825
9 0.000900 12 10 14434523.809524
10 0.000900 12 10 14434523.809524
9 0.000900 12 10 721726.190476
10 0.000900 12 10 721726.190476
9 0.000900 12 10 14434523.809524
10 0.000900 12 10 14434523.809524
9 0.000900 12 10 721726.190476
10 0.000900 12 10 721726.190476
9 0.000900 12 10 3608630.952381
10 0.000900 12 10 3608630.952381
9 0.000900 12 10 3608630.952381
10 0.000900 12 10 3608630.952381
9 0.000900 12 10 3608630.952381
10 0.000900 12 10 3608630.952381
9 0.000900 12 10 3608630.952381
10 0.000900 12 10 3608630.952381
9 0.000900 12 10 180431.547619
10 0.000900 12 10 180431.547619
9 0.000900 12 10 180431.547619
10 0.000900 12 10 180431.547619
9 0.000900 12 10 180431.547619
10 0.000900 12 10 180431.547619
9 0.000900 12 10 180431.547619
10 0.000900 12 10 180431.547619
9 0.000900 12 10 3608630.952381
10 0.000900 12 10 3608630.952381
9 0.000900 12 10 3608630.952381
10 0.000900 12 10 3608630.952381
9 0.000900 12 10 3608630.952381
10 0.000900 12 10 3608630.952381
9 0.000900 12 10 3608630.952381
10 0.000900 12 10 3608630.952381
9 0.000900 12 10 180431.547619
10 0.000900 12 10 180431.547619
9 0.000900 12 10 180431.547619
10 0.000900 12 10 180431.547619
9 0.000900 12 10 180431.547619
10 0.000900 12 10 180431.547619
9 0.000900 12 10 180431.547619
10 0.000900 12 10 180431.547619
16 0.000900 3 0 PTP 18 6_8_-556_55
16 0.000900 3 0 PTP 16 8_6_-556_70
16 0.000900 3 0 PTP 17 4_7_-556_38
16 0.000900 3 0 PTP 14 7_4_-556_60
16 0.000900 3 0 PTP 19 8_9_-556_72
16 0.000900 3 0 PTP 12 6_2_-556_50
16 0.000900 3 0 PTP 18 9_8_-556_80
16 0.000900 3 0 PTP 16 2_6_-556_21
9 0.001000 12 10 4811507.936508
10 0.001000 12 10 4811507.936508
9 0.001000 12 10 4811507.936508
10 0.001000 12 10 4811507.936508
9 0.001000 12 10 4811507.936508
10 0.001000 12 10 4811507.936508
9 0.001000 12 10 240575.396825
10 0.001000 12 10 240575.396825
9 0.001000 12 10 240575.396825
10 0.001000 12 10 240575.396825
9 0.001000 12 10 240575.396825
10 0.001000 12 10 240575.396825
9 0.001000 12 10 4811507.936508
10 0.001000 12 10 4811507.936508
9 0.001000 12 10 4811507.936508
10 0.001000 12 10 4811507.936508
9 0.001000 12 10 4811507.936508
10 0.001000 12 10 4811507.936508
9 0.001000 12 10 240575.396825
10 0.001000 12 10 240575.396825
9 0.001000 12 10 240575.396825
10 0.001000 12 10 240575.396825
9 0.001000 12 10 240575.396825
10 0.001000 12 10 240575.396825
9 0.001000 12 10 3608630.952381
10 0.001000 12 10 3608630.952381
9 0.001000 12 10 3608630.952381
10 0.001000 12 10 3608630.952381
9 0.001000 12 10 3608630.952381
10 0.001000 12 10 3608630.952381
9 0.001000 12 10 3608630.952381
10 0.001000 12 10 3608630.952381
9 0.001000 12 10 180431.547619
10 0.001000 12 10 180431.547619
9 0.001000 12 10 180431.547619
10 0.001000 12 10 180431.547619
9 0.001000 12 10 180431.547619
10 0.001000 12 10 180431.547619
9 0.001000 12 10 180431.547619
10 0.001000 12 10 180431.547619
9 0.001000 12 10 3608630.952381
10 0.001000 12 10 3608630.952381
9 0.001000 12 10 3608630.952381
10 0.001000 12 10 3608630.952381
9 0.001000 12 10 3608630.952381
10 0.001000 12 10 3608630.952381
9 0.001000 12 10 3608630.952381
10 0.001000 12 10 3608630.952381
9 0.001000 12 10 180431.547619
10 0.001000 12 10 180431.547619
9 0.001000 12 10 180431.547619
10 0.001000 12 10 180431.547619
9 0.001000 12 10 180431.547619
10 0.001000 12 10 180431.547619
9 0.001000 12 10 180431.547619
10 0.001000 12 10 180431.547619
9 0.001000 12 10 7217261.904762
10 0.001000 12 10 7217261.904762
9 0.001000 12 10 7217261.904762
10 0.001000 12 10 7217261.904762
9 0.001000 12 10 360863.095238
10 0.001000 12 10 360863.095238
9 0.001000 12 10 360863.095238
10 0.001000 12 10 360863.095238
9 0.001000 12 10 7217261.904762
10 0.001000 12 10 7217261.904762
9 0.001000 12 10 7217261.904762
10 0.001000 12 10 7217261.904762
9 0.001000 12 10 360863.095238
10 0.001000 12 10 360863.095238
9 0.001000 12 10 360863.095238
10 0.001000 12 10 360863.095238
9 0.001000 12 10 2886904.761905
10 0.001000 12 10 2886904.761905
9 0.001000 12 10 2886904.761905
10 0.001000 12 10 2886904.761905
9 0.001000 12 10 2886904.761905
10 0.001000 12 10 2886904.761905
9 0.001000 12 10 2886904.761905
10 0.001000 12 10 2886904.761905
9 0.001000 12 10 2886904.761905
10 0.001000 12 10 2886904.761905
9 0.001000 12 10 144345.238095
10 0.001000 12 10 144345.238095
9 0.001000 12 10 144345.238095
10 0.001000 12 10 144345.238095
9 0.001000 12 10 144345.238095
10 0.001000 12 10 144345.238095
9 0.001000 12 10 144345.238095
10 0.001000 12 10 144345.238095
9 0.001000 12 10 144345.238095
10 0.001000 12 10 144345.238095
9 0.001000 12 10 2886904.761905
10 0.001000 12 10 2886904.761905
9 0.001000 12 10 2886904.761905
10 0.001000 12 10 2886904.761905
9 0.001000 12 10 2886904.761905
10 0.001000 12 10 2886904.761905
9 0.001000 12 10 2886904.761905
10 0.001000 12 10 2886904.761905
9 0.001000 12 10 2886904.761905
10 0.001000 12 10 2886904.761905
9 0.001000 12 10 144345.238095
10 0.001000 12 10 144345.238095
9 0.001000 12 10 144345.238095
10 0.001000 12 10 144345.238095
9 0.001000 12 10 144345.238095
10 0.001000 12 10 144345.238095
9 0.001000 12 10 144345.238095
10 0.001000 12 10 144345.238095
9 0.001000 12 10 144345.238095
10 0.001000 12 10 144345.238095
16 0.001000 3 0 PTP 18 5_8_-556_47
16 0.001000 3 0 PTP 15 8_5_-556_69
16 0.001000 3 0 PTP 17 3_7_-556_30
16 0.001000 3 0 PTP 13 7_3_-556_59
16 0.001000 3 0 PTP 19 7_9_-556_64
16 0.001000 3 0 PTP 16 1_6_-556_13
16 0.001000 3 0 PTP 11 6_1_-556_49
16 0.001000 3 0 PTP 17 9_7_-556_79
9 0.001100 12 10 4811507.936508
10 0.001100 12 10 4811507.936508
9 0.001100 12 10 4811507.936508
10 0.001100 12 10 4811507.936508
9 0.001100 12 10 4811507.936508
10 0.001100 12 10 4811507.936508
9 0.001100 12 10 4811507.936508
10 0.001100 12 10 4811507.936508
9 0.001100 12 10 240575.396825
10 0.001100 12 10 240575.396825
9 0.001100 12 10 240575.396825
10 0.001100 12 10 240575.396825
9 0.001100 12 10 240575.396825
10 0.001100 12 10 240575.396825
9 0.001100 12 10 240575.396825
10 0.001100 12 10 240575.396825
9 0.001100 12 10 4811507.936508
10 0.001100 12 10 4811507.936508
9 0.001100 12 10 4811507.936508
10 0.001100 12 10 4811507.936508
9 0.001100 12 10 4811507.936508
10 0.001100 12 10 4811507.936508
9 0.001100 12 10 4811507.936508
10 0.001100 12 10 4811507.936508
9 0.001100 12 10 240575.396825
10 0.001100 12 10 240575.396825
9 0.001100 12 10 240575.396825
10 0.001100 12 10 240575.396825
9 0.001100 12 10 240575.396825
10 0.001100 12 10 240575.396825
9 0.001100 12 10 240575.396825
10 0.001100 12 10 240575.396825
9 0.001100 12 10 3849206.349206
10 0.001100 12 10 3849206.349206
9 0.001100 12 10 3849206.349206
10 0.001100 12 10 3849206.349206
9 0.001100 12 10 3849206.349206
10 0.001100 12 10 3849206.349206
9 0.001100 12 10 3849206.349206
10 0.001100 12 10 3849206.349206
9 0.001100 12 10 3849206.349206
10 0.001100 12 10 3849206.349206
9 0.001100 12 10 192460.317460
10 0.001100 12 10 192460.317460
9 0.001100 12 10 192460.317460
10 0.001100 12 10 192460.317460
9 0.001100 12 10 192460.317460
10 0.001100 12 10 192460.317460
9 0.001100 12 10 192460.317460
10 0.001100 12 10 192460.317460
9 0.001100 12 10 192460.317460
10 0.001100 12 10 192460.317460
9 0.001100 12 10 3849206.349206
10 0.001100 12 10 3849206.349206
9 0.001100 12 10 3849206.349206
10 0.001100 12 10 3849206.349206
9 0.001100 12 10 3849206.349206
10 0.001100 12 10 3849206.349206
9 0.001100 12 10 3849206.349206
10 0.001100 12 10 3849206.349206
9 0.001100 12 10 3849206.349206
10 0.001100 12 10 3849206.349206
9 0.001100 12 10 192460.317460
10 0.001100 12 10 192460.317460
9 0.001100 12 10 192460.317460
10 0.001100 12 10 192460.317460
9 0.001100 12 10 192460.317460
10 0.001100 12 10 192460.317460
9 0.001100 12 10 192460.317460
10 0.001100 12 10 192460.317460
9 0.001100 12 10 192460.317460
10 0.001100 12 10 192460.317460
9 0.001100 12 10 6415343.915344
10 0.001100 12 10 6415343.915344
9 0.001100 12 10 6415343.915344
10 0.001100 12 10 6415343.915344
9 0.001100 12 10 6415343.915344
10 0.001100 12 10 6415343.915344
9 0.001100 12 10 320767.195767
10 0.001100 12 10 320767.195767
9 0.001100 12 10 320767.195767
10 0.001100 12 10 320767.195767
9 0.001100 12 10 320767.195767
10 0.001100 12 10 320767.195767
9 0.001100 12 10 6415343.915344
10 0.001100 12 10 6415343.915344
9 0.001100 12 10 6415343.915344
10 0.001100 12 10 6415343.915344
9 0.001100 12 10 6415343.915344
10 0.001100 12 10 6415343.915344
9 0.001100 12 10 320767.195767
10 0.001100 12 10 320767.195767
9 0.001100 12 10 320767.195767
10 0.001100 12 10 320767.195767
9 0.001100 12 10 320767.195767
10 0.001100 12 10 320767.195767
16 0.001100 3 0 PTP 18 4_8_-556_39
16 0.001100 3 0 PTP 14 8_4_-556_68
16 0.001100 3 0 PTP 17 2_7_-556_22
16 0.001100 3 0 PTP 12 7_2_-556_58
16 0.001100 3 0 PTP 19 6_9_-556_56
16 0.001100 3 0 PTP 16 9_6_-556_78
13 0.001100 2 16
9 0.001100 8 6 5000000000.000000
10 0.001100 8 6 5000000000.000000
12 0.001100 2 16 19
15 0.001100 3 0 PTP 16 6_1_-778_81
9 0.001200 12 10 3849206.349206
10 0.001200 12 10 3849206.349206
9 0.001200 12 10 3849206.349206
10 0.001200 12 10 3849206.349206
9 0.001200 12 10 3849206.349206
10 0.001200 12 10 3849206.349206
9 0.001200 12 10 3849206.349206
10 0.001200 12 10 3849206.349206
9 0.001200 12 10 3849206.349206
10 0.001200 12 10 3849206.349206
9 0.001200 12 10 192460.317460
10 0.001200 12 10 192460.317460
9 0.001200 12 10 192460.317460
10 0.001200 12 10 192460.317460
9 0.001200 12 10 192460.317460
10 0.001200 12 10 192460.317460
9 0.001200 12 10 192460.317460
10 0.001200 12 10 192460.317460
9 0.001200 12 10 192460.317460
10 0.001200 12 10 192460.317460
9 0.001200 12 10 3849206.349206
10 0.001200 12 10 3849206.349206
9 0.001200 12 10 3849206.349206
10 0.001200 12 10 3849206.349206
9 0.001200 12 10 3849206.349206
10 0.001200 12 10 3849206.349206
9 0.001200 12 10 3849206.349206
10 0.001200 12 10 3849206.349206
9 0.001200 12 10 3849206.349206
10 0.001200 12 10 3849206.349206
9 0.001200 12 10 192460.317460
10 0.001200 12 10 192460.317460
9 0.001200 12 10 192460.317460
10 0.001200 12 10 192460.317460
9 0.001200 12 10 192460.317460
10 0.001200 12 10 192460.317460
9 0.001200 12 10 192460.317460
10 0.001200 12 10 192460.317460
9 0.001200 12 10 192460.317460
10 0.001200 12 10 192460.317460
9 0.001200 12 10 3207671.957672
10 0.001200 12 10 3207671.957672
9 0.001200 12 10 3207671.957672
10 0.001200 12 10 3207671.957672
9 0.001200 12 10 3207671.957672
10 0.001200 12 10 3207671.957672
9 0.001200 12 10 3207671.957672
10 0.001200 12 10 3207671.957672
9 0.001200 12 10 3207671.957672
10 0.001200 12 10 3207671.957672
9 0.001200 12 10 3207671.957672
10 0.001200 12 10 3207671.957672
9 0.001200 12 10 160383.597884
10 0.001200 12 10 160383.597884
9 0.001200 12 10 160383.597884
10 0.001200 12 10 160383.597884
9 0.001200 12 10 160383.597884
10 0.001200 12 10 160383.597884
9 0.001200 12 10 160383.597884
10 0.001200 12 10 160383.597884
9 0.001200 12 10 160383.597884
10 0.001200 12 10 160383.597884
9 0.001200 12 10 160383.597884
10 0.001200 12 10 160383.597884
9 0.001200 12 10 3207671.957672
10 0.001200 12 10 3207671.957672
9 0.001200 12 10 3207671.957672
10 0.001200 12 10 3207671.957672
9 0.001200 12 10 3207671.957672
10 0.001200 12 10 3207671.957672
9 0.001200 12 10 3207671.957672
10 0.001200 12 10 3207671.957672
9 0.001200 12 10 3207671.957672
10 0.001200 12 10 3207671.957672
9 0.001200 12 10 3207671.957672
10 0.001200 12 10 3207671.957672
9 0.001200 12 10 160383.597884
10 0.001200 12 10 160383.597884
9 0.001200 12 10 160383.597884
10 0.001200 12 10 160383.597884
9 0.001200 12 10 160383.597884
10 0.001200 12 10 160383.597884
9 0.001200 12 10 160383.597884
10 0.001200 12 10 160383.597884
9 0.001200 12 10 160383.597884
10 0.001200 12 10 160383.597884
9 0.001200 12 10 160383.597884
10 0.001200 12 10 160383.597884
9 0.001200 12 10 4811507.936508
10 0.001200 12 10 4811507.936508
9 0.001200 12 10 4811507.936508
10 0.001200 12 10 4811507.936508
9 0.001200 12 10 4811507.936508
10 0.001200 12 10 4811507.936508
9 0.001200 12 10 4811507.936508
10 0.001200 12 10 4811507.936508
9 0.001200 12 10 240575.396825
10 0.001200 12 10 240575.396825
9 0.001200 12 10 240575.396825
10 0.001200 12 10 240575.396825
9 0.001200 12 10 240575.396825
10 0.001200 12 10 240575.396825
9 0.001200 12 10 240575.396825
10 0.001200 12 10 240575.396825
9 0.001200 12 10 4811507.936508
10 0.001200 12 10 4811507.936508
9 0.001200 12 10 4811507.936508
10 0.001200 12 10 4811507.936508
9 0.001200 12 10 4811507.936508
10 0.001200 12 10 4811507.936508
9 0.001200 12 10 4811507.936508
10 0.001200 12 10 4811507.936508
9 0.001200 12 10 240575.396825
10 0.001200 12 10 240575.396825
9 0.001200 12 10 240575.396825
10 0.001200 12 10 240575.396825
9 0.001200 12 10 240575.396825
10 0.001200 12 10 240575.396825
9 0.001200 12 10 240575.396825
10 0.001200 12 10 240575.396825
16 0.001200 3 0 PTP 18 3_8_-556_31
16 0.001200 3 0 PTP 13 8_3_-556_67
16 0.001200 3 0 PTP 17 1_7_-556_14
13 0.001200 2 17
16 0.001200 3 0 PTP 11 7_1_-556_57
16 0.001200 3 0 PTP 19 5_9_-556_48
16 0.001200 3 0 PTP 15 9_5_-556_77
13 0.001200 2 15
9 0.001200 8 5 5000000000.000000
9 0.001200 8 7 5000000000.000000
10 0.001200 8 5 5000000000.000000
10 0.001200 8 7 5000000000.000000
12 0.001200 2 15 19
15 0.001200 3 0 PTP 15 5_1_-778_82
12 0.001200 2 17 19
15 0.001200 3 0 PTP 17 7_1_-778_83
9 0.001300 12 10 4811507.936508
10 0.001300 12 10 4811507.936508
9 0.001300 12 10 4811507.936508
10 0.001300 12 10 4811507.936508
9 0.001300 12 10 4811507.936508
10 0.001300 12 10 4811507.936508
9 0.001300 12 10 4811507.936508
10 0.001300 12 10 4811507.936508
9 0.001300 12 10 4811507.936508
10 0.001300 12 10 4811507.936508
9 0.001300 12 10 4811507.936508
10 0.001300 12 10 4811507.936508
9 0.001300 12 10 240575.396825
10 0.001300 12 10 240575.396825
9 0.001300 12 10 240575.396825
10 0.001300 12 10 240575.396825
9 0.001300 12 10 240575.396825
10 0.001300 12 10 240575.396825
9 0.001300 12 10 240575.396825
10 0.001300 12 10 240575.396825
9 0.001300 12 10 240575.396825
10 0.001300 12 10 240575.396825
9 0.001300 12 10 240575.396825
10 0.001300 12 10 240575.396825
9 0.001300 12 10 4811507.936508
10 0.001300 12 10 4811507.936508
9 0.001300 12 10 4811507.936508
10 0.001300 12 10 4811507.936508
9 0.001300 12 10 4811507.936508
10 0.001300 12 10 4811507.936508
9 0.001300 12 10 4811507.936508
10 0.001300 12 10 4811507.936508
9 0.001300 12 10 4811507.936508
10 0.001300 12 10 4811507.936508
9 0.001300 12 10 4811507.936508
10 0.001300 12 10 4811507.936508
9 0.001300 12 10 240575.396825
10 0.001300 12 10 240575.396825
9 0.001300 12 10 240575.396825
10 0.001300 12 10 240575.396825
9 0.001300 12 10 240575.396825
10 0.001300 12 10 240575.396825
9 0.001300 12 10 240575.396825
10 0.001300 12 10 240575.396825
9 0.001300 12 10 240575.396825
10 0.001300 12 10 240575.396825
9 0.001300 12 10 240575.396825
10 0.001300 12 10 240575.396825
9 0.001300 12 10 5773809.523810
10 0.001300 12 10 5773809.523810
9 0.001300 12 10 5773809.523810
10 0.001300 12 10 5773809.523810
9 0.001300 12 10 5773809.523810
10 0.001300 12 10 5773809.523810
9 0.001300 12 10 5773809.523810
10 0.001300 12 10 5773809.523810
9 0.001300 12 10 5773809.523810
10 0.001300 12 10 5773809.523810
9 0.001300 12 10 288690.476190
10 0.001300 12 10 288690.476190
9 0.001300 12 10 288690.476190
10 0.001300 12 10 288690.476190
9 0.001300 12 10 288690.476190
10 0.001300 12 10 288690.476190
9 0.001300 12 10 288690.476190
10 0.001300 12 10 288690.476190
9 0.001300 12 10 288690.476190
10 0.001300 12 10 288690.476190
9 0.001300 12 10 5773809.523810
10 0.001300 12 10 5773809.523810
9 0.001300 12 10 5773809.523810
10 0.001300 12 10 5773809.523810
9 0.001300 12 10 5773809.523810
10 0.001300 12 10 5773809.523810
9 0.001300 12 10 5773809.523810
10 0.001300 12 10 5773809.523810
9 0.001300 12 10 5773809.523810
10 0.001300 12 10 5773809.523810
9 0.001300 12 10 288690.476190
10 0.001300 12 10 288690.476190
9 0.001300 12 10 288690.476190
10 0.001300 12 10 288690.476190
9 0.001300 12 10 288690.476190
10 0.001300 12 10 288690.476190
9 0.001300 12 10 288690.476190
10 0.001300 12 10 288690.476190
9 0.001300 12 10 288690.476190
10 0.001300 12 10 288690.476190
16 0.001300 3 0 PTP 18 2_8_-556_23
16 0.001300 3 0 PTP 12 8_2_-556_66
16 0.001300 3 0 PTP 19 4_9_-556_40
16 0.001300 3 0 PTP 14 9_4_-556_76
13 0.001300 2 14
9 0.001300 8 4 5000000000.000000
10 0.001300 8 4 5000000000.000000
12 0.001300 2 14 19
15 0.001300 3 0 PTP 14 4_1_-778_84
9 0.001400 12 10 4124149.659864
10 0.001400 12 10 4124149.659864
9 0.001400 12 10 4124149.659864
10 0.001400 12 10 4124149.659864
9 0.001400 12 10 4124149.659864
10 0.001400 12 10 4124149.659864
9 0.001400 12 10 4124149.659864
10 0.001400 12 10 4124149.659864
9 0.001400 12 10 4124149.659864
10 0.001400 12 10 4124149.659864
9 0.001400 12 10 4124149.659864
10 0.001400 12 10 4124149.659864
9 0.001400 12 10 4124149.659864
10 0.001400 12 10 4124149.659864
9 0.001400 12 10 206207.482993
10 0.001400 12 10 206207.482993
9 0.001400 12 10 206207.482993
10 0.001400 12 10 206207.482993
9 0.001400 12 10 206207.482993
10 0.001400 12 10 206207.482993
9 0.001400 12 10 206207.482993
10 0.001400 12 10 206207.482993
9 0.001400 12 10 206207.482993
10 0.001400 12 10 206207.482993
9 0.001400 12 10 206207.482993
10 0.001400 12 10 206207.482993
9 0.001400 12 10 206207.482993
10 0.001400 12 10 206207.482993
9 0.001400 12 10 4124149.659864
10 0.001400 12 10 4124149.659864
9 0.001400 12 10 4124149.659864
10 0.001400 12 10 4124149.659864
9 0.001400 12 10 4124149.659864
10 0.001400 12 10 4124149.659864
9 0.001400 12 10 4124149.659864
10 0.001400 12 10 4124149.659864
9 0.001400 12 10 4124149.659864
10 0.001400 12 10 4124149.659864
9 0.001400 12 10 4124149.659864
10 0.001400 12 10 4124149.659864
9 0.001400 12 10 4124149.659864
10 0.001400 12 10 4124149.659864
9 0.001400 12 10 206207.482993
10 0.001400 12 10 206207.482993
9 0.001400 12 10 206207.482993
10 0.001400 12 10 206207.482993
9 0.001400 12 10 206207.482993
10 0.001400 12 10 206207.482993
9 0.001400 12 10 206207.482993
10 0.001400 12 10 206207.482993
9 0.001400 12 10 206207.482993
10 0.001400 12 10 206207.482993
9 0.001400 12 10 206207.482993
10 0.001400 12 10 206207.482993
9 0.001400 12 10 206207.482993
10 0.001400 12 10 206207.482993
9 0.001400 12 10 4811507.936508
10 0.001400 12 10 4811507.936508
9 0.001400 12 10 4811507.936508
10 0.001400 12 10 4811507.936508
9 0.001400 12 10 4811507.936508
10 0.001400 12 10 4811507.936508
9 0.001400 12 10 4811507.936508
10 0.001400 12 10 4811507.936508
9 0.001400 12 10 4811507.936508
10 0.001400 12 10 4811507.936508
9 0.001400 12 10 4811507.936508
10 0.001400 12 10 4811507.936508
9 0.001400 12 10 240575.396825
10 0.001400 12 10 240575.396825
9 0.001400 12 10 240575.396825
10 0.001400 12 10 240575.396825
9 0.001400 12 10 240575.396825
10 0.001400 12 10 240575.396825
9 0.001400 12 10 240575.396825
10 0.001400 12 10 240575.396825
9 0.001400 12 10 240575.396825
10 0.001400 12 10 240575.396825
9 0.001400 12 10 240575.396825
10 0.001400 12 10 240575.396825
9 0.001400 12 10 4811507.936508
10 0.001400 12 10 4811507.936508
9 0.001400 12 10 4811507.936508
10 0.001400 12 10 4811507.936508
9 0.001400 12 10 4811507.936508
10 0.001400 12 10 4811507.936508
9 0.001400 12 10 4811507.936508
10 0.001400 12 10 4811507.936508
9 0.001400 12 10 4811507.936508
10 0.001400 12 10 4811507.936508
9 0.001400 12 10 4811507.936508
10 0.001400 12 10 4811507.936508
9 0.001400 12 10 240575.396825
10 0.001400 12 10 240575.396825
9 0.001400 12 10 240575.396825
10 0.001400 12 10 240575.396825
9 0.001400 12 10 240575.396825
10 0.001400 12 10 240575.396825
9 0.001400 12 10 240575.396825
10 0.001400 12 10 240575.396825
9 0.001400 12 10 240575.396825
10 0.001400 12 10 240575.396825
9 0.001400 12 10 240575.396825
10 0.001400 12 10 240575.396825
16 0.001400 3 0 PTP 18 1_8_-556_15
13 0.001400 2 18
16 0.001400 3 0 PTP 11 8_1_-556_65
16 0.001400 3 0 PTP 19 3_9_-556_32
16 0.001400 3 0 PTP 13 9_3_-556_75
13 0.001400 2 13
9 0.001400 8 3 5000000000.000000
9 0.001400 8 8 5000000000.000000
10 0.001400 8 3 5000000000.000000
10 0.001400 8 8 5000000000.000000
12 0.001400 2 13 19
15 0.001400 3 0 PTP 13 3_1_-778_85
12 0.001400 2 18 19
15 0.001400 3 0 PTP 18 8_1_-778_86
9 0.001500 12 10 8248299.319728
10 0.001500 12 10 8248299.319728
9 0.001500 12 10 8248299.319728
10 0.001500 12 10 8248299.319728
9 0.001500 12 10 8248299.319728
10 0.001500 12 10 8248299.319728
9 0.001500 12 10 8248299.319728
10 0.001500 12 10 8248299.319728
9 0.001500 12 10 8248299.319728
10 0.001500 12 10 8248299.319728
9 0.001500 12 10 8248299.319728
10 0.001500 12 10 8248299.319728
9 0.001500 12 10 8248299.319728
10 0.001500 12 10 8248299.319728
9 0.001500 12 10 412414.965986
10 0.001500 12 10 412414.965986
9 0.001500 12 10 412414.965986
10 0.001500 12 10 412414.965986
9 0.001500 12 10 412414.965986
10 0.001500 12 10 412414.965986
9 0.001500 12 10 412414.965986
10 0.001500 12 10 412414.965986
9 0.001500 12 10 412414.965986
10 0.001500 12 10 412414.965986
9 0.001500 12 10 412414.965986
10 0.001500 12 10 412414.965986
9 0.001500 12 10 412414.965986
10 0.001500 12 10 412414.965986
9 0.001500 12 10 8248299.319728
10 0.001500 12 10 8248299.319728
9 0.001500 12 10 8248299.319728
10 0.001500 12 10 8248299.319728
9 0.001500 12 10 8248299.319728
10 0.001500 12 10 8248299.319728
9 0.001500 12 10 8248299.319728
10 0.001500 12 10 8248299.319728
9 0.001500 12 10 8248299.319728
10 0.001500 12 10 8248299.319728
9 0.001500 12 10 8248299.319728
10 0.001500 12 10 8248299.319728
9 0.001500 12 10 8248299.319728
10 0.001500 12 10 8248299.319728
9 0.001500 12 10 412414.965986
10 0.001500 12 10 412414.965986
9 0.001500 12 10 412414.965986
10 0.001500 12 10 412414.965986
9 0.001500 12 10 412414.965986
10 0.001500 12 10 412414.965986
9 0.001500 12 10 412414.965986
10 0.001500 12 10 412414.965986
9 0.001500 12 10 412414.965986
10 0.001500 12 10 412414.965986
9 0.001500 12 10 412414.965986
10 0.001500 12 10 412414.965986
9 0.001500 12 10 412414.965986
10 0.001500 12 10 412414.965986
16 0.001500 3 0 PTP 19 2_9_-556_24
16 0.001500 3 0 PTP 12 9_2_-556_74
13 0.001500 2 12
9 0.001500 8 2 5000000000.000000
10 0.001500 8 2 5000000000.000000
12 0.001500 2 12 19
15 0.001500 3 0 PTP 12 2_1_-778_87
9 0.001600 12 10 7217261.904762
10 0.001600 12 10 7217261.904762
9 0.001600 12 10 7217261.904762
10 0.001600 12 10 7217261.904762
9 0.001600 12 10 7217261.904762
10 0.001600 12 10 7217261.904762
9 0.001600 12 10 7217261.904762
10 0.001600 12 10 7217261.904762
9 0.001600 12 10 7217261.904762
10 0.001600 12 10 7217261.904762
9 0.001600 12 10 7217261.904762
10 0.001600 12 10 7217261.904762
9 0.001600 12 10 7217261.904762
10 0.001600 12 10 7217261.904762
9 0.001600 12 10 7217261.904762
10 0.001600 12 10 7217261.904762
9 0.001600 12 10 360863.095238
10 0.001600 12 10 360863.095238
9 0.001600 12 10 360863.095238
10 0.001600 12 10 360863.095238
9 0.001600 12 10 360863.095238
10 0.001600 12 10 360863.095238
9 0.001600 12 10 360863.095238
10 0.001600 12 10 360863.095238
9 0.001600 12 10 360863.095238
10 0.001600 12 10 360863.095238
9 0.001600 12 10 360863.095238
10 0.001600 12 10 360863.095238
9 0.001600 12 10 360863.095238
10 0.001600 12 10 360863.095238
9 0.001600 12 10 360863.095238
10 0.001600 12 10 360863.095238
9 0.001600 12 10 7217261.904762
10 0.001600 12 10 7217261.904762
9 0.001600 12 10 7217261.904762
10 0.001600 12 10 7217261.904762
9 0.001600 12 10 7217261.904762
10 0.001600 12 10 7217261.904762
9 0.001600 12 10 7217261.904762
10 0.001600 12 10 7217261.904762
9 0.001600 12 10 7217261.904762
10 0.001600 12 10 7217261.904762
9 0.001600 12 10 7217261.904762
10 0.001600 12 10 7217261.904762
9 0.001600 12 10 7217261.904762
10 0.001600 12 10 7217261.904762
9 0.001600 12 10 7217261.904762
10 0.001600 12 10 7217261.904762
9 0.001600 12 10 360863.095238
10 0.001600 12 10 360863.095238
9 0.001600 12 10 360863.095238
10 0.001600 12 10 360863.095238
9 0.001600 12 10 360863.095238
10 0.001600 12 10 360863.095238
9 0.001600 12 10 360863.095238
10 0.001600 12 10 360863.095238
9 0.001600 12 10 360863.095238
10 0.001600 12 10 360863.095238
9 0.001600 12 10 360863.095238
10 0.001600 12 10 360863.095238
9 0.001600 12 10 360863.095238
10 0.001600 12 10 360863.095238
9 0.001600 12 10 360863.095238
10 0.001600 12 10 360863.095238
16 0.001600 3 0 PTP 19 1_9_-556_16
13 0.001600 2 19
16 0.001600 3 0 PTP 11 9_1_-556_73
13 0.001600 2 11
9 0.001600 8 1 5000000000.000000
9 0.001600 8 9 5000000000.000000
10 0.001600 8 1 5000000000.000000
10 0.001600 8 9 5000000000.000000
12 0.001600 2 11 19
12 0.001600 2 19 19
15 0.001600 3 0 PTP 19 9_1_-778_88
9 0.001700 12 10 115476190.476190
10 0.001700 12 10 115476190.476190
9 0.001700 12 10 5773809.523810
10 0.001700 12 10 5773809.523810
16 0.001700 3 0 PTP 11 2_1_-778_87
9 0.001800 12 10 57738095.238095
10 0.001800 12 10 57738095.238095
9 0.001800 12 10 57738095.238095
10 0.001800 12 10 57738095.238095
9 0.001800 12 10 2886904.761905
10 0.001800 12 10 2886904.761905
9 0.001800 12 10 2886904.761905
10 0.001800 12 10 2886904.761905
16 0.001800 3 0 PTP 11 3_1_-778_85
9 0.001900 12 10 38492063.492063
10 0.001900 12 10 38492063.492063
9 0.001900 12 10 38492063.492063
10 0.001900 12 10 38492063.492063
9 0.001900 12 10 38492063.492063
10 0.001900 12 10 38492063.492063
9 0.001900 12 10 1924603.174603
10 0.001900 12 10 1924603.174603
9 0.001900 12 10 1924603.174603
10 0.001900 12 10 1924603.174603
9 0.001900 12 10 1924603.174603
10 0.001900 12 10 1924603.174603
16 0.001900 3 0 PTP 11 4_1_-778_84
9 0.002000 12 10 28869047.619048
10 0.002000 12 10 28869047.619048
9 0.002000 12 10 28869047.619048
10 0.002000 12 10 28869047.619048
9 0.002000 12 10 28869047.619048
10 0.002000 12 10 28869047.619048
9 0.002000 12 10 28869047.619048
10 0.002000 12 10 28869047.619048
9 0.002000 12 10 1443452.380952
10 0.002000 12 10 1443452.380952
9 0.002000 12 10 1443452.380952
10 0.002000 12 10 1443452.380952
9 0.002000 12 10 1443452.380952
10 0.002000 12 10 1443452.380952
9 0.002000 12 10 1443452.380952
10 0.002000 12 10 1443452.380952
16 0.002000 3 0 PTP 11 5_1_-778_82
9 0.002100 12 10 23095238.095238
10 0.002100 12 10 23095238.095238
9 0.002100 12 10 23095238.095238
10 0.002100 12 10 23095238.095238
9 0.002100 12 10 23095238.095238
10 0.002100 12 10 23095238.095238
9 0.002100 12 10 23095238.095238
10 0.002100 12 10 23095238.095238
9 0.002100 12 10 23095238.095238
10 0.002100 12 10 23095238.095238
9 0.002100 12 10 1154761.904762
10 0.002100 12 10 1154761.904762
9 0.002100 12 10 1154761.904762
10 0.002100 12 10 1154761.904762
9 0.002100 12 10 1154761.904762
10 0.002100 12 10 1154761.904762
9 0.002100 12 10 1154761.904762
10 0.002100 12 10 1154761.904762
9 0.002100 12 10 1154761.904762
10 0.002100 12 10 1154761.904762
16 0.002100 3 0 PTP 11 6_1_-778_81
9 0.002200 12 10 19246031.746032
10 0.002200 12 10 19246031.746032
9 0.002200 12 10 19246031.746032
10 0.002200 12 10 19246031.746032
9 0.002200 12 10 19246031.746032
10 0.002200 12 10 19246031.746032
9 0.002200 12 10 19246031.746032
10 0.002200 12 10 19246031.746032
9 0.002200 12 10 19246031.746032
10 0.002200 12 10 19246031.746032
9 0.002200 12 10 19246031.746032
10 0.002200 12 10 19246031.746032
9 0.002200 12 10 962301.587302
10 0.002200 12 10 962301.587302
9 0.002200 12 10 962301.587302
10 0.002200 12 10 962301.587302
9 0.002200 12 10 962301.587302
10 0.002200 12 10 962301.587302
9 0.002200 12 10 962301.587302
10 0.002200 12 10 962301.587302
9 0.002200 12 10 962301.587302
10 0.002200 12 10 962301.587302
9 0.002200 12 10 962301.587302
10 0.002200 12 10 962301.587302
16 0.002200 3 0 PTP 11 7_1_-778_83
9 0.002300 12 10 16496598.639456
10 0.002300 12 10 16496598.639456
9 0.002300 12 10 16496598.639456
10 0.002300 12 10 16496598.639456
9 0.002300 12 10 16496598.639456
10 0.002300 12 10 16496598.639456
9 0.002300 12 10 16496598.639456
10 0.002300 12 10 16496598.639456
9 0.002300 12 10 16496598.639456
10 0.002300 12 10 16496598.639456
9 0.002300 12 10 16496598.639456
10 0.002300 12 10 16496598.639456
9 0.002300 12 10 16496598.639456
10 0.002300 12 10 16496598.639456
9 0.002300 12 10 824829.931973
10 0.002300 12 10 824829.931973
9 0.002300 12 10 824829.931973
10 0.002300 12 10 824829.931973
9 0.002300 12 10 824829.931973
10 0.002300 12 10 824829.931973
9 0.002300 12 10 824829.931973
10 0.002300 12 10 824829.931973
9 0.002300 12 10 824829.931973
10 0.002300 12 10 824829.931973
9 0.002300 12 10 824829.931973
10 0.002300 12 10 824829.931973
9 0.002300 12 10 824829.931973
10 0.002300 12 10 824829.931973
16 0.002300 3 0 PTP 11 8_1_-778_86
9 0.002400 12 10 14434523.809524
10 0.002400 12 10 14434523.809524
9 0.002400 12 10 14434523.809524
10 0.002400 12 10 14434523.809524
9 0.002400 12 10 14434523.809524
10 0.002400 12 10 14434523.809524
9 0.002400 12 10 14434523.809524
10 0.002400 12 10 14434523.809524
9 0.002400 12 10 14434523.809524
10 0.002400 12 10 14434523.809524
9 0.002400 12 10 14434523.809524
10 0.002400 12 10 14434523.809524
9 0.002400 12 10 14434523.809524
10 0.002400 12 10 14434523.809524
9 0.002400 12 10 14434523.809524
10 0.002400 12 10 14434523.809524
9 0.002400 12 10 721726.190476
10 0.002400 12 10 721726.190476
9 0.002400 12 10 721726.190476
10 0.002400 12 10 721726.190476
9 0.002400 12 10 721726.190476
10 0.002400 12 10 721726.190476
9 0.002400 12 10 721726.190476
10 0.002400 12 10 721726.190476
9 0.002400 12 10 721726.190476
10 0.002400 12 10 721726.190476
9 0.002400 12 10 721726.190476
10 0.002400 12 10 721726.190476
9 0.002400 12 10 721726.190476
10 0.002400 12 10 721726.190476
9 0.002400 12 10 721726.190476
10 0.002400 12 10 721726.190476
16 0.002400 3 0 PTP 11 9_1_-778_88
15 0.002400 3 0 PTP 11 1_2_-778_89
15 0.002400 3 0 PTP 11 1_3_-778_90
15 0.002400 3 0 PTP 11 1_4_-778_91
15 0.002400 3 0 PTP 11 1_5_-778_92
15 0.002400 3 0 PTP 11 1_6_-778_93
15 0.002400 3 0 PTP 11 1_7_-778_94
15 0.002400 3 0 PTP 11 1_8_-778_95
15 0.002400 3 0 PTP 11 1_9_-778_96
13 0.002400 2 11
9 0.002400 8 1 5000000000.000000
10 0.002400 8 1 5000000000.000000
12 0.002400 2 11 20
9 0.002500 12 10 115476190.476190
10 0.002500 12 10 115476190.476190
9 0.002500 12 10 5773809.523810
10 0.002500 12 10 5773809.523810
16 0.002500 3 0 PTP 12 1_2_-778_89
13 0.002500 2 12
9 0.002500 8 2 5000000000.000000
10 0.002500 8 2 5000000000.000000
12 0.002500 2 12 20
9 0.002600 12 10 57738095.238095
10 0.002600 12 10 57738095.238095
9 0.002600 12 10 57738095.238095
10 0.002600 12 10 57738095.238095
9 0.002600 12 10 2886904.761905
10 0.002600 12 10 2886904.761905
9 0.002600 12 10 2886904.761905
10 0.002600 12 10 2886904.761905
16 0.002600 3 0 PTP 13 1_3_-778_90
13 0.002600 2 13
9 0.002600 8 3 5000000000.000000
10 0.002600 8 3 5000000000.000000
12 0.002600 2 13 20
9 0.002700 12 10 38492063.492063
10 0.002700 12 10 38492063.492063
9 0.002700 12 10 38492063.492063
10 0.002700 12 10 38492063.492063
9 0.002700 12 10 38492063.492063
10 0.002700 12 10 38492063.492063
9 0.002700 12 10 1924603.174603
10 0.002700 12 10 1924603.174603
9 0.002700 12 10 1924603.174603
10 0.002700 12 10 1924603.174603
9 0.002700 12 10 1924603.174603
10 0.002700 12 10 1924603.174603
16 0.002700 3 0 PTP 14 1_4_-778_91
13 0.002700 2 14
9 0.002700 8 4 5000000000.000000
10 0.002700 8 4 5000000000.000000
12 0.002700 2 14 20
9 0.002800 12 10 28869047.619048
10 0.002800 12 10 28869047.619048
9 0.002800 12 10 28869047.619048
10 0.002800 12 10 28869047.619048
9 0.002800 12 10 28869047.619048
10 0.002800 12 10 28869047.619048
9 0.002800 12 10 28869047.619048
10 0.002800 12 10 28869047.619048
9 0.002800 12 10 1443452.380952
10 0.002800 12 10 1443452.380952
9 0.002800 12 10 1443452.380952
10 0.002800 12 10 1443452.380952
9 0.002800 12 10 1443452.380952
10 0.002800 12 10 1443452.380952
9 0.002800 12 10 1443452.380952
10 0.002800 12 10 1443452.380952
16 0.002800 3 0 PTP 15 1_5_-778_92
13 0.002800 2 15
9 0.002800 8 5 5000000000.000000
10 0.002800 8 5 5000000000.000000
12 0.002800 2 15 20
9 0.002900 12 10 23095238.095238
10 0.002900 12 10 23095238.095238
9 0.002900 12 10 23095238.095238
10 0.002900 12 10 23095238.095238
9 0.002900 12 10 23095238.095238
10 0.002900 12 10 23095238.095238
9 0.002900 12 10 23095238.095238
10 0.002900 12 10 23095238.095238
9 0.002900 12 10 23095238.095238
10 0.002900 12 10 23095238.095238
9 0.002900 12 10 1154761.904762
10 0.002900 12 10 1154761.904762
9 0.002900 12 10 1154761.904762
10 0.002900 12 10 1154761.904762
9 0.002900 12 10 1154761.904762
10 0.002900 12 10 1154761.904762
9 0.002900 12 10 1154761.904762
10 0.002900 12 10 1154761.904762
9 0.002900 12 10 1154761.904762
10 0.002900 12 10 1154761.904762
16 0.002900 3 0 PTP 16 1_6_-778_93
13 0.002900 2 16
9 0.002900 8 6 5000000000.000000
10 0.002900 8 6 5000000000.000000
12 0.002900 2 16 20
9 0.003000 12 10 19246031.746032
10 0.003000 12 10 19246031.746032
9 0.003000 12 10 19246031.746032
10 0.003000 12 10 19246031.746032
9 0.003000 12 10 19246031.746032
10 0.003000 12 10 19246031.746032
9 0.003000 12 10 19246031.746032
10 0.003000 12 10 19246031.746032
9 0.003000 12 10 19246031.746032
10 0.003000 12 10 19246031.746032
9 0.003000 12 10 19246031.746032
10 0.003000 12 10 19246031.746032
9 0.003000 12 10 962301.587302
10 0.003000 12 10 962301.587302
9 0.003000 12 10 962301.587302
10 0.003000 12 10 962301.587302
9 0.003000 12 10 962301.587302
10 0.003000 12 10 962301.587302
9 0.003000 12 10 962301.587302
10 0.003000 12 10 962301.587302
9 0.003000 12 10 962301.587302
10 0.003000 12 10 962301.587302
9 0.003000 12 10 962301.587302
10 0.003000 12 10 962301.587302
16 0.003000 3 0 PTP 17 1_7_-778_94
13 0.003000 2 17
9 0.003000 8 7 5000000000.000000
10 0.003000 8 7 5000000000.000000
12 0.003000 2 17 20
9 0.003100 12 10 16496598.639456
10 0.003100 12 10 16496598.639456
9 0.003100 12 10 16496598.639456
10 0.003100 12 10 16496598.639456
9 0.003100 12 10 16496598.639456
10 0.003100 12 10 16496598.639456
9 0.003100 12 10 16496598.639456
10 0.003100 12 10 16496598.639456
9 0.003100 12 10 16496598.639456
10 0.003100 12 10 16496598.639456
9 0.003100 12 10 16496598.639456
10 0.003100 12 10 16496598.639456
9 0.003100 12 10 16496598.639456
10 0.003100 12 10 16496598.639456
9 0.003100 12 10 824829.931973
10 0.003100 12 10 824829.931973
9 0.003100 12 10 824829.931973
10 0.003100 12 10 824829.931973
9 0.003100 12 10 824829.931973
10 0.003100 12 10 824829.931973
9 0.003100 12 10 824829.931973
10 0.003100 12 10 824829.931973
9 0.003100 12 10 824829.931973
10 0.003100 12 10 824829.931973
9 0.003100 12 10 824829.931973
10 0.003100 12 10 824829.931973
9 0.003100 12 10 824829.931973
10 0.003100 12 10 824829.931973
16 0.003100 3 0 PTP 18 1_8_-778_95
13 0.003100 2 18
9 0.003100 8 8 5000000000.000000
10 0.003100 8 8 5000000000.000000
12 0.003100 2 18 20
9 0.003200 12 10 14434523.809524
10 0.003200 12 10 14434523.809524
9 0.003200 12 10 14434523.809524
10 0.003200 12 10 14434523.809524
9 0.003200 12 10 14434523.809524
10 0.003200 12 10 14434523.809524
9 0.003200 12 10 14434523.809524
10 0.003200 12 10 14434523.809524
9 0.003200 12 10 14434523.809524
10 0.003200 12 10 14434523.809524
9 0.003200 12 10 14434523.809524
10 0.003200 12 10 14434523.809524
9 0.003200 12 10 14434523.809524
10 0.003200 12 10 14434523.809524
9 0.003200 12 10 14434523.809524
10 0.003200 12 10 14434523.809524
9 0.003200 12 10 721726.190476
10 0.003200 12 10 721726.190476
9 0.003200 12 10 721726.190476
10 0.003200 12 10 721726.190476
9 0.003200 12 10 721726.190476
10 0.003200 12 10 721726.190476
9 0.003200 12 10 721726.190476
10 0.003200 12 10 721726.190476
9 0.003200 12 10 721726.190476
10 0.003200 12 10 721726.190476
9 0.003200 12 10 721726.190476
10 0.003200 12 10 721726.190476
9 0.003200 12 10 721726.190476
10 0.003200 12 10 721726.190476
9 0.003200 12 10 721726.190476
10 0.003200 12 10 721726.190476
16 0.003200 3 0 PTP 19 1_9_-778_96
13 0.003200 2 19
9 0.003200 8 9 5000000000.000000
10 0.003200 8 9 5000000000.000000
12 0.003200 2 19 20
13 0.003200 2 19
7 0.003200 1 19
13 0.003200 2 11
7 0.003200 1 11
13 0.003200 2 12
7 0.003200 1 12
13 0.003200 2 13
7 0.003200 1 13
13 0.003200 2 14
7 0.003200 1 14
13 0.003200 2 15
7 0.003200 1 15
13 0.003200 2 16
7 0.003200 1 16
13 0.003200 2 17
7 0.003200 1 17
13 0.003200 2 18
7 0.003200 1 18
7 0.003200 6 1
7 0.003200 6 2
7 0.003200 6 3
7 0.003200 6 4
7 0.003200 6 5
7 0.003200 6 6
7 0.003200 6 7
7 0.003200 6 8
7 0.003200 6 9
7 0.003200 9 10
