#This file was generated using SimGrid-3.20.0
#[./a.out --cfg=smpi/privatization:1 --cfg=surf/precision:1e-9 --cfg=network/model:SMPI --cfg=tracing:yes --cfg=tracing/smpi:yes --cfg=tracing/smpi/internals:yes --cfg=tracing/uncategorized:yes --cfg=tracing/filename:trace_files/allreduce_hierarchial.trace ../platforms/hierarchial/config.xml smpitmp-appCaJTYI ]
%EventDef PajeDefineContainerType 0
%       Alias string
%       Type string
%       Name string
%EndEventDef
%EventDef PajeDefineVariableType 1
%       Alias string
%       Type string
%       Name string
%       Color color
%EndEventDef
%EventDef PajeDefineStateType 2
%       Alias string
%       Type string
%       Name string
%EndEventDef
%EventDef PajeDefineEventType 3
%       Alias string
%       Type string
%       Name string
%EndEventDef
%EventDef PajeDefineLinkType 4
%       Alias string
%       Type string
%       StartContainerType string
%       EndContainerType string
%       Name string
%EndEventDef
%EventDef PajeDefineEntityValue 5
%       Alias string
%       Type string
%       Name string
%       Color color
%EndEventDef
%EventDef PajeCreateContainer 6
%       Time date
%       Alias string
%       Type string
%       Container string
%       Name string
%EndEventDef
%EventDef PajeDestroyContainer 7
%       Time date
%       Type string
%       Name string
%EndEventDef
%EventDef PajeSetVariable 8
%       Time date
%       Type string
%       Container string
%       Value double
%EndEventDef
%EventDef PajeAddVariable 9
%       Time date
%       Type string
%       Container string
%       Value double
%EndEventDef
%EventDef PajeSubVariable 10
%       Time date
%       Type string
%       Container string
%       Value double
%EndEventDef
%EventDef PajeSetState 11
%       Time date
%       Type string
%       Container string
%       Value string
%EndEventDef
%EventDef PajePushState 12
%       Time date
%       Type string
%       Container string
%       Value string
%EndEventDef
%EventDef PajePopState 13
%       Time date
%       Type string
%       Container string
%EndEventDef
%EventDef PajeResetState 14
%       Time date
%       Type string
%       Container string
%EndEventDef
%EventDef PajeStartLink 15
%       Time date
%       Type string
%       Container string
%       Value string
%       StartContainer string
%       Key string
%EndEventDef
%EventDef PajeEndLink 16
%       Time date
%       Type string
%       Container string
%       Value string
%       EndContainer string
%       Key string
%EndEventDef
%EventDef PajeNewEvent 17
%       Time date
%       Type string
%       Container string
%       Value string
%EndEventDef
0 1 0 MPI
2 2 1 MPI_STATE
4 3 0 1 1 MPI_LINK
4 4 0 1 1 MIGRATE_LINK
2 5 1 MIGRATE_STATE
0 6 0 HOST
6 0.000000 1 6 0 "host0"
1 7 6 power "1 1 1"
1 8 6 power_used "0.5 0.5 0.5"
6 0.000000 2 6 0 "host1"
6 0.000000 3 6 0 "host2"
6 0.000000 4 6 0 "host3"
6 0.000000 5 6 0 "host4"
6 0.000000 6 6 0 "host5"
6 0.000000 7 6 0 "host6"
6 0.000000 8 6 0 "host7"
6 0.000000 9 6 0 "host8"
0 9 0 LINK
6 0.000000 10 9 0 "link0"
1 10 9 bandwidth "1 1 1"
1 11 9 latency "1 1 1"
1 12 9 bandwidth_used "0.5 0.5 0.5"
4 13 0 9 6 0-LINK9-HOST6
4 14 0 6 9 0-HOST6-LINK9
4 15 0 9 9 0-LINK9-LINK9
8 0.000000 7 1 5000000000.000000
8 0.000000 7 2 5000000000.000000
8 0.000000 7 3 5000000000.000000
8 0.000000 7 4 5000000000.000000
8 0.000000 7 5 5000000000.000000
8 0.000000 7 6 5000000000.000000
8 0.000000 7 7 5000000000.000000
8 0.000000 7 8 5000000000.000000
8 0.000000 7 9 5000000000.000000
8 0.000000 10 10 125000000.000000
8 0.000000 11 10 0.000100
15 0.000000 13 0 topology 10 0
16 0.000000 13 0 topology 2 0
15 0.000000 13 0 topology 10 1
16 0.000000 13 0 topology 3 1
15 0.000000 13 0 topology 10 2
16 0.000000 13 0 topology 4 2
15 0.000000 13 0 topology 10 3
16 0.000000 13 0 topology 5 3
15 0.000000 13 0 topology 10 4
16 0.000000 13 0 topology 6 4
15 0.000000 13 0 topology 10 5
16 0.000000 13 0 topology 7 5
15 0.000000 13 0 topology 10 6
16 0.000000 13 0 topology 8 6
15 0.000000 13 0 topology 10 7
16 0.000000 13 0 topology 9 7
15 0.000000 14 0 topology 1 8
16 0.000000 14 0 topology 10 8
15 0.000000 15 0 topology 10 9
16 0.000000 15 0 topology 10 9
6 0.000000 11 1 0 "rank-1"
5 16 2 PMPI_Init "0 1 0"
6 0.000000 12 1 0 "rank-2"
6 0.000000 13 1 0 "rank-3"
6 0.000000 14 1 0 "rank-4"
6 0.000000 15 1 0 "rank-5"
6 0.000000 16 1 0 "rank-6"
6 0.000000 17 1 0 "rank-7"
6 0.000000 18 1 0 "rank-8"
6 0.000000 19 1 0 "rank-9"
12 0.000000 2 11 16
13 0.000000 2 11
12 0.000000 2 12 16
13 0.000000 2 12
12 0.000000 2 13 16
13 0.000000 2 13
12 0.000000 2 14 16
13 0.000000 2 14
12 0.000000 2 15 16
13 0.000000 2 15
12 0.000000 2 16 16
13 0.000000 2 16
12 0.000000 2 17 16
13 0.000000 2 17
12 0.000000 2 18 16
13 0.000000 2 18
12 0.000000 2 19 16
13 0.000000 2 19
8 0.000000 8 9 0.000000
9 0.000000 8 9 5000000000.000000
8 0.000000 8 3 0.000000
9 0.000000 8 3 5000000000.000000
8 0.000000 8 4 0.000000
9 0.000000 8 4 5000000000.000000
8 0.000000 8 8 0.000000
9 0.000000 8 8 5000000000.000000
8 0.000000 8 2 0.000000
9 0.000000 8 2 5000000000.000000
8 0.000000 8 7 0.000000
9 0.000000 8 7 5000000000.000000
8 0.000000 8 6 0.000000
9 0.000000 8 6 5000000000.000000
8 0.000000 8 5 0.000000
9 0.000000 8 5 5000000000.000000
8 0.000000 8 1 0.000000
9 0.000000 8 1 5000000000.000000
5 17 2 PMPI_Allreduce "1 0 1"
5 18 2 PMPI_Finalize "0 1 0"
10 0.000000 8 9 5000000000.000000
10 0.000000 8 3 5000000000.000000
10 0.000000 8 4 5000000000.000000
10 0.000000 8 8 5000000000.000000
10 0.000000 8 2 5000000000.000000
10 0.000000 8 7 5000000000.000000
10 0.000000 8 6 5000000000.000000
10 0.000000 8 5 5000000000.000000
10 0.000000 8 1 5000000000.000000
12 0.000000 2 19 17
15 0.000000 3 0 PTP 19 9_1_-112_1
12 0.000000 2 13 17
15 0.000000 3 0 PTP 13 3_1_-112_2
12 0.000000 2 14 17
15 0.000000 3 0 PTP 14 4_1_-112_3
12 0.000000 2 18 17
15 0.000000 3 0 PTP 18 8_1_-112_4
12 0.000000 2 12 17
15 0.000000 3 0 PTP 12 2_1_-112_5
12 0.000000 2 17 17
15 0.000000 3 0 PTP 17 7_1_-112_6
12 0.000000 2 16 17
15 0.000000 3 0 PTP 16 6_1_-112_7
12 0.000000 2 15 17
15 0.000000 3 0 PTP 15 5_1_-112_8
12 0.000000 2 11 17
8 0.000188 12 10 0.000000
9 0.000188 12 10 57738095.238095
9 0.000188 12 10 2886904.761905
9 0.000188 12 10 57738095.238095
9 0.000188 12 10 2886904.761905
10 0.000257 12 10 57738095.238095
10 0.000257 12 10 2886904.761905
10 0.000257 12 10 57738095.238095
10 0.000257 12 10 2886904.761905
16 0.000257 3 0 PTP 11 3_1_-112_2
16 0.000257 3 0 PTP 11 2_1_-112_5
9 0.000564 12 10 9623015.873016
9 0.000564 12 10 9623015.873016
9 0.000564 12 10 481150.793651
9 0.000564 12 10 481150.793651
9 0.000564 12 10 9623015.873016
9 0.000564 12 10 9623015.873016
9 0.000564 12 10 481150.793651
9 0.000564 12 10 481150.793651
9 0.000564 12 10 9623015.873016
9 0.000564 12 10 9623015.873016
9 0.000564 12 10 481150.793651
9 0.000564 12 10 481150.793651
9 0.000564 12 10 9623015.873016
9 0.000564 12 10 9623015.873016
9 0.000564 12 10 481150.793651
9 0.000564 12 10 481150.793651
10 0.000698 12 10 9623015.873016
10 0.000698 12 10 9623015.873016
10 0.000698 12 10 481150.793651
10 0.000698 12 10 481150.793651
10 0.000698 12 10 9623015.873016
10 0.000698 12 10 9623015.873016
10 0.000698 12 10 481150.793651
10 0.000698 12 10 481150.793651
10 0.000698 12 10 9623015.873016
10 0.000698 12 10 9623015.873016
10 0.000698 12 10 481150.793651
10 0.000698 12 10 481150.793651
10 0.000698 12 10 9623015.873016
10 0.000698 12 10 9623015.873016
10 0.000698 12 10 481150.793651
10 0.000698 12 10 481150.793651
16 0.000698 3 0 PTP 11 7_1_-112_6
16 0.000698 3 0 PTP 11 4_1_-112_3
16 0.000698 3 0 PTP 11 5_1_-112_8
16 0.000698 3 0 PTP 11 6_1_-112_7
9 0.000698 12 10 19246031.746032
9 0.000698 12 10 19246031.746032
9 0.000698 12 10 19246031.746032
9 0.000698 12 10 962301.587302
9 0.000698 12 10 962301.587302
9 0.000698 12 10 962301.587302
9 0.000698 12 10 19246031.746032
9 0.000698 12 10 19246031.746032
9 0.000698 12 10 19246031.746032
9 0.000698 12 10 962301.587302
9 0.000698 12 10 962301.587302
9 0.000698 12 10 962301.587302
10 0.000861 12 10 19246031.746032
10 0.000861 12 10 19246031.746032
10 0.000861 12 10 19246031.746032
10 0.000861 12 10 962301.587302
10 0.000861 12 10 962301.587302
10 0.000861 12 10 962301.587302
10 0.000861 12 10 19246031.746032
10 0.000861 12 10 19246031.746032
10 0.000861 12 10 19246031.746032
10 0.000861 12 10 962301.587302
10 0.000861 12 10 962301.587302
10 0.000861 12 10 962301.587302
16 0.000861 3 0 PTP 11 9_1_-112_1
16 0.000861 3 0 PTP 11 8_1_-112_4
15 0.000861 3 0 PTP 11 1_9_-3334_9
15 0.000861 3 0 PTP 11 1_5_-3334_10
15 0.000861 3 0 PTP 11 1_3_-3334_11
15 0.000861 3 0 PTP 11 1_2_-3334_12
13 0.000861 2 11
9 0.000861 8 1 5000000000.000000
10 0.000861 8 1 5000000000.000000
12 0.000861 2 11 18
9 0.001049 12 10 57738095.238095
9 0.001049 12 10 2886904.761905
9 0.001049 12 10 57738095.238095
9 0.001049 12 10 2886904.761905
10 0.001119 12 10 57738095.238095
10 0.001119 12 10 2886904.761905
10 0.001119 12 10 57738095.238095
10 0.001119 12 10 2886904.761905
16 0.001119 3 0 PTP 12 1_2_-3334_12
13 0.001119 2 12
16 0.001119 3 0 PTP 13 1_3_-3334_11
15 0.001119 3 0 PTP 13 3_4_-3334_13
13 0.001119 2 13
9 0.001119 8 3 5000000000.000000
9 0.001119 8 2 5000000000.000000
10 0.001119 8 3 5000000000.000000
10 0.001119 8 2 5000000000.000000
12 0.001119 2 13 18
12 0.001119 2 12 18
9 0.001237 12 10 57738095.238095
9 0.001237 12 10 57738095.238095
9 0.001237 12 10 2886904.761905
9 0.001237 12 10 2886904.761905
10 0.001307 12 10 57738095.238095
10 0.001307 12 10 57738095.238095
10 0.001307 12 10 2886904.761905
10 0.001307 12 10 2886904.761905
16 0.001307 3 0 PTP 15 1_5_-3334_10
15 0.001307 3 0 PTP 15 5_7_-3334_14
15 0.001307 3 0 PTP 15 5_6_-3334_15
13 0.001307 2 15
9 0.001307 8 5 5000000000.000000
10 0.001307 8 5 5000000000.000000
12 0.001307 2 15 18
9 0.001425 12 10 38492063.492063
9 0.001425 12 10 38492063.492063
9 0.001425 12 10 38492063.492063
9 0.001425 12 10 1924603.174603
9 0.001425 12 10 1924603.174603
9 0.001425 12 10 1924603.174603
10 0.001529 12 10 38492063.492063
10 0.001529 12 10 38492063.492063
10 0.001529 12 10 38492063.492063
10 0.001529 12 10 1924603.174603
10 0.001529 12 10 1924603.174603
10 0.001529 12 10 1924603.174603
16 0.001529 3 0 PTP 19 1_9_-3334_9
13 0.001529 2 19
9 0.001529 8 9 5000000000.000000
10 0.001529 8 9 5000000000.000000
12 0.001529 2 19 18
9 0.001683 12 10 38492063.492063
9 0.001683 12 10 38492063.492063
9 0.001683 12 10 38492063.492063
9 0.001683 12 10 1924603.174603
9 0.001683 12 10 1924603.174603
9 0.001683 12 10 1924603.174603
10 0.001787 12 10 38492063.492063
10 0.001787 12 10 38492063.492063
10 0.001787 12 10 38492063.492063
10 0.001787 12 10 1924603.174603
10 0.001787 12 10 1924603.174603
10 0.001787 12 10 1924603.174603
16 0.001787 3 0 PTP 14 3_4_-3334_13
13 0.001787 2 14
9 0.001787 8 4 5000000000.000000
10 0.001787 8 4 5000000000.000000
12 0.001787 2 14 18
9 0.002059 12 10 14434523.809524
9 0.002059 12 10 14434523.809524
9 0.002059 12 10 14434523.809524
9 0.002059 12 10 14434523.809524
9 0.002059 12 10 721726.190476
9 0.002059 12 10 721726.190476
9 0.002059 12 10 721726.190476
9 0.002059 12 10 721726.190476
9 0.002059 12 10 14434523.809524
9 0.002059 12 10 14434523.809524
9 0.002059 12 10 14434523.809524
9 0.002059 12 10 14434523.809524
9 0.002059 12 10 721726.190476
9 0.002059 12 10 721726.190476
9 0.002059 12 10 721726.190476
9 0.002059 12 10 721726.190476
10 0.002336 12 10 14434523.809524
10 0.002336 12 10 14434523.809524
10 0.002336 12 10 14434523.809524
10 0.002336 12 10 14434523.809524
10 0.002336 12 10 721726.190476
10 0.002336 12 10 721726.190476
10 0.002336 12 10 721726.190476
10 0.002336 12 10 721726.190476
10 0.002336 12 10 14434523.809524
10 0.002336 12 10 14434523.809524
10 0.002336 12 10 14434523.809524
10 0.002336 12 10 14434523.809524
10 0.002336 12 10 721726.190476
10 0.002336 12 10 721726.190476
10 0.002336 12 10 721726.190476
10 0.002336 12 10 721726.190476
16 0.002336 3 0 PTP 16 5_6_-3334_15
13 0.002336 2 16
16 0.002336 3 0 PTP 17 5_7_-3334_14
15 0.002336 3 0 PTP 17 7_8_-3334_16
13 0.002336 2 17
9 0.002336 8 7 5000000000.000000
9 0.002336 8 6 5000000000.000000
10 0.002336 8 7 5000000000.000000
10 0.002336 8 6 5000000000.000000
12 0.002336 2 17 18
12 0.002336 2 16 18
9 0.003277 12 10 23095238.095238
9 0.003277 12 10 23095238.095238
9 0.003277 12 10 23095238.095238
9 0.003277 12 10 23095238.095238
9 0.003277 12 10 23095238.095238
9 0.003277 12 10 1154761.904762
9 0.003277 12 10 1154761.904762
9 0.003277 12 10 1154761.904762
9 0.003277 12 10 1154761.904762
9 0.003277 12 10 1154761.904762
10 0.003450 12 10 23095238.095238
10 0.003450 12 10 23095238.095238
10 0.003450 12 10 23095238.095238
10 0.003450 12 10 23095238.095238
10 0.003450 12 10 23095238.095238
10 0.003450 12 10 1154761.904762
10 0.003450 12 10 1154761.904762
10 0.003450 12 10 1154761.904762
10 0.003450 12 10 1154761.904762
10 0.003450 12 10 1154761.904762
16 0.003450 3 0 PTP 18 7_8_-3334_16
13 0.003450 2 18
9 0.003450 8 8 5000000000.000000
10 0.003450 8 8 5000000000.000000
12 0.003450 2 18 18
13 0.003450 2 18
7 0.003450 1 18
13 0.003450 2 11
7 0.003450 1 11
13 0.003450 2 13
7 0.003450 1 13
13 0.003450 2 12
7 0.003450 1 12
13 0.003450 2 15
7 0.003450 1 15
13 0.003450 2 19
7 0.003450 1 19
13 0.003450 2 14
7 0.003450 1 14
13 0.003450 2 17
7 0.003450 1 17
13 0.003450 2 16
7 0.003450 1 16
7 0.003450 6 1
7 0.003450 6 2
7 0.003450 6 3
7 0.003450 6 4
7 0.003450 6 5
7 0.003450 6 6
7 0.003450 6 7
7 0.003450 6 8
7 0.003450 6 9
7 0.003450 9 10
