#This file was generated using SimGrid-3.20.0
#[./a.out --cfg=smpi/privatization:1 --cfg=surf/precision:1e-9 --cfg=network/model:SMPI --cfg=tracing:yes --cfg=tracing/smpi:yes --cfg=tracing/smpi/internals:yes --cfg=tracing/uncategorized:yes --cfg=tracing/filename:trace_files/allreduce_hypercube3D.trace ../platforms/hypercube-3d/config.xml smpitmp-appLhn2lr ]
%EventDef PajeDefineContainerType 0
%       Alias string
%       Type string
%       Name string
%EndEventDef
%EventDef PajeDefineVariableType 1
%       Alias string
%       Type string
%       Name string
%       Color color
%EndEventDef
%EventDef PajeDefineStateType 2
%       Alias string
%       Type string
%       Name string
%EndEventDef
%EventDef PajeDefineEventType 3
%       Alias string
%       Type string
%       Name string
%EndEventDef
%EventDef PajeDefineLinkType 4
%       Alias string
%       Type string
%       StartContainerType string
%       EndContainerType string
%       Name string
%EndEventDef
%EventDef PajeDefineEntityValue 5
%       Alias string
%       Type string
%       Name string
%       Color color
%EndEventDef
%EventDef PajeCreateContainer 6
%       Time date
%       Alias string
%       Type string
%       Container string
%       Name string
%EndEventDef
%EventDef PajeDestroyContainer 7
%       Time date
%       Type string
%       Name string
%EndEventDef
%EventDef PajeSetVariable 8
%       Time date
%       Type string
%       Container string
%       Value double
%EndEventDef
%EventDef PajeAddVariable 9
%       Time date
%       Type string
%       Container string
%       Value double
%EndEventDef
%EventDef PajeSubVariable 10
%       Time date
%       Type string
%       Container string
%       Value double
%EndEventDef
%EventDef PajeSetState 11
%       Time date
%       Type string
%       Container string
%       Value string
%EndEventDef
%EventDef PajePushState 12
%       Time date
%       Type string
%       Container string
%       Value string
%EndEventDef
%EventDef PajePopState 13
%       Time date
%       Type string
%       Container string
%EndEventDef
%EventDef PajeResetState 14
%       Time date
%       Type string
%       Container string
%EndEventDef
%EventDef PajeStartLink 15
%       Time date
%       Type string
%       Container string
%       Value string
%       StartContainer string
%       Key string
%EndEventDef
%EventDef PajeEndLink 16
%       Time date
%       Type string
%       Container string
%       Value string
%       EndContainer string
%       Key string
%EndEventDef
%EventDef PajeNewEvent 17
%       Time date
%       Type string
%       Container string
%       Value string
%EndEventDef
0 1 0 MPI
2 2 1 MPI_STATE
4 3 0 1 1 MPI_LINK
4 4 0 1 1 MIGRATE_LINK
2 5 1 MIGRATE_STATE
0 6 0 HOST
6 0.000000 1 6 0 "host000"
1 7 6 power "1 1 1"
1 8 6 power_used "0.5 0.5 0.5"
6 0.000000 2 6 0 "host001"
6 0.000000 3 6 0 "host010"
6 0.000000 4 6 0 "host011"
6 0.000000 5 6 0 "host100"
6 0.000000 6 6 0 "host101"
6 0.000000 7 6 0 "host110"
6 0.000000 8 6 0 "host111"
0 9 0 LINK
6 0.000000 9 9 0 "link0"
1 10 9 bandwidth "1 1 1"
1 11 9 latency "1 1 1"
1 12 9 bandwidth_used "0.5 0.5 0.5"
4 13 0 9 6 0-LINK9-HOST6
4 14 0 6 9 0-HOST6-LINK9
4 15 0 9 9 0-LINK9-LINK9
8 0.000000 7 1 5000000000.000000
8 0.000000 7 2 5000000000.000000
8 0.000000 7 3 5000000000.000000
8 0.000000 7 4 5000000000.000000
8 0.000000 7 5 5000000000.000000
8 0.000000 7 6 5000000000.000000
8 0.000000 7 7 5000000000.000000
8 0.000000 7 8 5000000000.000000
8 0.000000 10 9 125000000.000000
8 0.000000 11 9 0.000100
15 0.000000 13 0 topology 9 0
16 0.000000 13 0 topology 2 0
15 0.000000 13 0 topology 9 1
16 0.000000 13 0 topology 3 1
15 0.000000 13 0 topology 9 2
16 0.000000 13 0 topology 4 2
15 0.000000 13 0 topology 9 3
16 0.000000 13 0 topology 5 3
15 0.000000 13 0 topology 9 4
16 0.000000 13 0 topology 6 4
15 0.000000 13 0 topology 9 5
16 0.000000 13 0 topology 7 5
15 0.000000 13 0 topology 9 6
16 0.000000 13 0 topology 8 6
15 0.000000 14 0 topology 1 7
16 0.000000 14 0 topology 9 7
15 0.000000 15 0 topology 9 8
16 0.000000 15 0 topology 9 8
6 0.000000 10 1 0 "rank-1"
5 16 2 PMPI_Init "0 1 0"
6 0.000000 11 1 0 "rank-2"
6 0.000000 12 1 0 "rank-3"
6 0.000000 13 1 0 "rank-4"
6 0.000000 14 1 0 "rank-5"
6 0.000000 15 1 0 "rank-6"
6 0.000000 16 1 0 "rank-7"
6 0.000000 17 1 0 "rank-8"
12 0.000000 2 10 16
13 0.000000 2 10
12 0.000000 2 11 16
13 0.000000 2 11
12 0.000000 2 12 16
13 0.000000 2 12
12 0.000000 2 13 16
13 0.000000 2 13
12 0.000000 2 14 16
13 0.000000 2 14
12 0.000000 2 15 16
13 0.000000 2 15
12 0.000000 2 16 16
13 0.000000 2 16
12 0.000000 2 17 16
13 0.000000 2 17
8 0.000000 8 7 0.000000
9 0.000000 8 7 5000000000.000000
8 0.000000 8 5 0.000000
9 0.000000 8 5 5000000000.000000
8 0.000000 8 6 0.000000
9 0.000000 8 6 5000000000.000000
8 0.000000 8 3 0.000000
9 0.000000 8 3 5000000000.000000
8 0.000000 8 2 0.000000
9 0.000000 8 2 5000000000.000000
8 0.000000 8 4 0.000000
9 0.000000 8 4 5000000000.000000
8 0.000000 8 8 0.000000
9 0.000000 8 8 5000000000.000000
8 0.000000 8 1 0.000000
9 0.000000 8 1 5000000000.000000
5 17 2 PMPI_Allreduce "1 0 1"
5 18 2 PMPI_Finalize "0 1 0"
10 0.000000 8 7 5000000000.000000
10 0.000000 8 5 5000000000.000000
10 0.000000 8 6 5000000000.000000
10 0.000000 8 3 5000000000.000000
10 0.000000 8 2 5000000000.000000
10 0.000000 8 4 5000000000.000000
10 0.000000 8 8 5000000000.000000
10 0.000000 8 1 5000000000.000000
12 0.000000 2 16 17
15 0.000000 3 0 PTP 16 7_1_-112_1
12 0.000000 2 14 17
15 0.000000 3 0 PTP 14 5_1_-112_2
12 0.000000 2 15 17
15 0.000000 3 0 PTP 15 6_1_-112_3
12 0.000000 2 12 17
15 0.000000 3 0 PTP 12 3_1_-112_4
12 0.000000 2 11 17
15 0.000000 3 0 PTP 11 2_1_-112_5
12 0.000000 2 13 17
15 0.000000 3 0 PTP 13 4_1_-112_6
12 0.000000 2 17 17
15 0.000000 3 0 PTP 17 8_1_-112_7
12 0.000000 2 10 17
8 0.000188 12 9 0.000000
9 0.000188 12 9 38492063.492063
9 0.000188 12 9 1924603.174603
9 0.000188 12 9 38492063.492063
9 0.000188 12 9 1924603.174603
9 0.000188 12 9 38492063.492063
9 0.000188 12 9 1924603.174603
10 0.000292 12 9 38492063.492063
10 0.000292 12 9 1924603.174603
10 0.000292 12 9 38492063.492063
10 0.000292 12 9 1924603.174603
10 0.000292 12 9 38492063.492063
10 0.000292 12 9 1924603.174603
16 0.000292 3 0 PTP 10 5_1_-112_2
16 0.000292 3 0 PTP 10 2_1_-112_5
16 0.000292 3 0 PTP 10 3_1_-112_4
9 0.000564 12 9 14434523.809524
9 0.000564 12 9 14434523.809524
9 0.000564 12 9 721726.190476
9 0.000564 12 9 721726.190476
9 0.000564 12 9 14434523.809524
9 0.000564 12 9 14434523.809524
9 0.000564 12 9 721726.190476
9 0.000564 12 9 721726.190476
9 0.000564 12 9 14434523.809524
9 0.000564 12 9 14434523.809524
9 0.000564 12 9 721726.190476
9 0.000564 12 9 721726.190476
10 0.000591 12 9 14434523.809524
10 0.000591 12 9 14434523.809524
10 0.000591 12 9 721726.190476
10 0.000591 12 9 721726.190476
10 0.000591 12 9 14434523.809524
10 0.000591 12 9 14434523.809524
10 0.000591 12 9 721726.190476
10 0.000591 12 9 721726.190476
10 0.000591 12 9 14434523.809524
10 0.000591 12 9 14434523.809524
10 0.000591 12 9 721726.190476
10 0.000591 12 9 721726.190476
16 0.000591 3 0 PTP 10 7_1_-112_1
16 0.000591 3 0 PTP 10 4_1_-112_6
16 0.000591 3 0 PTP 10 6_1_-112_3
9 0.000591 12 9 38492063.492063
9 0.000591 12 9 38492063.492063
9 0.000591 12 9 38492063.492063
9 0.000591 12 9 1924603.174603
9 0.000591 12 9 1924603.174603
9 0.000591 12 9 1924603.174603
10 0.000688 12 9 38492063.492063
10 0.000688 12 9 38492063.492063
10 0.000688 12 9 38492063.492063
10 0.000688 12 9 1924603.174603
10 0.000688 12 9 1924603.174603
10 0.000688 12 9 1924603.174603
16 0.000688 3 0 PTP 10 8_1_-112_7
15 0.000688 3 0 PTP 10 1_5_-3334_8
15 0.000688 3 0 PTP 10 1_3_-3334_9
15 0.000688 3 0 PTP 10 1_2_-3334_10
13 0.000688 2 10
9 0.000688 8 1 5000000000.000000
10 0.000688 8 1 5000000000.000000
12 0.000688 2 10 18
9 0.000876 12 9 38492063.492063
9 0.000876 12 9 1924603.174603
9 0.000876 12 9 38492063.492063
9 0.000876 12 9 1924603.174603
9 0.000876 12 9 38492063.492063
9 0.000876 12 9 1924603.174603
10 0.000980 12 9 38492063.492063
10 0.000980 12 9 1924603.174603
10 0.000980 12 9 38492063.492063
10 0.000980 12 9 1924603.174603
10 0.000980 12 9 38492063.492063
10 0.000980 12 9 1924603.174603
16 0.000980 3 0 PTP 11 1_2_-3334_10
13 0.000980 2 11
16 0.000980 3 0 PTP 12 1_3_-3334_9
15 0.000980 3 0 PTP 12 3_4_-3334_11
16 0.000980 3 0 PTP 14 1_5_-3334_8
15 0.000980 3 0 PTP 14 5_7_-3334_12
13 0.000980 2 12
15 0.000980 3 0 PTP 14 5_6_-3334_13
13 0.000980 2 14
9 0.000980 8 5 5000000000.000000
9 0.000980 8 3 5000000000.000000
9 0.000980 8 2 5000000000.000000
10 0.000980 8 5 5000000000.000000
10 0.000980 8 3 5000000000.000000
10 0.000980 8 2 5000000000.000000
12 0.000980 2 14 18
12 0.000980 2 12 18
12 0.000980 2 11 18
9 0.001168 12 9 38492063.492063
9 0.001168 12 9 1924603.174603
9 0.001168 12 9 38492063.492063
9 0.001168 12 9 1924603.174603
9 0.001168 12 9 38492063.492063
9 0.001168 12 9 1924603.174603
10 0.001272 12 9 38492063.492063
10 0.001272 12 9 1924603.174603
10 0.001272 12 9 38492063.492063
10 0.001272 12 9 1924603.174603
10 0.001272 12 9 38492063.492063
10 0.001272 12 9 1924603.174603
16 0.001272 3 0 PTP 15 5_6_-3334_13
13 0.001272 2 15
16 0.001272 3 0 PTP 16 5_7_-3334_12
15 0.001272 3 0 PTP 16 7_8_-3334_14
16 0.001272 3 0 PTP 13 3_4_-3334_11
13 0.001272 2 13
13 0.001272 2 16
9 0.001272 8 4 5000000000.000000
9 0.001272 8 7 5000000000.000000
9 0.001272 8 6 5000000000.000000
10 0.001272 8 4 5000000000.000000
10 0.001272 8 7 5000000000.000000
10 0.001272 8 6 5000000000.000000
12 0.001272 2 13 18
12 0.001272 2 16 18
12 0.001272 2 15 18
9 0.001460 12 9 96866250.000000
9 0.001460 12 9 4843312.500000
10 0.001501 12 9 96866250.000000
10 0.001501 12 9 4843312.500000
16 0.001501 3 0 PTP 17 7_8_-3334_14
13 0.001501 2 17
9 0.001501 8 8 5000000000.000000
10 0.001501 8 8 5000000000.000000
12 0.001501 2 17 18
13 0.001501 2 17
7 0.001501 1 17
13 0.001501 2 10
7 0.001501 1 10
13 0.001501 2 14
7 0.001501 1 14
13 0.001501 2 12
7 0.001501 1 12
13 0.001501 2 11
7 0.001501 1 11
13 0.001501 2 13
7 0.001501 1 13
13 0.001501 2 16
7 0.001501 1 16
13 0.001501 2 15
7 0.001501 1 15
7 0.001501 6 1
7 0.001501 6 2
7 0.001501 6 3
7 0.001501 6 4
7 0.001501 6 5
7 0.001501 6 6
7 0.001501 6 7
7 0.001501 6 8
7 0.001501 9 9
