#This file was generated using SimGrid-3.20.0
#[./a.out --cfg=smpi/privatization:1 --cfg=surf/precision:1e-9 --cfg=network/model:SMPI --cfg=tracing:yes --cfg=tracing/smpi:yes --cfg=tracing/smpi/internals:yes --cfg=tracing/uncategorized:yes --cfg=tracing/filename:trace_files/alltoall_ccgraph.trace ../platforms/ccgraph/config.xml smpitmp-appRegs8x ]
%EventDef PajeDefineContainerType 0
%       Alias string
%       Type string
%       Name string
%EndEventDef
%EventDef PajeDefineVariableType 1
%       Alias string
%       Type string
%       Name string
%       Color color
%EndEventDef
%EventDef PajeDefineStateType 2
%       Alias string
%       Type string
%       Name string
%EndEventDef
%EventDef PajeDefineEventType 3
%       Alias string
%       Type string
%       Name string
%EndEventDef
%EventDef PajeDefineLinkType 4
%       Alias string
%       Type string
%       StartContainerType string
%       EndContainerType string
%       Name string
%EndEventDef
%EventDef PajeDefineEntityValue 5
%       Alias string
%       Type string
%       Name string
%       Color color
%EndEventDef
%EventDef PajeCreateContainer 6
%       Time date
%       Alias string
%       Type string
%       Container string
%       Name string
%EndEventDef
%EventDef PajeDestroyContainer 7
%       Time date
%       Type string
%       Name string
%EndEventDef
%EventDef PajeSetVariable 8
%       Time date
%       Type string
%       Container string
%       Value double
%EndEventDef
%EventDef PajeAddVariable 9
%       Time date
%       Type string
%       Container string
%       Value double
%EndEventDef
%EventDef PajeSubVariable 10
%       Time date
%       Type string
%       Container string
%       Value double
%EndEventDef
%EventDef PajeSetState 11
%       Time date
%       Type string
%       Container string
%       Value string
%EndEventDef
%EventDef PajePushState 12
%       Time date
%       Type string
%       Container string
%       Value string
%EndEventDef
%EventDef PajePopState 13
%       Time date
%       Type string
%       Container string
%EndEventDef
%EventDef PajeResetState 14
%       Time date
%       Type string
%       Container string
%EndEventDef
%EventDef PajeStartLink 15
%       Time date
%       Type string
%       Container string
%       Value string
%       StartContainer string
%       Key string
%EndEventDef
%EventDef PajeEndLink 16
%       Time date
%       Type string
%       Container string
%       Value string
%       EndContainer string
%       Key string
%EndEventDef
%EventDef PajeNewEvent 17
%       Time date
%       Type string
%       Container string
%       Value string
%EndEventDef
0 1 0 MPI
2 2 1 MPI_STATE
4 3 0 1 1 MPI_LINK
4 4 0 1 1 MIGRATE_LINK
2 5 1 MIGRATE_STATE
0 6 0 HOST
6 0.000000 1 6 0 "host0"
1 7 6 power "1 1 1"
1 8 6 power_used "0.5 0.5 0.5"
6 0.000000 2 6 0 "host1"
6 0.000000 3 6 0 "host2"
6 0.000000 4 6 0 "host3"
6 0.000000 5 6 0 "host4"
6 0.000000 6 6 0 "host5"
6 0.000000 7 6 0 "host6"
6 0.000000 8 6 0 "host7"
6 0.000000 9 6 0 "host8"
0 9 0 LINK
6 0.000000 10 9 0 "link0"
1 10 9 bandwidth "1 1 1"
1 11 9 latency "1 1 1"
1 12 9 bandwidth_used "0.5 0.5 0.5"
4 13 0 9 6 0-LINK9-HOST6
4 14 0 6 9 0-HOST6-LINK9
8 0.000000 7 1 5000000000.000000
8 0.000000 7 2 5000000000.000000
8 0.000000 7 3 5000000000.000000
8 0.000000 7 4 5000000000.000000
8 0.000000 7 5 5000000000.000000
8 0.000000 7 6 5000000000.000000
8 0.000000 7 7 5000000000.000000
8 0.000000 7 8 5000000000.000000
8 0.000000 7 9 5000000000.000000
8 0.000000 10 10 125000000.000000
8 0.000000 11 10 0.000100
15 0.000000 13 0 topology 10 0
16 0.000000 13 0 topology 2 0
15 0.000000 13 0 topology 10 1
16 0.000000 13 0 topology 3 1
15 0.000000 13 0 topology 10 2
16 0.000000 13 0 topology 4 2
15 0.000000 13 0 topology 10 3
16 0.000000 13 0 topology 5 3
15 0.000000 13 0 topology 10 4
16 0.000000 13 0 topology 6 4
15 0.000000 13 0 topology 10 5
16 0.000000 13 0 topology 7 5
15 0.000000 13 0 topology 10 6
16 0.000000 13 0 topology 8 6
15 0.000000 13 0 topology 10 7
16 0.000000 13 0 topology 9 7
15 0.000000 14 0 topology 1 8
16 0.000000 14 0 topology 10 8
6 0.000000 11 1 0 "rank-1"
5 15 2 PMPI_Init "0 1 0"
6 0.000000 12 1 0 "rank-2"
6 0.000000 13 1 0 "rank-3"
6 0.000000 14 1 0 "rank-4"
6 0.000000 15 1 0 "rank-5"
6 0.000000 16 1 0 "rank-6"
6 0.000000 17 1 0 "rank-7"
6 0.000000 18 1 0 "rank-8"
6 0.000000 19 1 0 "rank-9"
12 0.000000 2 11 15
13 0.000000 2 11
12 0.000000 2 12 15
13 0.000000 2 12
12 0.000000 2 13 15
13 0.000000 2 13
12 0.000000 2 14 15
13 0.000000 2 14
12 0.000000 2 15 15
13 0.000000 2 15
12 0.000000 2 16 15
13 0.000000 2 16
12 0.000000 2 17 15
13 0.000000 2 17
12 0.000000 2 18 15
13 0.000000 2 18
12 0.000000 2 19 15
13 0.000000 2 19
8 0.000000 8 7 0.000000
9 0.000000 8 7 5000000000.000000
8 0.000000 8 6 0.000000
9 0.000000 8 6 5000000000.000000
8 0.000000 8 5 0.000000
9 0.000000 8 5 5000000000.000000
8 0.000000 8 2 0.000000
9 0.000000 8 2 5000000000.000000
8 0.000000 8 3 0.000000
9 0.000000 8 3 5000000000.000000
8 0.000000 8 8 0.000000
9 0.000000 8 8 5000000000.000000
8 0.000000 8 4 0.000000
9 0.000000 8 4 5000000000.000000
8 0.000000 8 9 0.000000
9 0.000000 8 9 5000000000.000000
8 0.000000 8 1 0.000000
9 0.000000 8 1 5000000000.000000
5 16 2 PMPI_Alltoall "0.52 0 1"
5 17 2 PMPI_Allreduce "1 0 1"
5 18 2 PMPI_Finalize "0 1 0"
10 0.000000 8 7 5000000000.000000
10 0.000000 8 6 5000000000.000000
10 0.000000 8 5 5000000000.000000
10 0.000000 8 2 5000000000.000000
10 0.000000 8 3 5000000000.000000
10 0.000000 8 8 5000000000.000000
10 0.000000 8 4 5000000000.000000
10 0.000000 8 9 5000000000.000000
10 0.000000 8 1 5000000000.000000
12 0.000000 2 17 16
12 0.000000 2 16 16
12 0.000000 2 15 16
12 0.000000 2 12 16
12 0.000000 2 13 16
12 0.000000 2 18 16
12 0.000000 2 14 16
12 0.000000 2 19 16
12 0.000000 2 11 16
15 0.000000 3 0 PTP 17 7_6_888_1
15 0.000000 3 0 PTP 16 6_5_888_2
15 0.000000 3 0 PTP 15 5_4_888_3
15 0.000000 3 0 PTP 12 2_1_888_4
15 0.000000 3 0 PTP 13 3_2_888_5
15 0.000000 3 0 PTP 18 8_7_888_6
15 0.000000 3 0 PTP 14 4_3_888_7
15 0.000000 3 0 PTP 19 9_8_888_8
15 0.000000 3 0 PTP 11 1_9_888_9
15 0.000000 3 0 PTP 17 7_5_888_10
15 0.000000 3 0 PTP 16 6_4_888_11
15 0.000000 3 0 PTP 15 5_3_888_12
15 0.000000 3 0 PTP 12 2_9_888_13
15 0.000000 3 0 PTP 13 3_1_888_14
15 0.000000 3 0 PTP 18 8_6_888_15
15 0.000000 3 0 PTP 14 4_2_888_16
15 0.000000 3 0 PTP 19 9_7_888_17
15 0.000000 3 0 PTP 11 1_8_888_18
15 0.000000 3 0 PTP 17 7_4_888_19
15 0.000000 3 0 PTP 16 6_3_888_20
15 0.000000 3 0 PTP 15 5_2_888_21
15 0.000000 3 0 PTP 12 2_8_888_22
15 0.000000 3 0 PTP 13 3_9_888_23
15 0.000000 3 0 PTP 18 8_5_888_24
15 0.000000 3 0 PTP 14 4_1_888_25
15 0.000000 3 0 PTP 19 9_6_888_26
15 0.000000 3 0 PTP 11 1_7_888_27
15 0.000000 3 0 PTP 17 7_3_888_28
15 0.000000 3 0 PTP 16 6_2_888_29
15 0.000000 3 0 PTP 15 5_1_888_30
15 0.000000 3 0 PTP 12 2_7_888_31
15 0.000000 3 0 PTP 13 3_8_888_32
15 0.000000 3 0 PTP 18 8_4_888_33
15 0.000000 3 0 PTP 14 4_9_888_34
15 0.000000 3 0 PTP 19 9_5_888_35
15 0.000000 3 0 PTP 11 1_6_888_36
15 0.000000 3 0 PTP 17 7_2_888_37
15 0.000000 3 0 PTP 16 6_1_888_38
15 0.000000 3 0 PTP 15 5_9_888_39
15 0.000000 3 0 PTP 12 2_6_888_40
15 0.000000 3 0 PTP 13 3_7_888_41
15 0.000000 3 0 PTP 18 8_3_888_42
15 0.000000 3 0 PTP 14 4_8_888_43
15 0.000000 3 0 PTP 19 9_4_888_44
15 0.000000 3 0 PTP 11 1_5_888_45
15 0.000000 3 0 PTP 17 7_1_888_46
15 0.000000 3 0 PTP 16 6_9_888_47
15 0.000000 3 0 PTP 15 5_8_888_48
15 0.000000 3 0 PTP 12 2_5_888_49
15 0.000000 3 0 PTP 13 3_6_888_50
15 0.000000 3 0 PTP 18 8_2_888_51
15 0.000000 3 0 PTP 14 4_7_888_52
15 0.000000 3 0 PTP 19 9_3_888_53
15 0.000000 3 0 PTP 11 1_4_888_54
15 0.000000 3 0 PTP 17 7_9_888_55
15 0.000000 3 0 PTP 16 6_8_888_56
15 0.000000 3 0 PTP 15 5_7_888_57
15 0.000000 3 0 PTP 12 2_4_888_58
15 0.000000 3 0 PTP 13 3_5_888_59
15 0.000000 3 0 PTP 18 8_1_888_60
15 0.000000 3 0 PTP 14 4_6_888_61
15 0.000000 3 0 PTP 19 9_2_888_62
15 0.000000 3 0 PTP 11 1_3_888_63
15 0.000000 3 0 PTP 17 7_8_888_64
15 0.000000 3 0 PTP 16 6_7_888_65
15 0.000000 3 0 PTP 15 5_6_888_66
15 0.000000 3 0 PTP 12 2_3_888_67
15 0.000000 3 0 PTP 13 3_4_888_68
15 0.000000 3 0 PTP 18 8_9_888_69
15 0.000000 3 0 PTP 14 4_5_888_70
15 0.000000 3 0 PTP 19 9_1_888_71
15 0.000000 3 0 PTP 11 1_2_888_72
8 0.000195 12 10 0.000000
9 0.000195 12 10 1603835.978836
9 0.000195 12 10 80191.798942
9 0.000195 12 10 1603835.978836
9 0.000195 12 10 80191.798942
9 0.000195 12 10 1603835.978836
9 0.000195 12 10 80191.798942
9 0.000195 12 10 1603835.978836
9 0.000195 12 10 80191.798942
9 0.000195 12 10 1603835.978836
9 0.000195 12 10 80191.798942
9 0.000195 12 10 1603835.978836
9 0.000195 12 10 80191.798942
9 0.000195 12 10 1603835.978836
9 0.000195 12 10 80191.798942
9 0.000195 12 10 1603835.978836
9 0.000195 12 10 80191.798942
9 0.000195 12 10 1603835.978836
9 0.000195 12 10 80191.798942
9 0.000195 12 10 1603835.978836
9 0.000195 12 10 80191.798942
9 0.000195 12 10 1603835.978836
9 0.000195 12 10 80191.798942
9 0.000195 12 10 1603835.978836
9 0.000195 12 10 80191.798942
9 0.000195 12 10 1603835.978836
9 0.000195 12 10 80191.798942
9 0.000195 12 10 1603835.978836
9 0.000195 12 10 80191.798942
9 0.000195 12 10 1603835.978836
9 0.000195 12 10 80191.798942
9 0.000195 12 10 1603835.978836
9 0.000195 12 10 80191.798942
9 0.000195 12 10 1603835.978836
9 0.000195 12 10 80191.798942
9 0.000195 12 10 1603835.978836
9 0.000195 12 10 80191.798942
9 0.000195 12 10 1603835.978836
9 0.000195 12 10 80191.798942
9 0.000195 12 10 1603835.978836
9 0.000195 12 10 80191.798942
9 0.000195 12 10 1603835.978836
9 0.000195 12 10 80191.798942
9 0.000195 12 10 1603835.978836
9 0.000195 12 10 80191.798942
9 0.000195 12 10 1603835.978836
9 0.000195 12 10 80191.798942
9 0.000195 12 10 1603835.978836
9 0.000195 12 10 80191.798942
9 0.000195 12 10 1603835.978836
9 0.000195 12 10 80191.798942
9 0.000195 12 10 1603835.978836
9 0.000195 12 10 80191.798942
9 0.000195 12 10 1603835.978836
9 0.000195 12 10 80191.798942
9 0.000195 12 10 1603835.978836
9 0.000195 12 10 80191.798942
9 0.000195 12 10 1603835.978836
9 0.000195 12 10 80191.798942
9 0.000195 12 10 1603835.978836
9 0.000195 12 10 80191.798942
9 0.000195 12 10 1603835.978836
9 0.000195 12 10 80191.798942
9 0.000195 12 10 1603835.978836
9 0.000195 12 10 80191.798942
9 0.000195 12 10 1603835.978836
9 0.000195 12 10 80191.798942
9 0.000195 12 10 1603835.978836
9 0.000195 12 10 80191.798942
9 0.000195 12 10 1603835.978836
9 0.000195 12 10 80191.798942
9 0.000195 12 10 1603835.978836
9 0.000195 12 10 80191.798942
9 0.000195 12 10 1603835.978836
9 0.000195 12 10 80191.798942
9 0.000195 12 10 1603835.978836
9 0.000195 12 10 80191.798942
9 0.000195 12 10 1603835.978836
9 0.000195 12 10 80191.798942
9 0.000195 12 10 1603835.978836
9 0.000195 12 10 80191.798942
9 0.000195 12 10 1603835.978836
9 0.000195 12 10 80191.798942
9 0.000195 12 10 1603835.978836
9 0.000195 12 10 80191.798942
9 0.000195 12 10 1603835.978836
9 0.000195 12 10 80191.798942
9 0.000195 12 10 1603835.978836
9 0.000195 12 10 80191.798942
9 0.000195 12 10 1603835.978836
9 0.000195 12 10 80191.798942
9 0.000195 12 10 1603835.978836
9 0.000195 12 10 80191.798942
9 0.000195 12 10 1603835.978836
9 0.000195 12 10 80191.798942
9 0.000195 12 10 1603835.978836
9 0.000195 12 10 80191.798942
9 0.000195 12 10 1603835.978836
9 0.000195 12 10 80191.798942
9 0.000195 12 10 1603835.978836
9 0.000195 12 10 80191.798942
9 0.000195 12 10 1603835.978836
9 0.000195 12 10 80191.798942
9 0.000195 12 10 1603835.978836
9 0.000195 12 10 80191.798942
9 0.000195 12 10 1603835.978836
9 0.000195 12 10 80191.798942
9 0.000195 12 10 1603835.978836
9 0.000195 12 10 80191.798942
9 0.000195 12 10 1603835.978836
9 0.000195 12 10 80191.798942
9 0.000195 12 10 1603835.978836
9 0.000195 12 10 80191.798942
9 0.000195 12 10 1603835.978836
9 0.000195 12 10 80191.798942
9 0.000195 12 10 1603835.978836
9 0.000195 12 10 80191.798942
9 0.000195 12 10 1603835.978836
9 0.000195 12 10 80191.798942
9 0.000195 12 10 1603835.978836
9 0.000195 12 10 80191.798942
9 0.000195 12 10 1603835.978836
9 0.000195 12 10 80191.798942
9 0.000195 12 10 1603835.978836
9 0.000195 12 10 80191.798942
9 0.000195 12 10 1603835.978836
9 0.000195 12 10 80191.798942
9 0.000195 12 10 1603835.978836
9 0.000195 12 10 80191.798942
9 0.000195 12 10 1603835.978836
9 0.000195 12 10 80191.798942
9 0.000195 12 10 1603835.978836
9 0.000195 12 10 80191.798942
9 0.000195 12 10 1603835.978836
9 0.000195 12 10 80191.798942
9 0.000195 12 10 1603835.978836
9 0.000195 12 10 80191.798942
9 0.000195 12 10 1603835.978836
9 0.000195 12 10 80191.798942
9 0.000195 12 10 1603835.978836
9 0.000195 12 10 80191.798942
9 0.000195 12 10 1603835.978836
9 0.000195 12 10 80191.798942
9 0.000195 12 10 1603835.978836
9 0.000195 12 10 80191.798942
10 0.000515 12 10 1603835.978836
10 0.000515 12 10 80191.798942
10 0.000515 12 10 1603835.978836
10 0.000515 12 10 80191.798942
10 0.000515 12 10 1603835.978836
10 0.000515 12 10 80191.798942
10 0.000515 12 10 1603835.978836
10 0.000515 12 10 80191.798942
10 0.000515 12 10 1603835.978836
10 0.000515 12 10 80191.798942
10 0.000515 12 10 1603835.978836
10 0.000515 12 10 80191.798942
10 0.000515 12 10 1603835.978836
10 0.000515 12 10 80191.798942
10 0.000515 12 10 1603835.978836
10 0.000515 12 10 80191.798942
10 0.000515 12 10 1603835.978836
10 0.000515 12 10 80191.798942
10 0.000515 12 10 1603835.978836
10 0.000515 12 10 80191.798942
10 0.000515 12 10 1603835.978836
10 0.000515 12 10 80191.798942
10 0.000515 12 10 1603835.978836
10 0.000515 12 10 80191.798942
10 0.000515 12 10 1603835.978836
10 0.000515 12 10 80191.798942
10 0.000515 12 10 1603835.978836
10 0.000515 12 10 80191.798942
10 0.000515 12 10 1603835.978836
10 0.000515 12 10 80191.798942
10 0.000515 12 10 1603835.978836
10 0.000515 12 10 80191.798942
10 0.000515 12 10 1603835.978836
10 0.000515 12 10 80191.798942
10 0.000515 12 10 1603835.978836
10 0.000515 12 10 80191.798942
10 0.000515 12 10 1603835.978836
10 0.000515 12 10 80191.798942
10 0.000515 12 10 1603835.978836
10 0.000515 12 10 80191.798942
10 0.000515 12 10 1603835.978836
10 0.000515 12 10 80191.798942
10 0.000515 12 10 1603835.978836
10 0.000515 12 10 80191.798942
10 0.000515 12 10 1603835.978836
10 0.000515 12 10 80191.798942
10 0.000515 12 10 1603835.978836
10 0.000515 12 10 80191.798942
10 0.000515 12 10 1603835.978836
10 0.000515 12 10 80191.798942
10 0.000515 12 10 1603835.978836
10 0.000515 12 10 80191.798942
10 0.000515 12 10 1603835.978836
10 0.000515 12 10 80191.798942
10 0.000515 12 10 1603835.978836
10 0.000515 12 10 80191.798942
10 0.000515 12 10 1603835.978836
10 0.000515 12 10 80191.798942
10 0.000515 12 10 1603835.978836
10 0.000515 12 10 80191.798942
10 0.000515 12 10 1603835.978836
10 0.000515 12 10 80191.798942
10 0.000515 12 10 1603835.978836
10 0.000515 12 10 80191.798942
10 0.000515 12 10 1603835.978836
10 0.000515 12 10 80191.798942
10 0.000515 12 10 1603835.978836
10 0.000515 12 10 80191.798942
10 0.000515 12 10 1603835.978836
10 0.000515 12 10 80191.798942
10 0.000515 12 10 1603835.978836
10 0.000515 12 10 80191.798942
10 0.000515 12 10 1603835.978836
10 0.000515 12 10 80191.798942
10 0.000515 12 10 1603835.978836
10 0.000515 12 10 80191.798942
10 0.000515 12 10 1603835.978836
10 0.000515 12 10 80191.798942
10 0.000515 12 10 1603835.978836
10 0.000515 12 10 80191.798942
10 0.000515 12 10 1603835.978836
10 0.000515 12 10 80191.798942
10 0.000515 12 10 1603835.978836
10 0.000515 12 10 80191.798942
10 0.000515 12 10 1603835.978836
10 0.000515 12 10 80191.798942
10 0.000515 12 10 1603835.978836
10 0.000515 12 10 80191.798942
10 0.000515 12 10 1603835.978836
10 0.000515 12 10 80191.798942
10 0.000515 12 10 1603835.978836
10 0.000515 12 10 80191.798942
10 0.000515 12 10 1603835.978836
10 0.000515 12 10 80191.798942
10 0.000515 12 10 1603835.978836
10 0.000515 12 10 80191.798942
10 0.000515 12 10 1603835.978836
10 0.000515 12 10 80191.798942
10 0.000515 12 10 1603835.978836
10 0.000515 12 10 80191.798942
10 0.000515 12 10 1603835.978836
10 0.000515 12 10 80191.798942
10 0.000515 12 10 1603835.978836
10 0.000515 12 10 80191.798942
10 0.000515 12 10 1603835.978836
10 0.000515 12 10 80191.798942
10 0.000515 12 10 1603835.978836
10 0.000515 12 10 80191.798942
10 0.000515 12 10 1603835.978836
10 0.000515 12 10 80191.798942
10 0.000515 12 10 1603835.978836
10 0.000515 12 10 80191.798942
10 0.000515 12 10 1603835.978836
10 0.000515 12 10 80191.798942
10 0.000515 12 10 1603835.978836
10 0.000515 12 10 80191.798942
10 0.000515 12 10 1603835.978836
10 0.000515 12 10 80191.798942
10 0.000515 12 10 1603835.978836
10 0.000515 12 10 80191.798942
10 0.000515 12 10 1603835.978836
10 0.000515 12 10 80191.798942
10 0.000515 12 10 1603835.978836
10 0.000515 12 10 80191.798942
10 0.000515 12 10 1603835.978836
10 0.000515 12 10 80191.798942
10 0.000515 12 10 1603835.978836
10 0.000515 12 10 80191.798942
10 0.000515 12 10 1603835.978836
10 0.000515 12 10 80191.798942
10 0.000515 12 10 1603835.978836
10 0.000515 12 10 80191.798942
10 0.000515 12 10 1603835.978836
10 0.000515 12 10 80191.798942
10 0.000515 12 10 1603835.978836
10 0.000515 12 10 80191.798942
10 0.000515 12 10 1603835.978836
10 0.000515 12 10 80191.798942
10 0.000515 12 10 1603835.978836
10 0.000515 12 10 80191.798942
10 0.000515 12 10 1603835.978836
10 0.000515 12 10 80191.798942
10 0.000515 12 10 1603835.978836
10 0.000515 12 10 80191.798942
16 0.000515 3 0 PTP 12 1_2_888_72
16 0.000515 3 0 PTP 11 9_1_888_71
16 0.000515 3 0 PTP 15 4_5_888_70
16 0.000515 3 0 PTP 19 8_9_888_69
16 0.000515 3 0 PTP 14 3_4_888_68
16 0.000515 3 0 PTP 13 2_3_888_67
16 0.000515 3 0 PTP 16 5_6_888_66
16 0.000515 3 0 PTP 17 6_7_888_65
16 0.000515 3 0 PTP 18 7_8_888_64
16 0.000515 3 0 PTP 12 3_2_888_5
16 0.000515 3 0 PTP 11 2_1_888_4
16 0.000515 3 0 PTP 15 6_5_888_2
16 0.000515 3 0 PTP 19 1_9_888_9
16 0.000515 3 0 PTP 14 5_4_888_3
16 0.000515 3 0 PTP 13 4_3_888_7
16 0.000515 3 0 PTP 16 7_6_888_1
16 0.000515 3 0 PTP 17 8_7_888_6
16 0.000515 3 0 PTP 18 9_8_888_8
16 0.000515 3 0 PTP 12 4_2_888_16
16 0.000515 3 0 PTP 11 3_1_888_14
16 0.000515 3 0 PTP 15 7_5_888_10
16 0.000515 3 0 PTP 19 2_9_888_13
16 0.000515 3 0 PTP 14 6_4_888_11
16 0.000515 3 0 PTP 13 5_3_888_12
16 0.000515 3 0 PTP 16 8_6_888_15
16 0.000515 3 0 PTP 17 9_7_888_17
16 0.000515 3 0 PTP 18 1_8_888_18
16 0.000515 3 0 PTP 12 5_2_888_21
16 0.000515 3 0 PTP 11 4_1_888_25
16 0.000515 3 0 PTP 15 8_5_888_24
16 0.000515 3 0 PTP 19 3_9_888_23
16 0.000515 3 0 PTP 14 7_4_888_19
16 0.000515 3 0 PTP 13 6_3_888_20
16 0.000515 3 0 PTP 16 9_6_888_26
16 0.000515 3 0 PTP 17 1_7_888_27
16 0.000515 3 0 PTP 18 2_8_888_22
16 0.000515 3 0 PTP 12 6_2_888_29
16 0.000515 3 0 PTP 11 5_1_888_30
16 0.000515 3 0 PTP 15 9_5_888_35
16 0.000515 3 0 PTP 19 4_9_888_34
16 0.000515 3 0 PTP 14 8_4_888_33
16 0.000515 3 0 PTP 13 7_3_888_28
16 0.000515 3 0 PTP 16 1_6_888_36
16 0.000515 3 0 PTP 17 2_7_888_31
16 0.000515 3 0 PTP 18 3_8_888_32
16 0.000515 3 0 PTP 12 7_2_888_37
16 0.000515 3 0 PTP 11 6_1_888_38
16 0.000515 3 0 PTP 15 1_5_888_45
16 0.000515 3 0 PTP 19 5_9_888_39
16 0.000515 3 0 PTP 14 9_4_888_44
16 0.000515 3 0 PTP 13 8_3_888_42
16 0.000515 3 0 PTP 16 2_6_888_40
16 0.000515 3 0 PTP 17 3_7_888_41
16 0.000515 3 0 PTP 18 4_8_888_43
16 0.000515 3 0 PTP 12 8_2_888_51
16 0.000515 3 0 PTP 11 7_1_888_46
16 0.000515 3 0 PTP 15 2_5_888_49
16 0.000515 3 0 PTP 19 6_9_888_47
16 0.000515 3 0 PTP 14 1_4_888_54
16 0.000515 3 0 PTP 13 9_3_888_53
16 0.000515 3 0 PTP 16 3_6_888_50
16 0.000515 3 0 PTP 17 4_7_888_52
16 0.000515 3 0 PTP 18 5_8_888_48
16 0.000515 3 0 PTP 12 9_2_888_62
13 0.000515 2 12
16 0.000515 3 0 PTP 11 8_1_888_60
13 0.000515 2 11
16 0.000515 3 0 PTP 15 3_5_888_59
13 0.000515 2 15
16 0.000515 3 0 PTP 19 7_9_888_55
13 0.000515 2 19
16 0.000515 3 0 PTP 14 2_4_888_58
13 0.000515 2 14
16 0.000515 3 0 PTP 13 1_3_888_63
13 0.000515 2 13
16 0.000515 3 0 PTP 16 4_6_888_61
13 0.000515 2 16
16 0.000515 3 0 PTP 17 5_7_888_57
13 0.000515 2 17
16 0.000515 3 0 PTP 18 6_8_888_56
13 0.000515 2 18
9 0.000515 8 6 5000000000.000000
9 0.000515 8 3 5000000000.000000
9 0.000515 8 8 5000000000.000000
9 0.000515 8 7 5000000000.000000
9 0.000515 8 9 5000000000.000000
9 0.000515 8 5 5000000000.000000
9 0.000515 8 4 5000000000.000000
9 0.000515 8 1 5000000000.000000
9 0.000515 8 2 5000000000.000000
10 0.000515 8 6 5000000000.000000
10 0.000515 8 3 5000000000.000000
10 0.000515 8 8 5000000000.000000
10 0.000515 8 7 5000000000.000000
10 0.000515 8 9 5000000000.000000
10 0.000515 8 5 5000000000.000000
10 0.000515 8 4 5000000000.000000
10 0.000515 8 1 5000000000.000000
10 0.000515 8 2 5000000000.000000
12 0.000515 2 16 17
15 0.000515 3 0 PTP 16 6_1_-112_73
12 0.000515 2 13 17
15 0.000515 3 0 PTP 13 3_1_-112_74
12 0.000515 2 18 17
15 0.000515 3 0 PTP 18 8_1_-112_75
12 0.000515 2 17 17
15 0.000515 3 0 PTP 17 7_1_-112_76
12 0.000515 2 19 17
15 0.000515 3 0 PTP 19 9_1_-112_77
12 0.000515 2 15 17
15 0.000515 3 0 PTP 15 5_1_-112_78
12 0.000515 2 14 17
15 0.000515 3 0 PTP 14 4_1_-112_79
12 0.000515 2 11 17
12 0.000515 2 12 17
15 0.000515 3 0 PTP 12 2_1_-112_80
9 0.000716 12 10 14434523.809524
9 0.000716 12 10 721726.190476
9 0.000716 12 10 14434523.809524
9 0.000716 12 10 721726.190476
9 0.000716 12 10 14434523.809524
9 0.000716 12 10 721726.190476
9 0.000716 12 10 14434523.809524
9 0.000716 12 10 721726.190476
9 0.000716 12 10 14434523.809524
9 0.000716 12 10 721726.190476
9 0.000716 12 10 14434523.809524
9 0.000716 12 10 721726.190476
9 0.000716 12 10 14434523.809524
9 0.000716 12 10 721726.190476
9 0.000716 12 10 14434523.809524
9 0.000716 12 10 721726.190476
10 0.000716 12 10 14434523.809524
10 0.000716 12 10 721726.190476
10 0.000716 12 10 14434523.809524
10 0.000716 12 10 721726.190476
10 0.000716 12 10 14434523.809524
10 0.000716 12 10 721726.190476
10 0.000716 12 10 14434523.809524
10 0.000716 12 10 721726.190476
10 0.000716 12 10 14434523.809524
10 0.000716 12 10 721726.190476
10 0.000716 12 10 14434523.809524
10 0.000716 12 10 721726.190476
10 0.000716 12 10 14434523.809524
10 0.000716 12 10 721726.190476
10 0.000716 12 10 14434523.809524
10 0.000716 12 10 721726.190476
16 0.000716 3 0 PTP 11 9_1_-112_77
16 0.000716 3 0 PTP 11 2_1_-112_80
16 0.000716 3 0 PTP 11 3_1_-112_74
16 0.000716 3 0 PTP 11 4_1_-112_79
16 0.000716 3 0 PTP 11 5_1_-112_78
16 0.000716 3 0 PTP 11 6_1_-112_73
16 0.000716 3 0 PTP 11 7_1_-112_76
16 0.000716 3 0 PTP 11 8_1_-112_75
15 0.000716 3 0 PTP 11 1_9_-3334_81
15 0.000716 3 0 PTP 11 1_5_-3334_82
15 0.000716 3 0 PTP 11 1_3_-3334_83
15 0.000716 3 0 PTP 11 1_2_-3334_84
13 0.000716 2 11
9 0.000716 8 1 5000000000.000000
10 0.000716 8 1 5000000000.000000
12 0.000716 2 11 18
9 0.000918 12 10 28869047.619048
9 0.000918 12 10 1443452.380952
9 0.000918 12 10 28869047.619048
9 0.000918 12 10 1443452.380952
9 0.000918 12 10 28869047.619048
9 0.000918 12 10 1443452.380952
9 0.000918 12 10 28869047.619048
9 0.000918 12 10 1443452.380952
10 0.000918 12 10 28869047.619048
10 0.000918 12 10 1443452.380952
10 0.000918 12 10 28869047.619048
10 0.000918 12 10 1443452.380952
10 0.000918 12 10 28869047.619048
10 0.000918 12 10 1443452.380952
10 0.000918 12 10 28869047.619048
10 0.000918 12 10 1443452.380952
16 0.000918 3 0 PTP 12 1_2_-3334_84
13 0.000918 2 12
16 0.000918 3 0 PTP 13 1_3_-3334_83
15 0.000918 3 0 PTP 13 3_4_-3334_85
16 0.000918 3 0 PTP 15 1_5_-3334_82
15 0.000918 3 0 PTP 15 5_7_-3334_86
16 0.000918 3 0 PTP 19 1_9_-3334_81
13 0.000918 2 19
13 0.000918 2 13
15 0.000918 3 0 PTP 15 5_6_-3334_87
13 0.000918 2 15
9 0.000918 8 5 5000000000.000000
9 0.000918 8 3 5000000000.000000
9 0.000918 8 9 5000000000.000000
9 0.000918 8 2 5000000000.000000
10 0.000918 8 5 5000000000.000000
10 0.000918 8 3 5000000000.000000
10 0.000918 8 9 5000000000.000000
10 0.000918 8 2 5000000000.000000
12 0.000918 2 15 18
12 0.000918 2 13 18
12 0.000918 2 19 18
12 0.000918 2 12 18
9 0.001119 12 10 38492063.492063
9 0.001119 12 10 1924603.174603
9 0.001119 12 10 38492063.492063
9 0.001119 12 10 1924603.174603
9 0.001119 12 10 38492063.492063
9 0.001119 12 10 1924603.174603
10 0.001119 12 10 38492063.492063
10 0.001119 12 10 1924603.174603
10 0.001119 12 10 38492063.492063
10 0.001119 12 10 1924603.174603
10 0.001119 12 10 38492063.492063
10 0.001119 12 10 1924603.174603
16 0.001119 3 0 PTP 16 5_6_-3334_87
13 0.001119 2 16
16 0.001119 3 0 PTP 17 5_7_-3334_86
15 0.001119 3 0 PTP 17 7_8_-3334_88
16 0.001119 3 0 PTP 14 3_4_-3334_85
13 0.001119 2 14
13 0.001119 2 17
9 0.001119 8 7 5000000000.000000
9 0.001119 8 4 5000000000.000000
9 0.001119 8 6 5000000000.000000
10 0.001119 8 7 5000000000.000000
10 0.001119 8 4 5000000000.000000
10 0.001119 8 6 5000000000.000000
12 0.001119 2 17 18
12 0.001119 2 14 18
12 0.001119 2 16 18
9 0.001321 12 10 101510500.000000
9 0.001321 12 10 5075525.000000
10 0.001321 12 10 101510500.000000
10 0.001321 12 10 5075525.000000
16 0.001321 3 0 PTP 18 7_8_-3334_88
13 0.001321 2 18
9 0.001321 8 8 5000000000.000000
10 0.001321 8 8 5000000000.000000
12 0.001321 2 18 18
13 0.001321 2 18
7 0.001321 1 18
13 0.001321 2 11
7 0.001321 1 11
13 0.001321 2 15
7 0.001321 1 15
13 0.001321 2 13
7 0.001321 1 13
13 0.001321 2 19
7 0.001321 1 19
13 0.001321 2 12
7 0.001321 1 12
13 0.001321 2 17
7 0.001321 1 17
13 0.001321 2 14
7 0.001321 1 14
13 0.001321 2 16
7 0.001321 1 16
7 0.001321 6 1
7 0.001321 6 2
7 0.001321 6 3
7 0.001321 6 4
7 0.001321 6 5
7 0.001321 6 6
7 0.001321 6 7
7 0.001321 6 8
7 0.001321 6 9
7 0.001321 9 10
