#This file was generated using SimGrid-3.20.0
#[./a.out --cfg=smpi/privatization:1 --cfg=surf/precision:1e-9 --cfg=network/model:SMPI --cfg=tracing:yes --cfg=tracing/smpi:yes --cfg=tracing/smpi/internals:yes --cfg=tracing/uncategorized:yes --cfg=tracing/filename:trace_files/alltoall_hypercube2D.trace ../platforms/hypercube-2d/config.xml smpitmp-appzLhzvN ]
%EventDef PajeDefineContainerType 0
%       Alias string
%       Type string
%       Name string
%EndEventDef
%EventDef PajeDefineVariableType 1
%       Alias string
%       Type string
%       Name string
%       Color color
%EndEventDef
%EventDef PajeDefineStateType 2
%       Alias string
%       Type string
%       Name string
%EndEventDef
%EventDef PajeDefineEventType 3
%       Alias string
%       Type string
%       Name string
%EndEventDef
%EventDef PajeDefineLinkType 4
%       Alias string
%       Type string
%       StartContainerType string
%       EndContainerType string
%       Name string
%EndEventDef
%EventDef PajeDefineEntityValue 5
%       Alias string
%       Type string
%       Name string
%       Color color
%EndEventDef
%EventDef PajeCreateContainer 6
%       Time date
%       Alias string
%       Type string
%       Container string
%       Name string
%EndEventDef
%EventDef PajeDestroyContainer 7
%       Time date
%       Type string
%       Name string
%EndEventDef
%EventDef PajeSetVariable 8
%       Time date
%       Type string
%       Container string
%       Value double
%EndEventDef
%EventDef PajeAddVariable 9
%       Time date
%       Type string
%       Container string
%       Value double
%EndEventDef
%EventDef PajeSubVariable 10
%       Time date
%       Type string
%       Container string
%       Value double
%EndEventDef
%EventDef PajeSetState 11
%       Time date
%       Type string
%       Container string
%       Value string
%EndEventDef
%EventDef PajePushState 12
%       Time date
%       Type string
%       Container string
%       Value string
%EndEventDef
%EventDef PajePopState 13
%       Time date
%       Type string
%       Container string
%EndEventDef
%EventDef PajeResetState 14
%       Time date
%       Type string
%       Container string
%EndEventDef
%EventDef PajeStartLink 15
%       Time date
%       Type string
%       Container string
%       Value string
%       StartContainer string
%       Key string
%EndEventDef
%EventDef PajeEndLink 16
%       Time date
%       Type string
%       Container string
%       Value string
%       EndContainer string
%       Key string
%EndEventDef
%EventDef PajeNewEvent 17
%       Time date
%       Type string
%       Container string
%       Value string
%EndEventDef
0 1 0 MPI
2 2 1 MPI_STATE
4 3 0 1 1 MPI_LINK
4 4 0 1 1 MIGRATE_LINK
2 5 1 MIGRATE_STATE
0 6 0 HOST
6 0.000000 1 6 0 "host0"
1 7 6 power "1 1 1"
1 8 6 power_used "0.5 0.5 0.5"
6 0.000000 2 6 0 "host1"
6 0.000000 3 6 0 "host2"
6 0.000000 4 6 0 "host3"
0 9 0 LINK
6 0.000000 5 9 0 "link0"
1 10 9 bandwidth "1 1 1"
1 11 9 latency "1 1 1"
1 12 9 bandwidth_used "0.5 0.5 0.5"
4 13 0 9 6 0-LINK9-HOST6
4 14 0 6 9 0-HOST6-LINK9
4 15 0 9 9 0-LINK9-LINK9
8 0.000000 7 1 5000000000.000000
8 0.000000 7 2 5000000000.000000
8 0.000000 7 3 5000000000.000000
8 0.000000 7 4 5000000000.000000
8 0.000000 10 5 125000000.000000
8 0.000000 11 5 0.000100
15 0.000000 13 0 topology 5 0
16 0.000000 13 0 topology 2 0
15 0.000000 13 0 topology 5 1
16 0.000000 13 0 topology 3 1
15 0.000000 13 0 topology 5 2
16 0.000000 13 0 topology 4 2
15 0.000000 14 0 topology 1 3
16 0.000000 14 0 topology 5 3
15 0.000000 15 0 topology 5 4
16 0.000000 15 0 topology 5 4
6 0.000000 6 1 0 "rank-1"
5 16 2 PMPI_Init "0 1 0"
6 0.000000 7 1 0 "rank-2"
6 0.000000 8 1 0 "rank-3"
6 0.000000 9 1 0 "rank-4"
12 0.000000 2 6 16
13 0.000000 2 6
12 0.000000 2 7 16
13 0.000000 2 7
12 0.000000 2 8 16
13 0.000000 2 8
12 0.000000 2 9 16
13 0.000000 2 9
8 0.000000 8 3 0.000000
9 0.000000 8 3 5000000000.000000
8 0.000000 8 2 0.000000
9 0.000000 8 2 5000000000.000000
8 0.000000 8 4 0.000000
9 0.000000 8 4 5000000000.000000
8 0.000000 8 1 0.000000
9 0.000000 8 1 5000000000.000000
5 17 2 PMPI_Alltoall "0.52 0 1"
5 18 2 PMPI_Allreduce "1 0 1"
5 19 2 PMPI_Finalize "0 1 0"
10 0.000000 8 3 5000000000.000000
10 0.000000 8 2 5000000000.000000
10 0.000000 8 4 5000000000.000000
10 0.000000 8 1 5000000000.000000
12 0.000000 2 8 17
12 0.000000 2 7 17
12 0.000000 2 9 17
12 0.000000 2 6 17
15 0.000000 3 0 PTP 8 3_2_888_1
15 0.000000 3 0 PTP 7 2_1_888_2
15 0.000000 3 0 PTP 9 4_3_888_3
15 0.000000 3 0 PTP 6 1_4_888_4
15 0.000000 3 0 PTP 8 3_1_888_5
15 0.000000 3 0 PTP 7 2_4_888_6
15 0.000000 3 0 PTP 9 4_2_888_7
15 0.000000 3 0 PTP 6 1_3_888_8
15 0.000000 3 0 PTP 8 3_4_888_9
15 0.000000 3 0 PTP 7 2_3_888_10
15 0.000000 3 0 PTP 9 4_1_888_11
15 0.000000 3 0 PTP 6 1_2_888_12
8 0.000195 12 5 0.000000
9 0.000195 12 5 14434523.809524
9 0.000195 12 5 721726.190476
9 0.000195 12 5 14434523.809524
9 0.000195 12 5 721726.190476
9 0.000195 12 5 14434523.809524
9 0.000195 12 5 721726.190476
9 0.000195 12 5 14434523.809524
9 0.000195 12 5 721726.190476
9 0.000195 12 5 14434523.809524
9 0.000195 12 5 721726.190476
9 0.000195 12 5 14434523.809524
9 0.000195 12 5 721726.190476
9 0.000195 12 5 14434523.809524
9 0.000195 12 5 721726.190476
9 0.000195 12 5 14434523.809524
9 0.000195 12 5 721726.190476
10 0.000231 12 5 14434523.809524
10 0.000231 12 5 721726.190476
10 0.000231 12 5 14434523.809524
10 0.000231 12 5 721726.190476
10 0.000231 12 5 14434523.809524
10 0.000231 12 5 721726.190476
10 0.000231 12 5 14434523.809524
10 0.000231 12 5 721726.190476
10 0.000231 12 5 14434523.809524
10 0.000231 12 5 721726.190476
10 0.000231 12 5 14434523.809524
10 0.000231 12 5 721726.190476
10 0.000231 12 5 14434523.809524
10 0.000231 12 5 721726.190476
10 0.000231 12 5 14434523.809524
10 0.000231 12 5 721726.190476
16 0.000231 3 0 PTP 7 1_2_888_12
16 0.000231 3 0 PTP 6 4_1_888_11
16 0.000231 3 0 PTP 8 2_3_888_10
16 0.000231 3 0 PTP 9 3_4_888_9
16 0.000231 3 0 PTP 7 3_2_888_1
16 0.000231 3 0 PTP 6 2_1_888_2
16 0.000231 3 0 PTP 8 4_3_888_3
16 0.000231 3 0 PTP 9 1_4_888_4
9 0.000391 12 5 14434523.809524
9 0.000391 12 5 14434523.809524
9 0.000391 12 5 721726.190476
9 0.000391 12 5 721726.190476
9 0.000391 12 5 14434523.809524
9 0.000391 12 5 14434523.809524
9 0.000391 12 5 721726.190476
9 0.000391 12 5 721726.190476
9 0.000391 12 5 14434523.809524
9 0.000391 12 5 14434523.809524
9 0.000391 12 5 721726.190476
9 0.000391 12 5 721726.190476
9 0.000391 12 5 14434523.809524
9 0.000391 12 5 14434523.809524
9 0.000391 12 5 721726.190476
9 0.000391 12 5 721726.190476
10 0.000426 12 5 14434523.809524
10 0.000426 12 5 14434523.809524
10 0.000426 12 5 721726.190476
10 0.000426 12 5 721726.190476
10 0.000426 12 5 14434523.809524
10 0.000426 12 5 14434523.809524
10 0.000426 12 5 721726.190476
10 0.000426 12 5 721726.190476
10 0.000426 12 5 14434523.809524
10 0.000426 12 5 14434523.809524
10 0.000426 12 5 721726.190476
10 0.000426 12 5 721726.190476
10 0.000426 12 5 14434523.809524
10 0.000426 12 5 14434523.809524
10 0.000426 12 5 721726.190476
10 0.000426 12 5 721726.190476
16 0.000426 3 0 PTP 8 1_3_888_8
13 0.000426 2 8
16 0.000426 3 0 PTP 7 4_2_888_7
13 0.000426 2 7
16 0.000426 3 0 PTP 9 2_4_888_6
13 0.000426 2 9
16 0.000426 3 0 PTP 6 3_1_888_5
13 0.000426 2 6
9 0.000426 8 1 5000000000.000000
9 0.000426 8 4 5000000000.000000
9 0.000426 8 2 5000000000.000000
9 0.000426 8 3 5000000000.000000
10 0.000426 8 1 5000000000.000000
10 0.000426 8 4 5000000000.000000
10 0.000426 8 2 5000000000.000000
10 0.000426 8 3 5000000000.000000
12 0.000426 2 6 18
12 0.000426 2 9 18
15 0.000426 3 0 PTP 9 4_1_-112_13
12 0.000426 2 7 18
15 0.000426 3 0 PTP 7 2_1_-112_14
12 0.000426 2 8 18
15 0.000426 3 0 PTP 8 3_1_-112_15
9 0.000628 12 5 57738095.238095
9 0.000628 12 5 2886904.761905
9 0.000628 12 5 57738095.238095
9 0.000628 12 5 2886904.761905
10 0.000628 12 5 57738095.238095
10 0.000628 12 5 2886904.761905
10 0.000628 12 5 57738095.238095
10 0.000628 12 5 2886904.761905
16 0.000628 3 0 PTP 6 4_1_-112_13
16 0.000628 3 0 PTP 6 2_1_-112_14
9 0.000829 12 5 57738095.238095
9 0.000829 12 5 57738095.238095
9 0.000829 12 5 2886904.761905
9 0.000829 12 5 2886904.761905
10 0.000829 12 5 57738095.238095
10 0.000829 12 5 57738095.238095
10 0.000829 12 5 2886904.761905
10 0.000829 12 5 2886904.761905
16 0.000829 3 0 PTP 6 3_1_-112_15
15 0.000829 3 0 PTP 6 1_3_-3334_16
15 0.000829 3 0 PTP 6 1_2_-3334_17
13 0.000829 2 6
9 0.000829 8 1 5000000000.000000
10 0.000829 8 1 5000000000.000000
12 0.000829 2 6 19
9 0.001031 12 5 101510500.000000
9 0.001031 12 5 5075525.000000
10 0.001031 12 5 101510500.000000
10 0.001031 12 5 5075525.000000
16 0.001031 3 0 PTP 7 1_2_-3334_17
13 0.001031 2 7
9 0.001031 8 2 5000000000.000000
10 0.001031 8 2 5000000000.000000
12 0.001031 2 7 19
9 0.001232 12 5 57738095.238095
9 0.001232 12 5 57738095.238095
9 0.001232 12 5 2886904.761905
9 0.001232 12 5 2886904.761905
10 0.001232 12 5 57738095.238095
10 0.001232 12 5 57738095.238095
10 0.001232 12 5 2886904.761905
10 0.001232 12 5 2886904.761905
16 0.001232 3 0 PTP 8 1_3_-3334_16
15 0.001232 3 0 PTP 8 3_4_-3334_18
13 0.001232 2 8
9 0.001232 8 3 5000000000.000000
10 0.001232 8 3 5000000000.000000
12 0.001232 2 8 19
9 0.001434 12 5 101510500.000000
9 0.001434 12 5 5075525.000000
10 0.001434 12 5 101510500.000000
10 0.001434 12 5 5075525.000000
16 0.001434 3 0 PTP 9 3_4_-3334_18
13 0.001434 2 9
9 0.001434 8 4 5000000000.000000
10 0.001434 8 4 5000000000.000000
12 0.001434 2 9 19
13 0.001434 2 9
7 0.001434 1 9
13 0.001434 2 6
7 0.001434 1 6
13 0.001434 2 7
7 0.001434 1 7
13 0.001434 2 8
7 0.001434 1 8
7 0.001434 6 1
7 0.001434 6 2
7 0.001434 6 3
7 0.001434 6 4
7 0.001434 9 5
