#This file was generated using SimGrid-3.20.0
#[./a.out --cfg=smpi/privatization:1 --cfg=surf/precision:1e-9 --cfg=network/model:SMPI --cfg=tracing:yes --cfg=tracing/smpi:yes --cfg=tracing/smpi/internals:yes --cfg=tracing/uncategorized:yes --cfg=tracing/filename:trace_files/alltoall_hypercube3D.trace ../platforms/hypercube-3d/config.xml smpitmp-appNJ1bew ]
%EventDef PajeDefineContainerType 0
%       Alias string
%       Type string
%       Name string
%EndEventDef
%EventDef PajeDefineVariableType 1
%       Alias string
%       Type string
%       Name string
%       Color color
%EndEventDef
%EventDef PajeDefineStateType 2
%       Alias string
%       Type string
%       Name string
%EndEventDef
%EventDef PajeDefineEventType 3
%       Alias string
%       Type string
%       Name string
%EndEventDef
%EventDef PajeDefineLinkType 4
%       Alias string
%       Type string
%       StartContainerType string
%       EndContainerType string
%       Name string
%EndEventDef
%EventDef PajeDefineEntityValue 5
%       Alias string
%       Type string
%       Name string
%       Color color
%EndEventDef
%EventDef PajeCreateContainer 6
%       Time date
%       Alias string
%       Type string
%       Container string
%       Name string
%EndEventDef
%EventDef PajeDestroyContainer 7
%       Time date
%       Type string
%       Name string
%EndEventDef
%EventDef PajeSetVariable 8
%       Time date
%       Type string
%       Container string
%       Value double
%EndEventDef
%EventDef PajeAddVariable 9
%       Time date
%       Type string
%       Container string
%       Value double
%EndEventDef
%EventDef PajeSubVariable 10
%       Time date
%       Type string
%       Container string
%       Value double
%EndEventDef
%EventDef PajeSetState 11
%       Time date
%       Type string
%       Container string
%       Value string
%EndEventDef
%EventDef PajePushState 12
%       Time date
%       Type string
%       Container string
%       Value string
%EndEventDef
%EventDef PajePopState 13
%       Time date
%       Type string
%       Container string
%EndEventDef
%EventDef PajeResetState 14
%       Time date
%       Type string
%       Container string
%EndEventDef
%EventDef PajeStartLink 15
%       Time date
%       Type string
%       Container string
%       Value string
%       StartContainer string
%       Key string
%EndEventDef
%EventDef PajeEndLink 16
%       Time date
%       Type string
%       Container string
%       Value string
%       EndContainer string
%       Key string
%EndEventDef
%EventDef PajeNewEvent 17
%       Time date
%       Type string
%       Container string
%       Value string
%EndEventDef
0 1 0 MPI
2 2 1 MPI_STATE
4 3 0 1 1 MPI_LINK
4 4 0 1 1 MIGRATE_LINK
2 5 1 MIGRATE_STATE
0 6 0 HOST
6 0.000000 1 6 0 "host000"
1 7 6 power "1 1 1"
1 8 6 power_used "0.5 0.5 0.5"
6 0.000000 2 6 0 "host001"
6 0.000000 3 6 0 "host010"
6 0.000000 4 6 0 "host011"
6 0.000000 5 6 0 "host100"
6 0.000000 6 6 0 "host101"
6 0.000000 7 6 0 "host110"
6 0.000000 8 6 0 "host111"
0 9 0 LINK
6 0.000000 9 9 0 "link0"
1 10 9 bandwidth "1 1 1"
1 11 9 latency "1 1 1"
1 12 9 bandwidth_used "0.5 0.5 0.5"
4 13 0 9 6 0-LINK9-HOST6
4 14 0 6 9 0-HOST6-LINK9
4 15 0 9 9 0-LINK9-LINK9
8 0.000000 7 1 5000000000.000000
8 0.000000 7 2 5000000000.000000
8 0.000000 7 3 5000000000.000000
8 0.000000 7 4 5000000000.000000
8 0.000000 7 5 5000000000.000000
8 0.000000 7 6 5000000000.000000
8 0.000000 7 7 5000000000.000000
8 0.000000 7 8 5000000000.000000
8 0.000000 10 9 125000000.000000
8 0.000000 11 9 0.000100
15 0.000000 13 0 topology 9 0
16 0.000000 13 0 topology 2 0
15 0.000000 13 0 topology 9 1
16 0.000000 13 0 topology 3 1
15 0.000000 13 0 topology 9 2
16 0.000000 13 0 topology 4 2
15 0.000000 13 0 topology 9 3
16 0.000000 13 0 topology 5 3
15 0.000000 13 0 topology 9 4
16 0.000000 13 0 topology 6 4
15 0.000000 13 0 topology 9 5
16 0.000000 13 0 topology 7 5
15 0.000000 13 0 topology 9 6
16 0.000000 13 0 topology 8 6
15 0.000000 14 0 topology 1 7
16 0.000000 14 0 topology 9 7
15 0.000000 15 0 topology 9 8
16 0.000000 15 0 topology 9 8
6 0.000000 10 1 0 "rank-1"
5 16 2 PMPI_Init "0 1 0"
6 0.000000 11 1 0 "rank-2"
6 0.000000 12 1 0 "rank-3"
6 0.000000 13 1 0 "rank-4"
6 0.000000 14 1 0 "rank-5"
6 0.000000 15 1 0 "rank-6"
6 0.000000 16 1 0 "rank-7"
6 0.000000 17 1 0 "rank-8"
12 0.000000 2 10 16
13 0.000000 2 10
12 0.000000 2 11 16
13 0.000000 2 11
12 0.000000 2 12 16
13 0.000000 2 12
12 0.000000 2 13 16
13 0.000000 2 13
12 0.000000 2 14 16
13 0.000000 2 14
12 0.000000 2 15 16
13 0.000000 2 15
12 0.000000 2 16 16
13 0.000000 2 16
12 0.000000 2 17 16
13 0.000000 2 17
8 0.000000 8 4 0.000000
9 0.000000 8 4 5000000000.000000
8 0.000000 8 7 0.000000
9 0.000000 8 7 5000000000.000000
8 0.000000 8 2 0.000000
9 0.000000 8 2 5000000000.000000
8 0.000000 8 6 0.000000
9 0.000000 8 6 5000000000.000000
8 0.000000 8 8 0.000000
9 0.000000 8 8 5000000000.000000
8 0.000000 8 5 0.000000
9 0.000000 8 5 5000000000.000000
8 0.000000 8 3 0.000000
9 0.000000 8 3 5000000000.000000
8 0.000000 8 1 0.000000
9 0.000000 8 1 5000000000.000000
5 17 2 PMPI_Alltoall "0.52 0 1"
5 18 2 PMPI_Allreduce "1 0 1"
5 19 2 PMPI_Finalize "0 1 0"
10 0.000000 8 4 5000000000.000000
10 0.000000 8 7 5000000000.000000
10 0.000000 8 2 5000000000.000000
10 0.000000 8 6 5000000000.000000
10 0.000000 8 8 5000000000.000000
10 0.000000 8 5 5000000000.000000
10 0.000000 8 3 5000000000.000000
10 0.000000 8 1 5000000000.000000
12 0.000000 2 13 17
12 0.000000 2 16 17
12 0.000000 2 11 17
12 0.000000 2 15 17
12 0.000000 2 17 17
12 0.000000 2 14 17
12 0.000000 2 12 17
12 0.000000 2 10 17
15 0.000000 3 0 PTP 13 4_3_888_1
15 0.000000 3 0 PTP 16 7_6_888_2
15 0.000000 3 0 PTP 11 2_1_888_3
15 0.000000 3 0 PTP 15 6_5_888_4
15 0.000000 3 0 PTP 17 8_7_888_5
15 0.000000 3 0 PTP 14 5_4_888_6
15 0.000000 3 0 PTP 12 3_2_888_7
15 0.000000 3 0 PTP 10 1_8_888_8
15 0.000000 3 0 PTP 13 4_2_888_9
15 0.000000 3 0 PTP 16 7_5_888_10
15 0.000000 3 0 PTP 11 2_8_888_11
15 0.000000 3 0 PTP 15 6_4_888_12
15 0.000000 3 0 PTP 17 8_6_888_13
15 0.000000 3 0 PTP 14 5_3_888_14
15 0.000000 3 0 PTP 12 3_1_888_15
15 0.000000 3 0 PTP 10 1_7_888_16
15 0.000000 3 0 PTP 13 4_1_888_17
15 0.000000 3 0 PTP 16 7_4_888_18
15 0.000000 3 0 PTP 11 2_7_888_19
15 0.000000 3 0 PTP 15 6_3_888_20
15 0.000000 3 0 PTP 17 8_5_888_21
15 0.000000 3 0 PTP 14 5_2_888_22
15 0.000000 3 0 PTP 12 3_8_888_23
15 0.000000 3 0 PTP 10 1_6_888_24
15 0.000000 3 0 PTP 13 4_8_888_25
15 0.000000 3 0 PTP 16 7_3_888_26
15 0.000000 3 0 PTP 11 2_6_888_27
15 0.000000 3 0 PTP 15 6_2_888_28
15 0.000000 3 0 PTP 17 8_4_888_29
15 0.000000 3 0 PTP 14 5_1_888_30
15 0.000000 3 0 PTP 12 3_7_888_31
15 0.000000 3 0 PTP 10 1_5_888_32
15 0.000000 3 0 PTP 13 4_7_888_33
15 0.000000 3 0 PTP 16 7_2_888_34
15 0.000000 3 0 PTP 11 2_5_888_35
15 0.000000 3 0 PTP 15 6_1_888_36
15 0.000000 3 0 PTP 17 8_3_888_37
15 0.000000 3 0 PTP 14 5_8_888_38
15 0.000000 3 0 PTP 12 3_6_888_39
15 0.000000 3 0 PTP 10 1_4_888_40
15 0.000000 3 0 PTP 13 4_6_888_41
15 0.000000 3 0 PTP 16 7_1_888_42
15 0.000000 3 0 PTP 11 2_4_888_43
15 0.000000 3 0 PTP 15 6_8_888_44
15 0.000000 3 0 PTP 17 8_2_888_45
15 0.000000 3 0 PTP 14 5_7_888_46
15 0.000000 3 0 PTP 12 3_5_888_47
15 0.000000 3 0 PTP 10 1_3_888_48
15 0.000000 3 0 PTP 13 4_5_888_49
15 0.000000 3 0 PTP 16 7_8_888_50
15 0.000000 3 0 PTP 11 2_3_888_51
15 0.000000 3 0 PTP 15 6_7_888_52
15 0.000000 3 0 PTP 17 8_1_888_53
15 0.000000 3 0 PTP 14 5_6_888_54
15 0.000000 3 0 PTP 12 3_4_888_55
15 0.000000 3 0 PTP 10 1_2_888_56
8 0.000195 12 9 0.000000
9 0.000195 12 9 4811507.936508
9 0.000195 12 9 240575.396825
9 0.000195 12 9 4811507.936508
9 0.000195 12 9 240575.396825
9 0.000195 12 9 4811507.936508
9 0.000195 12 9 240575.396825
9 0.000195 12 9 4811507.936508
9 0.000195 12 9 240575.396825
9 0.000195 12 9 4811507.936508
9 0.000195 12 9 240575.396825
9 0.000195 12 9 4811507.936508
9 0.000195 12 9 240575.396825
9 0.000195 12 9 4811507.936508
9 0.000195 12 9 240575.396825
9 0.000195 12 9 4811507.936508
9 0.000195 12 9 240575.396825
9 0.000195 12 9 4811507.936508
9 0.000195 12 9 240575.396825
9 0.000195 12 9 4811507.936508
9 0.000195 12 9 240575.396825
9 0.000195 12 9 4811507.936508
9 0.000195 12 9 240575.396825
9 0.000195 12 9 4811507.936508
9 0.000195 12 9 240575.396825
9 0.000195 12 9 4811507.936508
9 0.000195 12 9 240575.396825
9 0.000195 12 9 4811507.936508
9 0.000195 12 9 240575.396825
9 0.000195 12 9 4811507.936508
9 0.000195 12 9 240575.396825
9 0.000195 12 9 4811507.936508
9 0.000195 12 9 240575.396825
9 0.000195 12 9 4811507.936508
9 0.000195 12 9 240575.396825
9 0.000195 12 9 4811507.936508
9 0.000195 12 9 240575.396825
9 0.000195 12 9 4811507.936508
9 0.000195 12 9 240575.396825
9 0.000195 12 9 4811507.936508
9 0.000195 12 9 240575.396825
9 0.000195 12 9 4811507.936508
9 0.000195 12 9 240575.396825
9 0.000195 12 9 4811507.936508
9 0.000195 12 9 240575.396825
9 0.000195 12 9 4811507.936508
9 0.000195 12 9 240575.396825
9 0.000195 12 9 4811507.936508
9 0.000195 12 9 240575.396825
10 0.000302 12 9 4811507.936508
10 0.000302 12 9 240575.396825
10 0.000302 12 9 4811507.936508
10 0.000302 12 9 240575.396825
10 0.000302 12 9 4811507.936508
10 0.000302 12 9 240575.396825
10 0.000302 12 9 4811507.936508
10 0.000302 12 9 240575.396825
10 0.000302 12 9 4811507.936508
10 0.000302 12 9 240575.396825
10 0.000302 12 9 4811507.936508
10 0.000302 12 9 240575.396825
10 0.000302 12 9 4811507.936508
10 0.000302 12 9 240575.396825
10 0.000302 12 9 4811507.936508
10 0.000302 12 9 240575.396825
10 0.000302 12 9 4811507.936508
10 0.000302 12 9 240575.396825
10 0.000302 12 9 4811507.936508
10 0.000302 12 9 240575.396825
10 0.000302 12 9 4811507.936508
10 0.000302 12 9 240575.396825
10 0.000302 12 9 4811507.936508
10 0.000302 12 9 240575.396825
10 0.000302 12 9 4811507.936508
10 0.000302 12 9 240575.396825
10 0.000302 12 9 4811507.936508
10 0.000302 12 9 240575.396825
10 0.000302 12 9 4811507.936508
10 0.000302 12 9 240575.396825
10 0.000302 12 9 4811507.936508
10 0.000302 12 9 240575.396825
10 0.000302 12 9 4811507.936508
10 0.000302 12 9 240575.396825
10 0.000302 12 9 4811507.936508
10 0.000302 12 9 240575.396825
10 0.000302 12 9 4811507.936508
10 0.000302 12 9 240575.396825
10 0.000302 12 9 4811507.936508
10 0.000302 12 9 240575.396825
10 0.000302 12 9 4811507.936508
10 0.000302 12 9 240575.396825
10 0.000302 12 9 4811507.936508
10 0.000302 12 9 240575.396825
10 0.000302 12 9 4811507.936508
10 0.000302 12 9 240575.396825
10 0.000302 12 9 4811507.936508
10 0.000302 12 9 240575.396825
16 0.000302 3 0 PTP 11 1_2_888_56
16 0.000302 3 0 PTP 13 3_4_888_55
16 0.000302 3 0 PTP 15 5_6_888_54
16 0.000302 3 0 PTP 17 7_8_888_50
16 0.000302 3 0 PTP 12 1_3_888_48
16 0.000302 3 0 PTP 16 5_7_888_46
16 0.000302 3 0 PTP 14 1_5_888_32
16 0.000302 3 0 PTP 10 5_1_888_30
16 0.000302 3 0 PTP 11 4_2_888_9
16 0.000302 3 0 PTP 13 8_4_888_29
16 0.000302 3 0 PTP 15 8_6_888_13
16 0.000302 3 0 PTP 17 4_8_888_25
16 0.000302 3 0 PTP 12 4_3_888_1
16 0.000302 3 0 PTP 16 8_7_888_5
16 0.000302 3 0 PTP 14 6_5_888_4
16 0.000302 3 0 PTP 10 2_1_888_3
16 0.000302 3 0 PTP 11 6_2_888_28
16 0.000302 3 0 PTP 13 2_4_888_43
16 0.000302 3 0 PTP 15 2_6_888_27
16 0.000302 3 0 PTP 17 6_8_888_44
16 0.000302 3 0 PTP 12 7_3_888_26
16 0.000302 3 0 PTP 16 3_7_888_31
16 0.000302 3 0 PTP 14 7_5_888_10
16 0.000302 3 0 PTP 10 3_1_888_15
9 0.000586 12 9 1804315.476190
9 0.000586 12 9 1804315.476190
9 0.000586 12 9 90215.773810
9 0.000586 12 9 90215.773810
9 0.000586 12 9 1804315.476190
9 0.000586 12 9 1804315.476190
9 0.000586 12 9 90215.773810
9 0.000586 12 9 90215.773810
9 0.000586 12 9 1804315.476190
9 0.000586 12 9 1804315.476190
9 0.000586 12 9 90215.773810
9 0.000586 12 9 90215.773810
9 0.000586 12 9 1804315.476190
9 0.000586 12 9 1804315.476190
9 0.000586 12 9 90215.773810
9 0.000586 12 9 90215.773810
9 0.000586 12 9 1804315.476190
9 0.000586 12 9 1804315.476190
9 0.000586 12 9 90215.773810
9 0.000586 12 9 90215.773810
9 0.000586 12 9 1804315.476190
9 0.000586 12 9 1804315.476190
9 0.000586 12 9 90215.773810
9 0.000586 12 9 90215.773810
9 0.000586 12 9 1804315.476190
9 0.000586 12 9 1804315.476190
9 0.000586 12 9 90215.773810
9 0.000586 12 9 90215.773810
9 0.000586 12 9 1804315.476190
9 0.000586 12 9 1804315.476190
9 0.000586 12 9 90215.773810
9 0.000586 12 9 90215.773810
9 0.000586 12 9 1804315.476190
9 0.000586 12 9 1804315.476190
9 0.000586 12 9 90215.773810
9 0.000586 12 9 90215.773810
9 0.000586 12 9 1804315.476190
9 0.000586 12 9 1804315.476190
9 0.000586 12 9 90215.773810
9 0.000586 12 9 90215.773810
9 0.000586 12 9 1804315.476190
9 0.000586 12 9 1804315.476190
9 0.000586 12 9 90215.773810
9 0.000586 12 9 90215.773810
9 0.000586 12 9 1804315.476190
9 0.000586 12 9 1804315.476190
9 0.000586 12 9 90215.773810
9 0.000586 12 9 90215.773810
9 0.000586 12 9 1804315.476190
9 0.000586 12 9 1804315.476190
9 0.000586 12 9 90215.773810
9 0.000586 12 9 90215.773810
9 0.000586 12 9 1804315.476190
9 0.000586 12 9 1804315.476190
9 0.000586 12 9 90215.773810
9 0.000586 12 9 90215.773810
9 0.000586 12 9 1804315.476190
9 0.000586 12 9 1804315.476190
9 0.000586 12 9 90215.773810
9 0.000586 12 9 90215.773810
9 0.000586 12 9 1804315.476190
9 0.000586 12 9 1804315.476190
9 0.000586 12 9 90215.773810
9 0.000586 12 9 90215.773810
9 0.000586 12 9 1804315.476190
9 0.000586 12 9 1804315.476190
9 0.000586 12 9 90215.773810
9 0.000586 12 9 90215.773810
9 0.000586 12 9 1804315.476190
9 0.000586 12 9 1804315.476190
9 0.000586 12 9 90215.773810
9 0.000586 12 9 90215.773810
9 0.000586 12 9 1804315.476190
9 0.000586 12 9 1804315.476190
9 0.000586 12 9 90215.773810
9 0.000586 12 9 90215.773810
9 0.000586 12 9 1804315.476190
9 0.000586 12 9 1804315.476190
9 0.000586 12 9 90215.773810
9 0.000586 12 9 90215.773810
9 0.000586 12 9 1804315.476190
9 0.000586 12 9 1804315.476190
9 0.000586 12 9 90215.773810
9 0.000586 12 9 90215.773810
9 0.000586 12 9 1804315.476190
9 0.000586 12 9 1804315.476190
9 0.000586 12 9 90215.773810
9 0.000586 12 9 90215.773810
9 0.000586 12 9 1804315.476190
9 0.000586 12 9 1804315.476190
9 0.000586 12 9 90215.773810
9 0.000586 12 9 90215.773810
9 0.000586 12 9 1804315.476190
9 0.000586 12 9 1804315.476190
9 0.000586 12 9 90215.773810
9 0.000586 12 9 90215.773810
10 0.000609 12 9 1804315.476190
10 0.000609 12 9 1804315.476190
10 0.000609 12 9 90215.773810
10 0.000609 12 9 90215.773810
10 0.000609 12 9 1804315.476190
10 0.000609 12 9 1804315.476190
10 0.000609 12 9 90215.773810
10 0.000609 12 9 90215.773810
10 0.000609 12 9 1804315.476190
10 0.000609 12 9 1804315.476190
10 0.000609 12 9 90215.773810
10 0.000609 12 9 90215.773810
10 0.000609 12 9 1804315.476190
10 0.000609 12 9 1804315.476190
10 0.000609 12 9 90215.773810
10 0.000609 12 9 90215.773810
10 0.000609 12 9 1804315.476190
10 0.000609 12 9 1804315.476190
10 0.000609 12 9 90215.773810
10 0.000609 12 9 90215.773810
10 0.000609 12 9 1804315.476190
10 0.000609 12 9 1804315.476190
10 0.000609 12 9 90215.773810
10 0.000609 12 9 90215.773810
10 0.000609 12 9 1804315.476190
10 0.000609 12 9 1804315.476190
10 0.000609 12 9 90215.773810
10 0.000609 12 9 90215.773810
10 0.000609 12 9 1804315.476190
10 0.000609 12 9 1804315.476190
10 0.000609 12 9 90215.773810
10 0.000609 12 9 90215.773810
10 0.000609 12 9 1804315.476190
10 0.000609 12 9 1804315.476190
10 0.000609 12 9 90215.773810
10 0.000609 12 9 90215.773810
10 0.000609 12 9 1804315.476190
10 0.000609 12 9 1804315.476190
10 0.000609 12 9 90215.773810
10 0.000609 12 9 90215.773810
10 0.000609 12 9 1804315.476190
10 0.000609 12 9 1804315.476190
10 0.000609 12 9 90215.773810
10 0.000609 12 9 90215.773810
10 0.000609 12 9 1804315.476190
10 0.000609 12 9 1804315.476190
10 0.000609 12 9 90215.773810
10 0.000609 12 9 90215.773810
10 0.000609 12 9 1804315.476190
10 0.000609 12 9 1804315.476190
10 0.000609 12 9 90215.773810
10 0.000609 12 9 90215.773810
10 0.000609 12 9 1804315.476190
10 0.000609 12 9 1804315.476190
10 0.000609 12 9 90215.773810
10 0.000609 12 9 90215.773810
10 0.000609 12 9 1804315.476190
10 0.000609 12 9 1804315.476190
10 0.000609 12 9 90215.773810
10 0.000609 12 9 90215.773810
10 0.000609 12 9 1804315.476190
10 0.000609 12 9 1804315.476190
10 0.000609 12 9 90215.773810
10 0.000609 12 9 90215.773810
10 0.000609 12 9 1804315.476190
10 0.000609 12 9 1804315.476190
10 0.000609 12 9 90215.773810
10 0.000609 12 9 90215.773810
10 0.000609 12 9 1804315.476190
10 0.000609 12 9 1804315.476190
10 0.000609 12 9 90215.773810
10 0.000609 12 9 90215.773810
10 0.000609 12 9 1804315.476190
10 0.000609 12 9 1804315.476190
10 0.000609 12 9 90215.773810
10 0.000609 12 9 90215.773810
10 0.000609 12 9 1804315.476190
10 0.000609 12 9 1804315.476190
10 0.000609 12 9 90215.773810
10 0.000609 12 9 90215.773810
10 0.000609 12 9 1804315.476190
10 0.000609 12 9 1804315.476190
10 0.000609 12 9 90215.773810
10 0.000609 12 9 90215.773810
10 0.000609 12 9 1804315.476190
10 0.000609 12 9 1804315.476190
10 0.000609 12 9 90215.773810
10 0.000609 12 9 90215.773810
10 0.000609 12 9 1804315.476190
10 0.000609 12 9 1804315.476190
10 0.000609 12 9 90215.773810
10 0.000609 12 9 90215.773810
10 0.000609 12 9 1804315.476190
10 0.000609 12 9 1804315.476190
10 0.000609 12 9 90215.773810
10 0.000609 12 9 90215.773810
16 0.000609 3 0 PTP 16 6_7_888_52
16 0.000609 3 0 PTP 12 2_3_888_51
16 0.000609 3 0 PTP 14 3_5_888_47
16 0.000609 3 0 PTP 11 8_2_888_45
16 0.000609 3 0 PTP 10 7_1_888_42
16 0.000609 3 0 PTP 15 4_6_888_41
16 0.000609 3 0 PTP 13 1_4_888_40
16 0.000609 3 0 PTP 17 5_8_888_38
16 0.000609 3 0 PTP 16 1_7_888_16
16 0.000609 3 0 PTP 12 5_3_888_14
16 0.000609 3 0 PTP 14 8_5_888_21
16 0.000609 3 0 PTP 11 3_2_888_7
16 0.000609 3 0 PTP 10 4_1_888_17
16 0.000609 3 0 PTP 15 7_6_888_2
16 0.000609 3 0 PTP 13 6_4_888_12
16 0.000609 3 0 PTP 17 2_8_888_11
16 0.000609 3 0 PTP 16 4_7_888_33
16 0.000609 3 0 PTP 12 8_3_888_37
16 0.000609 3 0 PTP 14 2_5_888_35
16 0.000609 3 0 PTP 11 5_2_888_22
16 0.000609 3 0 PTP 10 6_1_888_36
16 0.000609 3 0 PTP 15 1_6_888_24
16 0.000609 3 0 PTP 13 7_4_888_18
16 0.000609 3 0 PTP 17 3_8_888_23
9 0.000609 12 9 4811507.936508
9 0.000609 12 9 4811507.936508
9 0.000609 12 9 4811507.936508
9 0.000609 12 9 240575.396825
9 0.000609 12 9 240575.396825
9 0.000609 12 9 240575.396825
9 0.000609 12 9 4811507.936508
9 0.000609 12 9 4811507.936508
9 0.000609 12 9 4811507.936508
9 0.000609 12 9 240575.396825
9 0.000609 12 9 240575.396825
9 0.000609 12 9 240575.396825
9 0.000609 12 9 4811507.936508
9 0.000609 12 9 4811507.936508
9 0.000609 12 9 4811507.936508
9 0.000609 12 9 240575.396825
9 0.000609 12 9 240575.396825
9 0.000609 12 9 240575.396825
9 0.000609 12 9 4811507.936508
9 0.000609 12 9 4811507.936508
9 0.000609 12 9 4811507.936508
9 0.000609 12 9 240575.396825
9 0.000609 12 9 240575.396825
9 0.000609 12 9 240575.396825
9 0.000609 12 9 4811507.936508
9 0.000609 12 9 4811507.936508
9 0.000609 12 9 4811507.936508
9 0.000609 12 9 240575.396825
9 0.000609 12 9 240575.396825
9 0.000609 12 9 240575.396825
9 0.000609 12 9 4811507.936508
9 0.000609 12 9 4811507.936508
9 0.000609 12 9 4811507.936508
9 0.000609 12 9 240575.396825
9 0.000609 12 9 240575.396825
9 0.000609 12 9 240575.396825
9 0.000609 12 9 4811507.936508
9 0.000609 12 9 4811507.936508
9 0.000609 12 9 4811507.936508
9 0.000609 12 9 240575.396825
9 0.000609 12 9 240575.396825
9 0.000609 12 9 240575.396825
9 0.000609 12 9 4811507.936508
9 0.000609 12 9 4811507.936508
9 0.000609 12 9 4811507.936508
9 0.000609 12 9 240575.396825
9 0.000609 12 9 240575.396825
9 0.000609 12 9 240575.396825
10 0.000710 12 9 4811507.936508
10 0.000710 12 9 4811507.936508
10 0.000710 12 9 4811507.936508
10 0.000710 12 9 240575.396825
10 0.000710 12 9 240575.396825
10 0.000710 12 9 240575.396825
10 0.000710 12 9 4811507.936508
10 0.000710 12 9 4811507.936508
10 0.000710 12 9 4811507.936508
10 0.000710 12 9 240575.396825
10 0.000710 12 9 240575.396825
10 0.000710 12 9 240575.396825
10 0.000710 12 9 4811507.936508
10 0.000710 12 9 4811507.936508
10 0.000710 12 9 4811507.936508
10 0.000710 12 9 240575.396825
10 0.000710 12 9 240575.396825
10 0.000710 12 9 240575.396825
10 0.000710 12 9 4811507.936508
10 0.000710 12 9 4811507.936508
10 0.000710 12 9 4811507.936508
10 0.000710 12 9 240575.396825
10 0.000710 12 9 240575.396825
10 0.000710 12 9 240575.396825
10 0.000710 12 9 4811507.936508
10 0.000710 12 9 4811507.936508
10 0.000710 12 9 4811507.936508
10 0.000710 12 9 240575.396825
10 0.000710 12 9 240575.396825
10 0.000710 12 9 240575.396825
10 0.000710 12 9 4811507.936508
10 0.000710 12 9 4811507.936508
10 0.000710 12 9 4811507.936508
10 0.000710 12 9 240575.396825
10 0.000710 12 9 240575.396825
10 0.000710 12 9 240575.396825
10 0.000710 12 9 4811507.936508
10 0.000710 12 9 4811507.936508
10 0.000710 12 9 4811507.936508
10 0.000710 12 9 240575.396825
10 0.000710 12 9 240575.396825
10 0.000710 12 9 240575.396825
10 0.000710 12 9 4811507.936508
10 0.000710 12 9 4811507.936508
10 0.000710 12 9 4811507.936508
10 0.000710 12 9 240575.396825
10 0.000710 12 9 240575.396825
10 0.000710 12 9 240575.396825
16 0.000710 3 0 PTP 10 8_1_888_53
13 0.000710 2 10
16 0.000710 3 0 PTP 14 4_5_888_49
13 0.000710 2 14
16 0.000710 3 0 PTP 15 3_6_888_39
13 0.000710 2 15
16 0.000710 3 0 PTP 11 7_2_888_34
13 0.000710 2 11
16 0.000710 3 0 PTP 12 6_3_888_20
13 0.000710 2 12
16 0.000710 3 0 PTP 16 2_7_888_19
13 0.000710 2 16
16 0.000710 3 0 PTP 17 1_8_888_8
13 0.000710 2 17
16 0.000710 3 0 PTP 13 5_4_888_6
13 0.000710 2 13
9 0.000710 8 4 5000000000.000000
9 0.000710 8 7 5000000000.000000
9 0.000710 8 5 5000000000.000000
9 0.000710 8 6 5000000000.000000
9 0.000710 8 3 5000000000.000000
9 0.000710 8 8 5000000000.000000
9 0.000710 8 2 5000000000.000000
9 0.000710 8 1 5000000000.000000
10 0.000710 8 4 5000000000.000000
10 0.000710 8 7 5000000000.000000
10 0.000710 8 5 5000000000.000000
10 0.000710 8 6 5000000000.000000
10 0.000710 8 3 5000000000.000000
10 0.000710 8 8 5000000000.000000
10 0.000710 8 2 5000000000.000000
10 0.000710 8 1 5000000000.000000
12 0.000710 2 13 18
15 0.000710 3 0 PTP 13 4_1_-112_57
12 0.000710 2 16 18
15 0.000710 3 0 PTP 16 7_1_-112_58
12 0.000710 2 14 18
15 0.000710 3 0 PTP 14 5_1_-112_59
12 0.000710 2 15 18
15 0.000710 3 0 PTP 15 6_1_-112_60
12 0.000710 2 12 18
15 0.000710 3 0 PTP 12 3_1_-112_61
12 0.000710 2 17 18
15 0.000710 3 0 PTP 17 8_1_-112_62
12 0.000710 2 11 18
15 0.000710 3 0 PTP 11 2_1_-112_63
12 0.000710 2 10 18
9 0.000911 12 9 38492063.492063
9 0.000911 12 9 1924603.174603
9 0.000911 12 9 38492063.492063
9 0.000911 12 9 1924603.174603
9 0.000911 12 9 38492063.492063
9 0.000911 12 9 1924603.174603
10 0.000911 12 9 38492063.492063
10 0.000911 12 9 1924603.174603
10 0.000911 12 9 38492063.492063
10 0.000911 12 9 1924603.174603
10 0.000911 12 9 38492063.492063
10 0.000911 12 9 1924603.174603
16 0.000911 3 0 PTP 10 5_1_-112_59
16 0.000911 3 0 PTP 10 2_1_-112_63
16 0.000911 3 0 PTP 10 3_1_-112_61
9 0.001113 12 9 19246031.746032
9 0.001113 12 9 19246031.746032
9 0.001113 12 9 962301.587302
9 0.001113 12 9 962301.587302
9 0.001113 12 9 19246031.746032
9 0.001113 12 9 19246031.746032
9 0.001113 12 9 962301.587302
9 0.001113 12 9 962301.587302
9 0.001113 12 9 19246031.746032
9 0.001113 12 9 19246031.746032
9 0.001113 12 9 962301.587302
9 0.001113 12 9 962301.587302
10 0.001113 12 9 19246031.746032
10 0.001113 12 9 19246031.746032
10 0.001113 12 9 962301.587302
10 0.001113 12 9 962301.587302
10 0.001113 12 9 19246031.746032
10 0.001113 12 9 19246031.746032
10 0.001113 12 9 962301.587302
10 0.001113 12 9 962301.587302
10 0.001113 12 9 19246031.746032
10 0.001113 12 9 19246031.746032
10 0.001113 12 9 962301.587302
10 0.001113 12 9 962301.587302
16 0.001113 3 0 PTP 10 7_1_-112_58
16 0.001113 3 0 PTP 10 4_1_-112_57
16 0.001113 3 0 PTP 10 6_1_-112_60
9 0.001314 12 9 38492063.492063
9 0.001314 12 9 38492063.492063
9 0.001314 12 9 38492063.492063
9 0.001314 12 9 1924603.174603
9 0.001314 12 9 1924603.174603
9 0.001314 12 9 1924603.174603
10 0.001314 12 9 38492063.492063
10 0.001314 12 9 38492063.492063
10 0.001314 12 9 38492063.492063
10 0.001314 12 9 1924603.174603
10 0.001314 12 9 1924603.174603
10 0.001314 12 9 1924603.174603
16 0.001314 3 0 PTP 10 8_1_-112_62
15 0.001314 3 0 PTP 10 1_5_-3334_64
15 0.001314 3 0 PTP 10 1_3_-3334_65
15 0.001314 3 0 PTP 10 1_2_-3334_66
13 0.001314 2 10
9 0.001314 8 1 5000000000.000000
10 0.001314 8 1 5000000000.000000
12 0.001314 2 10 19
9 0.001516 12 9 38492063.492063
9 0.001516 12 9 1924603.174603
9 0.001516 12 9 38492063.492063
9 0.001516 12 9 1924603.174603
9 0.001516 12 9 38492063.492063
9 0.001516 12 9 1924603.174603
10 0.001516 12 9 38492063.492063
10 0.001516 12 9 1924603.174603
10 0.001516 12 9 38492063.492063
10 0.001516 12 9 1924603.174603
10 0.001516 12 9 38492063.492063
10 0.001516 12 9 1924603.174603
16 0.001516 3 0 PTP 11 1_2_-3334_66
13 0.001516 2 11
16 0.001516 3 0 PTP 12 1_3_-3334_65
15 0.001516 3 0 PTP 12 3_4_-3334_67
16 0.001516 3 0 PTP 14 1_5_-3334_64
15 0.001516 3 0 PTP 14 5_7_-3334_68
13 0.001516 2 12
15 0.001516 3 0 PTP 14 5_6_-3334_69
13 0.001516 2 14
9 0.001516 8 5 5000000000.000000
9 0.001516 8 3 5000000000.000000
9 0.001516 8 2 5000000000.000000
10 0.001516 8 5 5000000000.000000
10 0.001516 8 3 5000000000.000000
10 0.001516 8 2 5000000000.000000
12 0.001516 2 14 19
12 0.001516 2 12 19
12 0.001516 2 11 19
9 0.001717 12 9 38492063.492063
9 0.001717 12 9 1924603.174603
9 0.001717 12 9 38492063.492063
9 0.001717 12 9 1924603.174603
9 0.001717 12 9 38492063.492063
9 0.001717 12 9 1924603.174603
10 0.001718 12 9 38492063.492063
10 0.001718 12 9 1924603.174603
10 0.001718 12 9 38492063.492063
10 0.001718 12 9 1924603.174603
10 0.001718 12 9 38492063.492063
10 0.001718 12 9 1924603.174603
16 0.001718 3 0 PTP 15 5_6_-3334_69
13 0.001718 2 15
16 0.001718 3 0 PTP 16 5_7_-3334_68
15 0.001718 3 0 PTP 16 7_8_-3334_70
16 0.001718 3 0 PTP 13 3_4_-3334_67
13 0.001718 2 13
13 0.001718 2 16
9 0.001718 8 7 5000000000.000000
9 0.001718 8 4 5000000000.000000
9 0.001718 8 6 5000000000.000000
10 0.001718 8 7 5000000000.000000
10 0.001718 8 4 5000000000.000000
10 0.001718 8 6 5000000000.000000
12 0.001718 2 16 19
12 0.001718 2 13 19
12 0.001718 2 15 19
9 0.001919 12 9 101510500.000000
9 0.001919 12 9 5075525.000000
10 0.001919 12 9 101510500.000000
10 0.001919 12 9 5075525.000000
16 0.001919 3 0 PTP 17 7_8_-3334_70
13 0.001919 2 17
9 0.001919 8 8 5000000000.000000
10 0.001919 8 8 5000000000.000000
12 0.001919 2 17 19
13 0.001919 2 17
7 0.001919 1 17
13 0.001919 2 10
7 0.001919 1 10
13 0.001919 2 14
7 0.001919 1 14
13 0.001919 2 12
7 0.001919 1 12
13 0.001919 2 11
7 0.001919 1 11
13 0.001919 2 16
7 0.001919 1 16
13 0.001919 2 13
7 0.001919 1 13
13 0.001919 2 15
7 0.001919 1 15
7 0.001919 6 1
7 0.001919 6 2
7 0.001919 6 3
7 0.001919 6 4
7 0.001919 6 5
7 0.001919 6 6
7 0.001919 6 7
7 0.001919 6 8
7 0.001919 9 9
