#This file was generated using SimGrid-3.20.0
#[./a.out --cfg=smpi/privatization:1 --cfg=surf/precision:1e-9 --cfg=network/model:SMPI --cfg=tracing:yes --cfg=tracing/smpi:yes --cfg=tracing/smpi/internals:yes --cfg=tracing/uncategorized:yes --cfg=tracing/filename:trace_files/bcast_ccgraph.trace ../platforms/ccgraph/config.xml smpitmp-appGaCiFP ]
%EventDef PajeDefineContainerType 0
%       Alias string
%       Type string
%       Name string
%EndEventDef
%EventDef PajeDefineVariableType 1
%       Alias string
%       Type string
%       Name string
%       Color color
%EndEventDef
%EventDef PajeDefineStateType 2
%       Alias string
%       Type string
%       Name string
%EndEventDef
%EventDef PajeDefineEventType 3
%       Alias string
%       Type string
%       Name string
%EndEventDef
%EventDef PajeDefineLinkType 4
%       Alias string
%       Type string
%       StartContainerType string
%       EndContainerType string
%       Name string
%EndEventDef
%EventDef PajeDefineEntityValue 5
%       Alias string
%       Type string
%       Name string
%       Color color
%EndEventDef
%EventDef PajeCreateContainer 6
%       Time date
%       Alias string
%       Type string
%       Container string
%       Name string
%EndEventDef
%EventDef PajeDestroyContainer 7
%       Time date
%       Type string
%       Name string
%EndEventDef
%EventDef PajeSetVariable 8
%       Time date
%       Type string
%       Container string
%       Value double
%EndEventDef
%EventDef PajeAddVariable 9
%       Time date
%       Type string
%       Container string
%       Value double
%EndEventDef
%EventDef PajeSubVariable 10
%       Time date
%       Type string
%       Container string
%       Value double
%EndEventDef
%EventDef PajeSetState 11
%       Time date
%       Type string
%       Container string
%       Value string
%EndEventDef
%EventDef PajePushState 12
%       Time date
%       Type string
%       Container string
%       Value string
%EndEventDef
%EventDef PajePopState 13
%       Time date
%       Type string
%       Container string
%EndEventDef
%EventDef PajeResetState 14
%       Time date
%       Type string
%       Container string
%EndEventDef
%EventDef PajeStartLink 15
%       Time date
%       Type string
%       Container string
%       Value string
%       StartContainer string
%       Key string
%EndEventDef
%EventDef PajeEndLink 16
%       Time date
%       Type string
%       Container string
%       Value string
%       EndContainer string
%       Key string
%EndEventDef
%EventDef PajeNewEvent 17
%       Time date
%       Type string
%       Container string
%       Value string
%EndEventDef
0 1 0 MPI
2 2 1 MPI_STATE
4 3 0 1 1 MPI_LINK
4 4 0 1 1 MIGRATE_LINK
2 5 1 MIGRATE_STATE
0 6 0 HOST
6 0.000000 1 6 0 "host0"
1 7 6 power "1 1 1"
1 8 6 power_used "0.5 0.5 0.5"
6 0.000000 2 6 0 "host1"
6 0.000000 3 6 0 "host2"
6 0.000000 4 6 0 "host3"
6 0.000000 5 6 0 "host4"
6 0.000000 6 6 0 "host5"
6 0.000000 7 6 0 "host6"
6 0.000000 8 6 0 "host7"
6 0.000000 9 6 0 "host8"
0 9 0 LINK
6 0.000000 10 9 0 "link0"
1 10 9 bandwidth "1 1 1"
1 11 9 latency "1 1 1"
1 12 9 bandwidth_used "0.5 0.5 0.5"
4 13 0 9 6 0-LINK9-HOST6
4 14 0 6 9 0-HOST6-LINK9
8 0.000000 7 1 5000000000.000000
8 0.000000 7 2 5000000000.000000
8 0.000000 7 3 5000000000.000000
8 0.000000 7 4 5000000000.000000
8 0.000000 7 5 5000000000.000000
8 0.000000 7 6 5000000000.000000
8 0.000000 7 7 5000000000.000000
8 0.000000 7 8 5000000000.000000
8 0.000000 7 9 5000000000.000000
8 0.000000 10 10 125000000.000000
8 0.000000 11 10 0.000100
15 0.000000 13 0 topology 10 0
16 0.000000 13 0 topology 2 0
15 0.000000 13 0 topology 10 1
16 0.000000 13 0 topology 3 1
15 0.000000 13 0 topology 10 2
16 0.000000 13 0 topology 4 2
15 0.000000 13 0 topology 10 3
16 0.000000 13 0 topology 5 3
15 0.000000 13 0 topology 10 4
16 0.000000 13 0 topology 6 4
15 0.000000 13 0 topology 10 5
16 0.000000 13 0 topology 7 5
15 0.000000 13 0 topology 10 6
16 0.000000 13 0 topology 8 6
15 0.000000 13 0 topology 10 7
16 0.000000 13 0 topology 9 7
15 0.000000 14 0 topology 1 8
16 0.000000 14 0 topology 10 8
6 0.000000 11 1 0 "rank-1"
5 15 2 PMPI_Init "0 1 0"
6 0.000000 12 1 0 "rank-2"
6 0.000000 13 1 0 "rank-3"
6 0.000000 14 1 0 "rank-4"
6 0.000000 15 1 0 "rank-5"
6 0.000000 16 1 0 "rank-6"
6 0.000000 17 1 0 "rank-7"
6 0.000000 18 1 0 "rank-8"
6 0.000000 19 1 0 "rank-9"
12 0.000000 2 11 15
13 0.000000 2 11
12 0.000000 2 12 15
13 0.000000 2 12
12 0.000000 2 13 15
13 0.000000 2 13
12 0.000000 2 14 15
13 0.000000 2 14
12 0.000000 2 15 15
13 0.000000 2 15
12 0.000000 2 16 15
13 0.000000 2 16
12 0.000000 2 17 15
13 0.000000 2 17
12 0.000000 2 18 15
13 0.000000 2 18
12 0.000000 2 19 15
13 0.000000 2 19
8 0.000000 8 6 0.000000
9 0.000000 8 6 5000000000.000000
8 0.000000 8 7 0.000000
9 0.000000 8 7 5000000000.000000
8 0.000000 8 5 0.000000
9 0.000000 8 5 5000000000.000000
8 0.000000 8 4 0.000000
9 0.000000 8 4 5000000000.000000
8 0.000000 8 3 0.000000
9 0.000000 8 3 5000000000.000000
8 0.000000 8 8 0.000000
9 0.000000 8 8 5000000000.000000
8 0.000000 8 9 0.000000
9 0.000000 8 9 5000000000.000000
8 0.000000 8 2 0.000000
9 0.000000 8 2 5000000000.000000
8 0.000000 8 1 0.000000
9 0.000000 8 1 5000000000.000000
5 16 2 PMPI_Bcast "0 0.78 0.39"
5 17 2 PMPI_Finalize "0 1 0"
10 0.000000 8 6 5000000000.000000
10 0.000000 8 7 5000000000.000000
10 0.000000 8 5 5000000000.000000
10 0.000000 8 4 5000000000.000000
10 0.000000 8 3 5000000000.000000
10 0.000000 8 8 5000000000.000000
10 0.000000 8 9 5000000000.000000
10 0.000000 8 2 5000000000.000000
10 0.000000 8 1 5000000000.000000
12 0.000000 2 16 16
12 0.000000 2 17 16
12 0.000000 2 15 16
12 0.000000 2 14 16
12 0.000000 2 13 16
12 0.000000 2 18 16
12 0.000000 2 19 16
12 0.000000 2 12 16
12 0.000000 2 11 16
15 0.000000 3 0 PTP 11 1_9_-3334_1
15 0.000000 3 0 PTP 11 1_5_-3334_2
15 0.000000 3 0 PTP 11 1_3_-3334_3
15 0.000000 3 0 PTP 11 1_2_-3334_4
13 0.000000 2 11
9 0.000000 8 1 5000000000.000000
10 0.000000 8 1 5000000000.000000
12 0.000000 2 11 17
8 0.000219 12 10 0.000000
9 0.000219 12 10 28869047.619048
9 0.000219 12 10 1443452.380952
9 0.000219 12 10 28869047.619048
9 0.000219 12 10 1443452.380952
9 0.000219 12 10 28869047.619048
9 0.000219 12 10 1443452.380952
9 0.000219 12 10 28869047.619048
9 0.000219 12 10 1443452.380952
10 0.000503 12 10 28869047.619048
10 0.000503 12 10 1443452.380952
10 0.000503 12 10 28869047.619048
10 0.000503 12 10 1443452.380952
10 0.000503 12 10 28869047.619048
10 0.000503 12 10 1443452.380952
10 0.000503 12 10 28869047.619048
10 0.000503 12 10 1443452.380952
16 0.000503 3 0 PTP 12 1_2_-3334_4
13 0.000503 2 12
16 0.000503 3 0 PTP 13 1_3_-3334_3
15 0.000503 3 0 PTP 13 3_4_-3334_5
16 0.000503 3 0 PTP 15 1_5_-3334_2
15 0.000503 3 0 PTP 15 5_7_-3334_6
16 0.000503 3 0 PTP 19 1_9_-3334_1
13 0.000503 2 19
13 0.000503 2 13
15 0.000503 3 0 PTP 15 5_6_-3334_7
13 0.000503 2 15
9 0.000503 8 3 5000000000.000000
9 0.000503 8 5 5000000000.000000
9 0.000503 8 9 5000000000.000000
9 0.000503 8 2 5000000000.000000
10 0.000503 8 3 5000000000.000000
10 0.000503 8 5 5000000000.000000
10 0.000503 8 9 5000000000.000000
10 0.000503 8 2 5000000000.000000
12 0.000503 2 13 17
12 0.000503 2 15 17
12 0.000503 2 19 17
12 0.000503 2 12 17
9 0.000721 12 10 38492063.492063
9 0.000721 12 10 1924603.174603
9 0.000721 12 10 38492063.492063
9 0.000721 12 10 1924603.174603
9 0.000721 12 10 38492063.492063
9 0.000721 12 10 1924603.174603
10 0.000934 12 10 38492063.492063
10 0.000934 12 10 1924603.174603
10 0.000934 12 10 38492063.492063
10 0.000934 12 10 1924603.174603
10 0.000934 12 10 38492063.492063
10 0.000934 12 10 1924603.174603
16 0.000934 3 0 PTP 16 5_6_-3334_7
13 0.000934 2 16
16 0.000934 3 0 PTP 17 5_7_-3334_6
15 0.000934 3 0 PTP 17 7_8_-3334_8
16 0.000934 3 0 PTP 14 3_4_-3334_5
13 0.000934 2 14
13 0.000934 2 17
9 0.000934 8 7 5000000000.000000
9 0.000934 8 4 5000000000.000000
9 0.000934 8 6 5000000000.000000
10 0.000934 8 7 5000000000.000000
10 0.000934 8 4 5000000000.000000
10 0.000934 8 6 5000000000.000000
12 0.000934 2 17 17
12 0.000934 2 14 17
12 0.000934 2 16 17
9 0.001153 12 10 115476190.476190
9 0.001153 12 10 5773809.523810
10 0.001224 12 10 115476190.476190
10 0.001224 12 10 5773809.523810
16 0.001224 3 0 PTP 18 7_8_-3334_8
13 0.001224 2 18
9 0.001224 8 8 5000000000.000000
10 0.001224 8 8 5000000000.000000
12 0.001224 2 18 17
13 0.001224 2 18
7 0.001224 1 18
13 0.001224 2 11
7 0.001224 1 11
13 0.001224 2 13
7 0.001224 1 13
13 0.001224 2 15
7 0.001224 1 15
13 0.001224 2 19
7 0.001224 1 19
13 0.001224 2 12
7 0.001224 1 12
13 0.001224 2 17
7 0.001224 1 17
13 0.001224 2 14
7 0.001224 1 14
13 0.001224 2 16
7 0.001224 1 16
7 0.001224 6 1
7 0.001224 6 2
7 0.001224 6 3
7 0.001224 6 4
7 0.001224 6 5
7 0.001224 6 6
7 0.001224 6 7
7 0.001224 6 8
7 0.001224 6 9
7 0.001224 9 10
