#This file was generated using SimGrid-3.20.0
#[./a.out --cfg=smpi/privatization:1 --cfg=surf/precision:1e-9 --cfg=network/model:SMPI --cfg=tracing:yes --cfg=tracing/smpi:yes --cfg=tracing/smpi/internals:yes --cfg=tracing/filename:trace_files/bcast_ring.trace ../platforms/ring/config.xml smpitmp-appxet3IA ]
%EventDef PajeDefineContainerType 0
%       Alias string
%       Type string
%       Name string
%EndEventDef
%EventDef PajeDefineVariableType 1
%       Alias string
%       Type string
%       Name string
%       Color color
%EndEventDef
%EventDef PajeDefineStateType 2
%       Alias string
%       Type string
%       Name string
%EndEventDef
%EventDef PajeDefineEventType 3
%       Alias string
%       Type string
%       Name string
%EndEventDef
%EventDef PajeDefineLinkType 4
%       Alias string
%       Type string
%       StartContainerType string
%       EndContainerType string
%       Name string
%EndEventDef
%EventDef PajeDefineEntityValue 5
%       Alias string
%       Type string
%       Name string
%       Color color
%EndEventDef
%EventDef PajeCreateContainer 6
%       Time date
%       Alias string
%       Type string
%       Container string
%       Name string
%EndEventDef
%EventDef PajeDestroyContainer 7
%       Time date
%       Type string
%       Name string
%EndEventDef
%EventDef PajeSetVariable 8
%       Time date
%       Type string
%       Container string
%       Value double
%EndEventDef
%EventDef PajeAddVariable 9
%       Time date
%       Type string
%       Container string
%       Value double
%EndEventDef
%EventDef PajeSubVariable 10
%       Time date
%       Type string
%       Container string
%       Value double
%EndEventDef
%EventDef PajeSetState 11
%       Time date
%       Type string
%       Container string
%       Value string
%EndEventDef
%EventDef PajePushState 12
%       Time date
%       Type string
%       Container string
%       Value string
%EndEventDef
%EventDef PajePopState 13
%       Time date
%       Type string
%       Container string
%EndEventDef
%EventDef PajeResetState 14
%       Time date
%       Type string
%       Container string
%EndEventDef
%EventDef PajeStartLink 15
%       Time date
%       Type string
%       Container string
%       Value string
%       StartContainer string
%       Key string
%EndEventDef
%EventDef PajeEndLink 16
%       Time date
%       Type string
%       Container string
%       Value string
%       EndContainer string
%       Key string
%EndEventDef
%EventDef PajeNewEvent 17
%       Time date
%       Type string
%       Container string
%       Value string
%EndEventDef
0 1 0 MPI
2 2 1 MPI_STATE
4 3 0 1 1 MPI_LINK
4 4 0 1 1 MIGRATE_LINK
2 5 1 MIGRATE_STATE
6 0.000000 1 1 0 "rank-1"
5 6 2 PMPI_Init "0 1 0"
6 0.000000 2 1 0 "rank-2"
6 0.000000 3 1 0 "rank-3"
6 0.000000 4 1 0 "rank-4"
6 0.000000 5 1 0 "rank-5"
6 0.000000 6 1 0 "rank-6"
6 0.000000 7 1 0 "rank-7"
6 0.000000 8 1 0 "rank-8"
12 0.000000 2 1 6
13 0.000000 2 1
12 0.000000 2 2 6
13 0.000000 2 2
12 0.000000 2 3 6
13 0.000000 2 3
12 0.000000 2 4 6
13 0.000000 2 4
12 0.000000 2 5 6
13 0.000000 2 5
12 0.000000 2 6 6
13 0.000000 2 6
12 0.000000 2 7 6
13 0.000000 2 7
12 0.000000 2 8 6
13 0.000000 2 8
5 7 2 PMPI_Bcast "0 0.78 0.39"
5 8 2 PMPI_Finalize "0 1 0"
12 0.000000 2 6 7
12 0.000000 2 7 7
12 0.000000 2 5 7
12 0.000000 2 8 7
12 0.000000 2 4 7
12 0.000000 2 3 7
12 0.000000 2 2 7
12 0.000000 2 1 7
15 0.000000 3 0 PTP 1 1_5_-3334_1
15 0.000000 3 0 PTP 1 1_3_-3334_2
15 0.000000 3 0 PTP 1 1_2_-3334_3
13 0.000000 2 1
12 0.000000 2 1 8
16 0.000202 3 0 PTP 2 1_2_-3334_3
13 0.000202 2 2
12 0.000202 2 2 8
16 0.000403 3 0 PTP 3 1_3_-3334_2
15 0.000403 3 0 PTP 3 3_4_-3334_4
13 0.000403 2 3
12 0.000403 2 3 8
16 0.000605 3 0 PTP 4 3_4_-3334_4
13 0.000605 2 4
12 0.000605 2 4 8
16 0.000806 3 0 PTP 5 1_5_-3334_1
15 0.000806 3 0 PTP 5 5_7_-3334_5
15 0.000806 3 0 PTP 5 5_6_-3334_6
13 0.000806 2 5
12 0.000806 2 5 8
16 0.001008 3 0 PTP 6 5_6_-3334_6
13 0.001008 2 6
12 0.001008 2 6 8
16 0.001209 3 0 PTP 7 5_7_-3334_5
15 0.001209 3 0 PTP 7 7_8_-3334_7
13 0.001209 2 7
12 0.001209 2 7 8
16 0.001411 3 0 PTP 8 7_8_-3334_7
13 0.001411 2 8
12 0.001411 2 8 8
13 0.001411 2 8
7 0.001411 1 8
13 0.001411 2 1
7 0.001411 1 1
13 0.001411 2 2
7 0.001411 1 2
13 0.001411 2 3
7 0.001411 1 3
13 0.001411 2 4
7 0.001411 1 4
13 0.001411 2 5
7 0.001411 1 5
13 0.001411 2 6
7 0.001411 1 6
13 0.001411 2 7
7 0.001411 1 7
