#This file was generated using SimGrid-3.20.0
#[./a.out --cfg=smpi/privatization:1 --cfg=surf/precision:1e-9 --cfg=network/model:SMPI --cfg=tracing:yes --cfg=tracing/smpi:yes --cfg=tracing/smpi/internals:yes --cfg=tracing/uncategorized:yes --cfg=tracing/filename:trace_files/reduce_ccgraph.trace ../platforms/ccgraph/config.xml smpitmp-app0ggx7A ]
%EventDef PajeDefineContainerType 0
%       Alias string
%       Type string
%       Name string
%EndEventDef
%EventDef PajeDefineVariableType 1
%       Alias string
%       Type string
%       Name string
%       Color color
%EndEventDef
%EventDef PajeDefineStateType 2
%       Alias string
%       Type string
%       Name string
%EndEventDef
%EventDef PajeDefineEventType 3
%       Alias string
%       Type string
%       Name string
%EndEventDef
%EventDef PajeDefineLinkType 4
%       Alias string
%       Type string
%       StartContainerType string
%       EndContainerType string
%       Name string
%EndEventDef
%EventDef PajeDefineEntityValue 5
%       Alias string
%       Type string
%       Name string
%       Color color
%EndEventDef
%EventDef PajeCreateContainer 6
%       Time date
%       Alias string
%       Type string
%       Container string
%       Name string
%EndEventDef
%EventDef PajeDestroyContainer 7
%       Time date
%       Type string
%       Name string
%EndEventDef
%EventDef PajeSetVariable 8
%       Time date
%       Type string
%       Container string
%       Value double
%EndEventDef
%EventDef PajeAddVariable 9
%       Time date
%       Type string
%       Container string
%       Value double
%EndEventDef
%EventDef PajeSubVariable 10
%       Time date
%       Type string
%       Container string
%       Value double
%EndEventDef
%EventDef PajeSetState 11
%       Time date
%       Type string
%       Container string
%       Value string
%EndEventDef
%EventDef PajePushState 12
%       Time date
%       Type string
%       Container string
%       Value string
%EndEventDef
%EventDef PajePopState 13
%       Time date
%       Type string
%       Container string
%EndEventDef
%EventDef PajeResetState 14
%       Time date
%       Type string
%       Container string
%EndEventDef
%EventDef PajeStartLink 15
%       Time date
%       Type string
%       Container string
%       Value string
%       StartContainer string
%       Key string
%EndEventDef
%EventDef PajeEndLink 16
%       Time date
%       Type string
%       Container string
%       Value string
%       EndContainer string
%       Key string
%EndEventDef
%EventDef PajeNewEvent 17
%       Time date
%       Type string
%       Container string
%       Value string
%EndEventDef
0 1 0 MPI
2 2 1 MPI_STATE
4 3 0 1 1 MPI_LINK
4 4 0 1 1 MIGRATE_LINK
2 5 1 MIGRATE_STATE
0 6 0 HOST
6 0.000000 1 6 0 "host0"
1 7 6 power "1 1 1"
1 8 6 power_used "0.5 0.5 0.5"
6 0.000000 2 6 0 "host1"
6 0.000000 3 6 0 "host2"
6 0.000000 4 6 0 "host3"
6 0.000000 5 6 0 "host4"
6 0.000000 6 6 0 "host5"
6 0.000000 7 6 0 "host6"
6 0.000000 8 6 0 "host7"
6 0.000000 9 6 0 "host8"
0 9 0 LINK
6 0.000000 10 9 0 "link0"
1 10 9 bandwidth "1 1 1"
1 11 9 latency "1 1 1"
1 12 9 bandwidth_used "0.5 0.5 0.5"
4 13 0 9 6 0-LINK9-HOST6
4 14 0 6 9 0-HOST6-LINK9
8 0.000000 7 1 5000000000.000000
8 0.000000 7 2 5000000000.000000
8 0.000000 7 3 5000000000.000000
8 0.000000 7 4 5000000000.000000
8 0.000000 7 5 5000000000.000000
8 0.000000 7 6 5000000000.000000
8 0.000000 7 7 5000000000.000000
8 0.000000 7 8 5000000000.000000
8 0.000000 7 9 5000000000.000000
8 0.000000 10 10 125000000.000000
8 0.000000 11 10 0.000100
15 0.000000 13 0 topology 10 0
16 0.000000 13 0 topology 2 0
15 0.000000 13 0 topology 10 1
16 0.000000 13 0 topology 3 1
15 0.000000 13 0 topology 10 2
16 0.000000 13 0 topology 4 2
15 0.000000 13 0 topology 10 3
16 0.000000 13 0 topology 5 3
15 0.000000 13 0 topology 10 4
16 0.000000 13 0 topology 6 4
15 0.000000 13 0 topology 10 5
16 0.000000 13 0 topology 7 5
15 0.000000 13 0 topology 10 6
16 0.000000 13 0 topology 8 6
15 0.000000 13 0 topology 10 7
16 0.000000 13 0 topology 9 7
15 0.000000 14 0 topology 1 8
16 0.000000 14 0 topology 10 8
6 0.000000 11 1 0 "rank-1"
5 15 2 PMPI_Init "0 1 0"
6 0.000000 12 1 0 "rank-2"
6 0.000000 13 1 0 "rank-3"
6 0.000000 14 1 0 "rank-4"
6 0.000000 15 1 0 "rank-5"
6 0.000000 16 1 0 "rank-6"
6 0.000000 17 1 0 "rank-7"
6 0.000000 18 1 0 "rank-8"
6 0.000000 19 1 0 "rank-9"
12 0.000000 2 11 15
13 0.000000 2 11
12 0.000000 2 12 15
13 0.000000 2 12
12 0.000000 2 13 15
13 0.000000 2 13
12 0.000000 2 14 15
13 0.000000 2 14
12 0.000000 2 15 15
13 0.000000 2 15
12 0.000000 2 16 15
13 0.000000 2 16
12 0.000000 2 17 15
13 0.000000 2 17
12 0.000000 2 18 15
13 0.000000 2 18
12 0.000000 2 19 15
13 0.000000 2 19
8 0.000000 8 4 0.000000
9 0.000000 8 4 5000000000.000000
8 0.000000 8 2 0.000000
9 0.000000 8 2 5000000000.000000
8 0.000000 8 3 0.000000
9 0.000000 8 3 5000000000.000000
8 0.000000 8 9 0.000000
9 0.000000 8 9 5000000000.000000
8 0.000000 8 6 0.000000
9 0.000000 8 6 5000000000.000000
8 0.000000 8 5 0.000000
9 0.000000 8 5 5000000000.000000
8 0.000000 8 8 0.000000
9 0.000000 8 8 5000000000.000000
8 0.000000 8 7 0.000000
9 0.000000 8 7 5000000000.000000
8 0.000000 8 1 0.000000
9 0.000000 8 1 5000000000.000000
5 16 2 PMPI_Reduce "0 1 0"
5 17 2 PMPI_Barrier "0 0.78 0.78"
5 18 2 PMPI_Finalize "0 1 0"
10 0.000000 8 4 5000000000.000000
10 0.000000 8 2 5000000000.000000
10 0.000000 8 3 5000000000.000000
10 0.000000 8 9 5000000000.000000
10 0.000000 8 6 5000000000.000000
10 0.000000 8 5 5000000000.000000
10 0.000000 8 8 5000000000.000000
10 0.000000 8 7 5000000000.000000
10 0.000000 8 1 5000000000.000000
12 0.000000 2 14 16
15 0.000000 3 0 PTP 14 4_1_-112_1
12 0.000000 2 12 16
15 0.000000 3 0 PTP 12 2_1_-112_2
12 0.000000 2 13 16
15 0.000000 3 0 PTP 13 3_1_-112_3
12 0.000000 2 19 16
15 0.000000 3 0 PTP 19 9_1_-112_4
12 0.000000 2 16 16
15 0.000000 3 0 PTP 16 6_1_-112_5
12 0.000000 2 15 16
15 0.000000 3 0 PTP 15 5_1_-112_6
12 0.000000 2 18 16
15 0.000000 3 0 PTP 18 8_1_-112_7
12 0.000000 2 17 16
15 0.000000 3 0 PTP 17 7_1_-112_8
12 0.000000 2 11 16
13 0.000000 2 14
13 0.000000 2 12
13 0.000000 2 13
13 0.000000 2 19
13 0.000000 2 16
13 0.000000 2 15
13 0.000000 2 18
13 0.000000 2 17
9 0.000000 8 7 5000000000.000000
9 0.000000 8 9 5000000000.000000
9 0.000000 8 8 5000000000.000000
9 0.000000 8 5 5000000000.000000
9 0.000000 8 3 5000000000.000000
9 0.000000 8 6 5000000000.000000
9 0.000000 8 2 5000000000.000000
9 0.000000 8 4 5000000000.000000
10 0.000000 8 7 5000000000.000000
10 0.000000 8 9 5000000000.000000
10 0.000000 8 8 5000000000.000000
10 0.000000 8 5 5000000000.000000
10 0.000000 8 3 5000000000.000000
10 0.000000 8 6 5000000000.000000
10 0.000000 8 2 5000000000.000000
10 0.000000 8 4 5000000000.000000
12 0.000000 2 17 17
15 0.000000 3 0 PTP 17 7_1_-778_9
12 0.000000 2 19 17
15 0.000000 3 0 PTP 19 9_1_-778_10
12 0.000000 2 18 17
15 0.000000 3 0 PTP 18 8_1_-778_11
12 0.000000 2 15 17
15 0.000000 3 0 PTP 15 5_1_-778_12
12 0.000000 2 13 17
15 0.000000 3 0 PTP 13 3_1_-778_13
12 0.000000 2 16 17
15 0.000000 3 0 PTP 16 6_1_-778_14
12 0.000000 2 12 17
15 0.000000 3 0 PTP 12 2_1_-778_15
12 0.000000 2 14 17
15 0.000000 3 0 PTP 14 4_1_-778_16
8 0.000201 12 10 0.000000
9 0.000201 12 10 14434523.809524
9 0.000201 12 10 721726.190476
9 0.000201 12 10 14434523.809524
9 0.000201 12 10 721726.190476
9 0.000201 12 10 14434523.809524
9 0.000201 12 10 721726.190476
9 0.000201 12 10 14434523.809524
9 0.000201 12 10 721726.190476
9 0.000201 12 10 14434523.809524
9 0.000201 12 10 721726.190476
9 0.000201 12 10 14434523.809524
9 0.000201 12 10 721726.190476
9 0.000201 12 10 14434523.809524
9 0.000201 12 10 721726.190476
9 0.000201 12 10 14434523.809524
9 0.000201 12 10 721726.190476
10 0.000202 12 10 14434523.809524
10 0.000202 12 10 721726.190476
10 0.000202 12 10 14434523.809524
10 0.000202 12 10 721726.190476
10 0.000202 12 10 14434523.809524
10 0.000202 12 10 721726.190476
10 0.000202 12 10 14434523.809524
10 0.000202 12 10 721726.190476
10 0.000202 12 10 14434523.809524
10 0.000202 12 10 721726.190476
10 0.000202 12 10 14434523.809524
10 0.000202 12 10 721726.190476
10 0.000202 12 10 14434523.809524
10 0.000202 12 10 721726.190476
10 0.000202 12 10 14434523.809524
10 0.000202 12 10 721726.190476
16 0.000202 3 0 PTP 11 9_1_-112_4
16 0.000202 3 0 PTP 11 2_1_-112_2
16 0.000202 3 0 PTP 11 3_1_-112_3
16 0.000202 3 0 PTP 11 4_1_-112_1
16 0.000202 3 0 PTP 11 5_1_-112_6
16 0.000202 3 0 PTP 11 6_1_-112_5
16 0.000202 3 0 PTP 11 7_1_-112_8
16 0.000202 3 0 PTP 11 8_1_-112_7
13 0.000202 2 11
9 0.000202 8 1 5000000000.000000
10 0.000202 8 1 5000000000.000000
12 0.000202 2 11 17
9 0.000302 12 10 14434523.809524
10 0.000302 12 10 14434523.809524
9 0.000302 12 10 721726.190476
10 0.000302 12 10 721726.190476
9 0.000302 12 10 14434523.809524
10 0.000302 12 10 14434523.809524
9 0.000302 12 10 721726.190476
10 0.000302 12 10 721726.190476
9 0.000302 12 10 14434523.809524
10 0.000302 12 10 14434523.809524
9 0.000302 12 10 721726.190476
10 0.000302 12 10 721726.190476
9 0.000302 12 10 14434523.809524
10 0.000302 12 10 14434523.809524
9 0.000302 12 10 721726.190476
10 0.000302 12 10 721726.190476
9 0.000302 12 10 14434523.809524
10 0.000302 12 10 14434523.809524
9 0.000302 12 10 721726.190476
10 0.000302 12 10 721726.190476
9 0.000302 12 10 14434523.809524
10 0.000302 12 10 14434523.809524
9 0.000302 12 10 721726.190476
10 0.000302 12 10 721726.190476
9 0.000302 12 10 14434523.809524
10 0.000302 12 10 14434523.809524
9 0.000302 12 10 721726.190476
10 0.000302 12 10 721726.190476
9 0.000302 12 10 14434523.809524
10 0.000302 12 10 14434523.809524
9 0.000302 12 10 721726.190476
10 0.000302 12 10 721726.190476
16 0.000302 3 0 PTP 11 4_1_-778_16
16 0.000302 3 0 PTP 11 7_1_-778_9
16 0.000302 3 0 PTP 11 9_1_-778_10
16 0.000302 3 0 PTP 11 8_1_-778_11
16 0.000302 3 0 PTP 11 5_1_-778_12
16 0.000302 3 0 PTP 11 3_1_-778_13
16 0.000302 3 0 PTP 11 6_1_-778_14
16 0.000302 3 0 PTP 11 2_1_-778_15
15 0.000302 3 0 PTP 11 1_2_-778_17
15 0.000302 3 0 PTP 11 1_3_-778_18
15 0.000302 3 0 PTP 11 1_4_-778_19
15 0.000302 3 0 PTP 11 1_5_-778_20
15 0.000302 3 0 PTP 11 1_6_-778_21
15 0.000302 3 0 PTP 11 1_7_-778_22
15 0.000302 3 0 PTP 11 1_8_-778_23
15 0.000302 3 0 PTP 11 1_9_-778_24
13 0.000302 2 11
9 0.000302 8 1 5000000000.000000
10 0.000302 8 1 5000000000.000000
12 0.000302 2 11 18
9 0.000402 12 10 14434523.809524
10 0.000402 12 10 14434523.809524
9 0.000402 12 10 721726.190476
10 0.000402 12 10 721726.190476
9 0.000402 12 10 14434523.809524
10 0.000402 12 10 14434523.809524
9 0.000402 12 10 721726.190476
10 0.000402 12 10 721726.190476
9 0.000402 12 10 14434523.809524
10 0.000402 12 10 14434523.809524
9 0.000402 12 10 721726.190476
10 0.000402 12 10 721726.190476
9 0.000402 12 10 14434523.809524
10 0.000402 12 10 14434523.809524
9 0.000402 12 10 721726.190476
10 0.000402 12 10 721726.190476
9 0.000402 12 10 14434523.809524
10 0.000402 12 10 14434523.809524
9 0.000402 12 10 721726.190476
10 0.000402 12 10 721726.190476
9 0.000402 12 10 14434523.809524
10 0.000402 12 10 14434523.809524
9 0.000402 12 10 721726.190476
10 0.000402 12 10 721726.190476
9 0.000402 12 10 14434523.809524
10 0.000402 12 10 14434523.809524
9 0.000402 12 10 721726.190476
10 0.000402 12 10 721726.190476
9 0.000402 12 10 14434523.809524
10 0.000402 12 10 14434523.809524
9 0.000402 12 10 721726.190476
10 0.000402 12 10 721726.190476
16 0.000402 3 0 PTP 19 1_9_-778_24
13 0.000402 2 19
16 0.000402 3 0 PTP 18 1_8_-778_23
13 0.000402 2 18
16 0.000402 3 0 PTP 17 1_7_-778_22
13 0.000402 2 17
16 0.000402 3 0 PTP 16 1_6_-778_21
13 0.000402 2 16
16 0.000402 3 0 PTP 15 1_5_-778_20
13 0.000402 2 15
16 0.000402 3 0 PTP 14 1_4_-778_19
13 0.000402 2 14
16 0.000402 3 0 PTP 13 1_3_-778_18
13 0.000402 2 13
16 0.000402 3 0 PTP 12 1_2_-778_17
13 0.000402 2 12
9 0.000402 8 6 5000000000.000000
9 0.000402 8 4 5000000000.000000
9 0.000402 8 5 5000000000.000000
9 0.000402 8 8 5000000000.000000
9 0.000402 8 3 5000000000.000000
9 0.000402 8 7 5000000000.000000
9 0.000402 8 2 5000000000.000000
9 0.000402 8 9 5000000000.000000
10 0.000402 8 6 5000000000.000000
10 0.000402 8 4 5000000000.000000
10 0.000402 8 5 5000000000.000000
10 0.000402 8 8 5000000000.000000
10 0.000402 8 3 5000000000.000000
10 0.000402 8 7 5000000000.000000
10 0.000402 8 2 5000000000.000000
10 0.000402 8 9 5000000000.000000
12 0.000402 2 16 18
12 0.000402 2 14 18
12 0.000402 2 15 18
12 0.000402 2 18 18
12 0.000402 2 13 18
12 0.000402 2 17 18
12 0.000402 2 12 18
12 0.000402 2 19 18
13 0.000402 2 19
7 0.000402 1 19
13 0.000402 2 11
7 0.000402 1 11
13 0.000402 2 16
7 0.000402 1 16
13 0.000402 2 14
7 0.000402 1 14
13 0.000402 2 15
7 0.000402 1 15
13 0.000402 2 18
7 0.000402 1 18
13 0.000402 2 13
7 0.000402 1 13
13 0.000402 2 17
7 0.000402 1 17
13 0.000402 2 12
7 0.000402 1 12
7 0.000402 6 1
7 0.000402 6 2
7 0.000402 6 3
7 0.000402 6 4
7 0.000402 6 5
7 0.000402 6 6
7 0.000402 6 7
7 0.000402 6 8
7 0.000402 6 9
7 0.000402 9 10
